[2.880s] Invoking command in '/home/sfw/project/ros2_ws/build/robox': PYTHONPATH=/home/sfw/project/ros2_ws/build/robox/prefix_override:/home/sfw/project/ros2_ws/install/robox/lib/python3.10/site-packages:${PYTHONPATH} /usr/bin/python3 -W ignore:setup.py install is deprecated setup.py develop --editable --build-directory /home/sfw/project/ros2_ws/build/robox/build --no-deps symlink_data
[4.160s] running develop
[4.160s] /usr/lib/python3/dist-packages/setuptools/command/easy_install.py:158: EasyInstallDeprecationWarning: easy_install command is deprecated. Use build and pip and other standards-based tools.
[4.161s]   warnings.warn(
[4.918s] running egg_info
[4.919s] writing robox.egg-info/PKG-INFO
[4.920s] writing dependency_links to robox.egg-info/dependency_links.txt
[4.921s] writing entry points to robox.egg-info/entry_points.txt
[4.922s] writing requirements to robox.egg-info/requires.txt
[4.922s] writing top-level names to robox.egg-info/top_level.txt
[4.930s] reading manifest file 'robox.egg-info/SOURCES.txt'
[4.934s] writing manifest file 'robox.egg-info/SOURCES.txt'
[4.941s] running build_ext
[4.943s] Creating /home/sfw/project/ros2_ws/install/robox/lib/python3.10/site-packages/robox.egg-link (link to .)
[4.947s] Installing drive_node script to /home/sfw/project/ros2_ws/install/robox/lib/robox
[4.948s] Installing key_input_node script to /home/sfw/project/ros2_ws/install/robox/lib/robox
[4.950s] 
[4.951s] Installed /home/sfw/project/ros2_ws/build/robox
[4.953s] running symlink_data
[5.117s] Invoked command in '/home/sfw/project/ros2_ws/build/robox' returned '0': PYTHONPATH=/home/sfw/project/ros2_ws/build/robox/prefix_override:/home/sfw/project/ros2_ws/install/robox/lib/python3.10/site-packages:${PYTHONPATH} /usr/bin/python3 -W ignore:setup.py install is deprecated setup.py develop --editable --build-directory /home/sfw/project/ros2_ws/build/robox/build --no-deps symlink_data
