[3.124s] Invoking command in '/home/sfw/project/robox_ws/build/robox': PYTHONPATH=/home/sfw/project/robox_ws/build/robox/prefix_override:/home/sfw/project/robox_ws/install/robox/lib/python3.10/site-packages:${PYTHONPATH} /usr/bin/python3 -W ignore:setup.py install is deprecated setup.py develop --editable --build-directory /home/sfw/project/robox_ws/build/robox/build --no-deps symlink_data
[4.647s] running develop
[4.648s] /usr/lib/python3/dist-packages/setuptools/command/easy_install.py:158: EasyInstallDeprecationWarning: easy_install command is deprecated. Use build and pip and other standards-based tools.
[4.649s]   warnings.warn(
[5.575s] running egg_info
[5.576s] writing robox.egg-info/PKG-INFO
[5.577s] writing dependency_links to robox.egg-info/dependency_links.txt
[5.578s] writing entry points to robox.egg-info/entry_points.txt
[5.579s] writing requirements to robox.egg-info/requires.txt
[5.580s] writing top-level names to robox.egg-info/top_level.txt
[5.595s] reading manifest file 'robox.egg-info/SOURCES.txt'
[5.600s] writing manifest file 'robox.egg-info/SOURCES.txt'
[5.606s] running build_ext
[5.607s] Creating /home/sfw/project/robox_ws/install/robox/lib/python3.10/site-packages/robox.egg-link (link to .)
[5.611s] Installing drive_node script to /home/sfw/project/robox_ws/install/robox/lib/robox
[5.612s] Installing dynamic_transform script to /home/sfw/project/robox_ws/install/robox/lib/robox
[5.613s] Installing encoder_node script to /home/sfw/project/robox_ws/install/robox/lib/robox
[5.614s] Installing key_input_node script to /home/sfw/project/robox_ws/install/robox/lib/robox
[5.614s] Installing lidar_node script to /home/sfw/project/robox_ws/install/robox/lib/robox
[5.616s] 
[5.616s] Installed /home/sfw/project/robox_ws/build/robox
[5.617s] running symlink_data
[5.763s] Invoked command in '/home/sfw/project/robox_ws/build/robox' returned '0': PYTHONPATH=/home/sfw/project/robox_ws/build/robox/prefix_override:/home/sfw/project/robox_ws/install/robox/lib/python3.10/site-packages:${PYTHONPATH} /usr/bin/python3 -W ignore:setup.py install is deprecated setup.py develop --editable --build-directory /home/sfw/project/robox_ws/build/robox/build --no-deps symlink_data
