[2.886s] Invoking command in '/home/sfw/project/ros2_ws/src/robox': PYTHONPATH=/home/sfw/project/ros2_ws/build/robox/prefix_override:/home/sfw/project/ros2_ws/install/robox/lib/python3.10/site-packages:${PYTHONPATH} /usr/bin/python3 -W ignore:setup.py install is deprecated setup.py egg_info --egg-base ../../build/robox build --build-base /home/sfw/project/ros2_ws/build/robox/build install --record /home/sfw/project/ros2_ws/build/robox/install.log --single-version-externally-managed install_data
[4.019s] running egg_info
[4.022s] writing ../../build/robox/robox.egg-info/PKG-INFO
[4.023s] writing dependency_links to ../../build/robox/robox.egg-info/dependency_links.txt
[4.024s] writing entry points to ../../build/robox/robox.egg-info/entry_points.txt
[4.024s] writing requirements to ../../build/robox/robox.egg-info/requires.txt
[4.025s] writing top-level names to ../../build/robox/robox.egg-info/top_level.txt
[4.033s] reading manifest file '../../build/robox/robox.egg-info/SOURCES.txt'
[4.037s] writing manifest file '../../build/robox/robox.egg-info/SOURCES.txt'
[4.038s] running build
[4.038s] running build_py
[4.040s] running install
[4.041s] running install_lib
[4.046s] running install_data
[4.047s] running install_egg_info
[4.054s] removing '/home/sfw/project/ros2_ws/install/robox/lib/python3.10/site-packages/robox-0.0.0-py3.10.egg-info' (and everything under it)
[4.061s] Copying ../../build/robox/robox.egg-info to /home/sfw/project/ros2_ws/install/robox/lib/python3.10/site-packages/robox-0.0.0-py3.10.egg-info
[4.062s] running install_scripts
[4.142s] Installing drive_node script to /home/sfw/project/ros2_ws/install/robox/lib/robox
[4.144s] writing list of installed files to '/home/sfw/project/ros2_ws/build/robox/install.log'
[4.272s] Invoked command in '/home/sfw/project/ros2_ws/src/robox' returned '0': PYTHONPATH=/home/sfw/project/ros2_ws/build/robox/prefix_override:/home/sfw/project/ros2_ws/install/robox/lib/python3.10/site-packages:${PYTHONPATH} /usr/bin/python3 -W ignore:setup.py install is deprecated setup.py egg_info --egg-base ../../build/robox build --build-base /home/sfw/project/ros2_ws/build/robox/build install --record /home/sfw/project/ros2_ws/build/robox/install.log --single-version-externally-managed install_data
