[5.394s] Invoking command in '/home/sfw/project/ros2_ws/build/robox': PYTHONPATH=/home/sfw/project/ros2_ws/build/robox/prefix_override:/home/sfw/project/ros2_ws/install/robox/lib/python3.10/site-packages:${PYTHONPATH} /usr/bin/python3 -W ignore:setup.py install is deprecated setup.py develop --editable --build-directory /home/sfw/project/ros2_ws/build/robox/build --no-deps symlink_data
[7.823s] running develop
[7.828s] /usr/lib/python3/dist-packages/setuptools/command/easy_install.py:158: EasyInstallDeprecationWarning: easy_install command is deprecated. Use build and pip and other standards-based tools.
[7.837s]   warnings.warn(
[9.451s] running egg_info
[9.458s] writing robox.egg-info/PKG-INFO
[9.459s] writing dependency_links to robox.egg-info/dependency_links.txt
[9.460s] writing entry points to robox.egg-info/entry_points.txt
[9.460s] writing requirements to robox.egg-info/requires.txt
[9.474s] writing top-level names to robox.egg-info/top_level.txt
[9.475s] reading manifest file 'robox.egg-info/SOURCES.txt'
[9.476s] writing manifest file 'robox.egg-info/SOURCES.txt'
[9.482s] running build_ext
[9.483s] Creating /home/sfw/project/ros2_ws/install/robox/lib/python3.10/site-packages/robox.egg-link (link to .)
[9.491s] Installing drive_node script to /home/sfw/project/ros2_ws/install/robox/lib/robox
[9.499s] Installing key_input_node script to /home/sfw/project/ros2_ws/install/robox/lib/robox
[9.500s] 
[9.501s] Installed /home/sfw/project/ros2_ws/build/robox
[9.502s] running symlink_data
[9.749s] Invoked command in '/home/sfw/project/ros2_ws/build/robox' returned '0': PYTHONPATH=/home/sfw/project/ros2_ws/build/robox/prefix_override:/home/sfw/project/ros2_ws/install/robox/lib/python3.10/site-packages:${PYTHONPATH} /usr/bin/python3 -W ignore:setup.py install is deprecated setup.py develop --editable --build-directory /home/sfw/project/ros2_ws/build/robox/build --no-deps symlink_data
