[2.738s] Invoking command in '/home/sfw/project/ros2_ws/src/robox': PYTHONPATH=/home/sfw/project/ros2_ws/build/robox/prefix_override:/home/sfw/project/ros2_ws/install/robox/lib/python3.10/site-packages:${PYTHONPATH} /usr/bin/python3 -W ignore:setup.py install is deprecated setup.py egg_info --egg-base ../../build/robox build --build-base /home/sfw/project/ros2_ws/build/robox/build install --record /home/sfw/project/ros2_ws/build/robox/install.log --single-version-externally-managed install_data
[3.812s] running egg_info
[3.814s] writing ../../build/robox/robox.egg-info/PKG-INFO
[3.815s] writing dependency_links to ../../build/robox/robox.egg-info/dependency_links.txt
[3.816s] writing entry points to ../../build/robox/robox.egg-info/entry_points.txt
[3.817s] writing requirements to ../../build/robox/robox.egg-info/requires.txt
[3.818s] writing top-level names to ../../build/robox/robox.egg-info/top_level.txt
[3.826s] reading manifest file '../../build/robox/robox.egg-info/SOURCES.txt'
[3.830s] writing manifest file '../../build/robox/robox.egg-info/SOURCES.txt'
[3.831s] running build
[3.832s] running build_py
[3.833s] running install
[3.834s] running install_lib
[3.839s] running install_data
[3.840s] running install_egg_info
[3.847s] removing '/home/sfw/project/ros2_ws/install/robox/lib/python3.10/site-packages/robox-0.0.0-py3.10.egg-info' (and everything under it)
[3.849s] Copying ../../build/robox/robox.egg-info to /home/sfw/project/ros2_ws/install/robox/lib/python3.10/site-packages/robox-0.0.0-py3.10.egg-info
[3.857s] running install_scripts
[3.936s] Installing drive_node script to /home/sfw/project/ros2_ws/install/robox/lib/robox
[3.938s] writing list of installed files to '/home/sfw/project/ros2_ws/build/robox/install.log'
[4.060s] Invoked command in '/home/sfw/project/ros2_ws/src/robox' returned '0': PYTHONPATH=/home/sfw/project/ros2_ws/build/robox/prefix_override:/home/sfw/project/ros2_ws/install/robox/lib/python3.10/site-packages:${PYTHONPATH} /usr/bin/python3 -W ignore:setup.py install is deprecated setup.py egg_info --egg-base ../../build/robox build --build-base /home/sfw/project/ros2_ws/build/robox/build install --record /home/sfw/project/ros2_ws/build/robox/install.log --single-version-externally-managed install_data
