[3.743s] Invoking command in '/home/sfw/project/robox_ws/build/robox': PYTHONPATH=/home/sfw/project/robox_ws/build/robox/prefix_override:/home/sfw/project/robox_ws/install/robox/lib/python3.10/site-packages:${PYTHONPATH} /usr/bin/python3 -W ignore:setup.py install is deprecated setup.py develop --editable --build-directory /home/sfw/project/robox_ws/build/robox/build --no-deps symlink_data --force
[5.000s] running develop
[5.011s] /usr/lib/python3/dist-packages/setuptools/command/easy_install.py:158: EasyInstallDeprecationWarning: easy_install command is deprecated. Use build and pip and other standards-based tools.
[5.011s]   warnings.warn(
[5.841s] running egg_info
[5.842s] writing robox.egg-info/PKG-INFO
[5.843s] writing dependency_links to robox.egg-info/dependency_links.txt
[5.844s] writing entry points to robox.egg-info/entry_points.txt
[5.845s] writing requirements to robox.egg-info/requires.txt
[5.845s] writing top-level names to robox.egg-info/top_level.txt
[5.865s] reading manifest file 'robox.egg-info/SOURCES.txt'
[5.876s] writing manifest file 'robox.egg-info/SOURCES.txt'
[5.884s] running build_ext
[5.885s] Creating /home/sfw/project/robox_ws/install/robox/lib/python3.10/site-packages/robox.egg-link (link to .)
[5.889s] Installing drive_node script to /home/sfw/project/robox_ws/install/robox/lib/robox
[5.889s] Installing encoder_node script to /home/sfw/project/robox_ws/install/robox/lib/robox
[5.890s] Installing key_input_node script to /home/sfw/project/robox_ws/install/robox/lib/robox
[5.891s] Installing lidar_node script to /home/sfw/project/robox_ws/install/robox/lib/robox
[5.892s] 
[5.893s] Installed /home/sfw/project/robox_ws/build/robox
[5.893s] running symlink_data
[5.893s] symbolically linking /home/sfw/project/robox_ws/build/robox/resource/robox -> /home/sfw/project/robox_ws/install/robox/share/ament_index/resource_index/packages
[5.894s] symbolically linking /home/sfw/project/robox_ws/build/robox/package.xml -> /home/sfw/project/robox_ws/install/robox/share/robox
[5.895s] symbolically linking /home/sfw/project/robox_ws/build/robox/config/mapper_params_online_async.yaml -> /home/sfw/project/robox_ws/install/robox/share/robox/config
[5.895s] symbolically linking /home/sfw/project/robox_ws/build/robox/config/joystick.yaml -> /home/sfw/project/robox_ws/install/robox/share/robox/config
[6.041s] Invoked command in '/home/sfw/project/robox_ws/build/robox' returned '0': PYTHONPATH=/home/sfw/project/robox_ws/build/robox/prefix_override:/home/sfw/project/robox_ws/install/robox/lib/python3.10/site-packages:${PYTHONPATH} /usr/bin/python3 -W ignore:setup.py install is deprecated setup.py develop --editable --build-directory /home/sfw/project/robox_ws/build/robox/build --no-deps symlink_data --force
