[3.748s] Invoking command in '/home/sfw/project/robox_ws/build/robox': PYTHONPATH=/home/sfw/project/robox_ws/build/robox/prefix_override:/home/sfw/project/robox_ws/install/robox/lib/python3.10/site-packages:${PYTHONPATH} /usr/bin/python3 -W ignore:setup.py install is deprecated setup.py develop --editable --build-directory /home/sfw/project/robox_ws/build/robox/build --no-deps symlink_data
[5.186s] running develop
[5.188s] /usr/lib/python3/dist-packages/setuptools/command/easy_install.py:158: EasyInstallDeprecationWarning: easy_install command is deprecated. Use build and pip and other standards-based tools.
[5.188s]   warnings.warn(
[6.082s] running egg_info
[6.082s] writing robox.egg-info/PKG-INFO
[6.083s] writing dependency_links to robox.egg-info/dependency_links.txt
[6.084s] writing entry points to robox.egg-info/entry_points.txt
[6.085s] writing requirements to robox.egg-info/requires.txt
[6.086s] writing top-level names to robox.egg-info/top_level.txt
[6.099s] reading manifest file 'robox.egg-info/SOURCES.txt'
[6.104s] writing manifest file 'robox.egg-info/SOURCES.txt'
[6.111s] running build_ext
[6.111s] Creating /home/sfw/project/robox_ws/install/robox/lib/python3.10/site-packages/robox.egg-link (link to .)
[6.116s] Installing drive_node script to /home/sfw/project/robox_ws/install/robox/lib/robox
[6.117s] Installing dynamic_transform script to /home/sfw/project/robox_ws/install/robox/lib/robox
[6.118s] Installing encoder_node script to /home/sfw/project/robox_ws/install/robox/lib/robox
[6.119s] Installing key_input_node script to /home/sfw/project/robox_ws/install/robox/lib/robox
[6.120s] Installing lidar_node script to /home/sfw/project/robox_ws/install/robox/lib/robox
[6.122s] 
[6.122s] Installed /home/sfw/project/robox_ws/build/robox
[6.123s] running symlink_data
[6.123s] symbolically linking /home/sfw/project/robox_ws/build/robox/launch/robox.launch.py -> /home/sfw/project/robox_ws/install/robox/share/robox/launch
[6.264s] Invoked command in '/home/sfw/project/robox_ws/build/robox' returned '0': PYTHONPATH=/home/sfw/project/robox_ws/build/robox/prefix_override:/home/sfw/project/robox_ws/install/robox/lib/python3.10/site-packages:${PYTHONPATH} /usr/bin/python3 -W ignore:setup.py install is deprecated setup.py develop --editable --build-directory /home/sfw/project/robox_ws/build/robox/build --no-deps symlink_data
