[3.438s] Invoking command in '/home/sfw/project/robox_ws/src/robox': PYTHONPATH=/home/sfw/project/robox_ws/build/robox/prefix_override:/home/sfw/project/robox_ws/install/robox/lib/python3.10/site-packages:${PYTHONPATH} /usr/bin/python3 -W ignore:setup.py install is deprecated setup.py egg_info --egg-base ../../build/robox build --build-base /home/sfw/project/robox_ws/build/robox/build install --record /home/sfw/project/robox_ws/build/robox/install.log --single-version-externally-managed install_data
[4.580s] running egg_info
[4.582s] creating ../../build/robox/robox.egg-info
[4.583s] writing ../../build/robox/robox.egg-info/PKG-INFO
[4.587s] writing dependency_links to ../../build/robox/robox.egg-info/dependency_links.txt
[4.587s] writing entry points to ../../build/robox/robox.egg-info/entry_points.txt
[4.588s] writing requirements to ../../build/robox/robox.egg-info/requires.txt
[4.588s] writing top-level names to ../../build/robox/robox.egg-info/top_level.txt
[4.593s] writing manifest file '../../build/robox/robox.egg-info/SOURCES.txt'
[4.601s] reading manifest file '../../build/robox/robox.egg-info/SOURCES.txt'
[4.604s] writing manifest file '../../build/robox/robox.egg-info/SOURCES.txt'
[4.604s] running build
[4.605s] running build_py
[4.605s] creating /home/sfw/project/robox_ws/build/robox/build
[4.606s] creating /home/sfw/project/robox_ws/build/robox/build/lib
[4.607s] creating /home/sfw/project/robox_ws/build/robox/build/lib/robox
[4.607s] copying robox/key_input_node.py -> /home/sfw/project/robox_ws/build/robox/build/lib/robox
[4.608s] copying robox/lidar_node.py -> /home/sfw/project/robox_ws/build/robox/build/lib/robox
[4.608s] copying robox/drive_node.py -> /home/sfw/project/robox_ws/build/robox/build/lib/robox
[4.609s] copying robox/dynamic_transform.py -> /home/sfw/project/robox_ws/build/robox/build/lib/robox
[4.609s] copying robox/encoder_node.py -> /home/sfw/project/robox_ws/build/robox/build/lib/robox
[4.610s] copying robox/__init__.py -> /home/sfw/project/robox_ws/build/robox/build/lib/robox
[4.612s] running install
[4.613s] running install_lib
[4.616s] creating /home/sfw/project/robox_ws/install/robox/lib/python3.10/site-packages/robox
[4.617s] copying /home/sfw/project/robox_ws/build/robox/build/lib/robox/key_input_node.py -> /home/sfw/project/robox_ws/install/robox/lib/python3.10/site-packages/robox
[4.617s] copying /home/sfw/project/robox_ws/build/robox/build/lib/robox/lidar_node.py -> /home/sfw/project/robox_ws/install/robox/lib/python3.10/site-packages/robox
[4.618s] copying /home/sfw/project/robox_ws/build/robox/build/lib/robox/drive_node.py -> /home/sfw/project/robox_ws/install/robox/lib/python3.10/site-packages/robox
[4.619s] copying /home/sfw/project/robox_ws/build/robox/build/lib/robox/dynamic_transform.py -> /home/sfw/project/robox_ws/install/robox/lib/python3.10/site-packages/robox
[4.619s] copying /home/sfw/project/robox_ws/build/robox/build/lib/robox/encoder_node.py -> /home/sfw/project/robox_ws/install/robox/lib/python3.10/site-packages/robox
[4.620s] copying /home/sfw/project/robox_ws/build/robox/build/lib/robox/__init__.py -> /home/sfw/project/robox_ws/install/robox/lib/python3.10/site-packages/robox
[4.622s] byte-compiling /home/sfw/project/robox_ws/install/robox/lib/python3.10/site-packages/robox/key_input_node.py to key_input_node.cpython-310.pyc
[4.625s] byte-compiling /home/sfw/project/robox_ws/install/robox/lib/python3.10/site-packages/robox/lidar_node.py to lidar_node.cpython-310.pyc
[4.629s] byte-compiling /home/sfw/project/robox_ws/install/robox/lib/python3.10/site-packages/robox/drive_node.py to drive_node.cpython-310.pyc
[4.632s] byte-compiling /home/sfw/project/robox_ws/install/robox/lib/python3.10/site-packages/robox/dynamic_transform.py to dynamic_transform.cpython-310.pyc
[4.634s] byte-compiling /home/sfw/project/robox_ws/install/robox/lib/python3.10/site-packages/robox/encoder_node.py to encoder_node.cpython-310.pyc
[4.637s] byte-compiling /home/sfw/project/robox_ws/install/robox/lib/python3.10/site-packages/robox/__init__.py to __init__.cpython-310.pyc
[4.638s] running install_data
[4.639s] creating /home/sfw/project/robox_ws/install/robox/share/ament_index
[4.639s] creating /home/sfw/project/robox_ws/install/robox/share/ament_index/resource_index
[4.640s] creating /home/sfw/project/robox_ws/install/robox/share/ament_index/resource_index/packages
[4.640s] copying resource/robox -> /home/sfw/project/robox_ws/install/robox/share/ament_index/resource_index/packages
[4.640s] copying package.xml -> /home/sfw/project/robox_ws/install/robox/share/robox
[4.641s] creating /home/sfw/project/robox_ws/install/robox/share/robox/launch
[4.641s] creating /home/sfw/project/robox_ws/install/robox/share/robox/description
[4.642s] creating /home/sfw/project/robox_ws/install/robox/share/robox/config
[4.642s] copying config/mapper_params_online_async.yaml -> /home/sfw/project/robox_ws/install/robox/share/robox/config
[4.643s] copying config/joystick.yaml -> /home/sfw/project/robox_ws/install/robox/share/robox/config
[4.643s] running install_egg_info
[4.650s] Copying ../../build/robox/robox.egg-info to /home/sfw/project/robox_ws/install/robox/lib/python3.10/site-packages/robox-0.0.0-py3.10.egg-info
[4.655s] running install_scripts
[4.740s] Installing drive_node script to /home/sfw/project/robox_ws/install/robox/lib/robox
[4.743s] Installing encoder_node script to /home/sfw/project/robox_ws/install/robox/lib/robox
[4.744s] Installing key_input_node script to /home/sfw/project/robox_ws/install/robox/lib/robox
[4.745s] Installing lidar_node script to /home/sfw/project/robox_ws/install/robox/lib/robox
[4.748s] writing list of installed files to '/home/sfw/project/robox_ws/build/robox/install.log'
[4.876s] Invoked command in '/home/sfw/project/robox_ws/src/robox' returned '0': PYTHONPATH=/home/sfw/project/robox_ws/build/robox/prefix_override:/home/sfw/project/robox_ws/install/robox/lib/python3.10/site-packages:${PYTHONPATH} /usr/bin/python3 -W ignore:setup.py install is deprecated setup.py egg_info --egg-base ../../build/robox build --build-base /home/sfw/project/robox_ws/build/robox/build install --record /home/sfw/project/robox_ws/build/robox/install.log --single-version-externally-managed install_data
