[3.036s] Invoking command in '/home/sfw/project/robox_ws/build/robox': PYTHONPATH=/home/sfw/project/robox_ws/build/robox/prefix_override:/home/sfw/project/robox_ws/install/robox/lib/python3.10/site-packages:${PYTHONPATH} /usr/bin/python3 -W ignore:setup.py install is deprecated setup.py develop --editable --build-directory /home/sfw/project/robox_ws/build/robox/build --no-deps symlink_data
[4.378s] running develop
[4.379s] /usr/lib/python3/dist-packages/setuptools/command/easy_install.py:158: EasyInstallDeprecationWarning: easy_install command is deprecated. Use build and pip and other standards-based tools.
[4.380s]   warnings.warn(
[5.219s] running egg_info
[5.220s] writing robox.egg-info/PKG-INFO
[5.221s] writing dependency_links to robox.egg-info/dependency_links.txt
[5.222s] writing entry points to robox.egg-info/entry_points.txt
[5.223s] writing requirements to robox.egg-info/requires.txt
[5.223s] writing top-level names to robox.egg-info/top_level.txt
[5.237s] reading manifest file 'robox.egg-info/SOURCES.txt'
[5.241s] writing manifest file 'robox.egg-info/SOURCES.txt'
[5.247s] running build_ext
[5.248s] Creating /home/sfw/project/robox_ws/install/robox/lib/python3.10/site-packages/robox.egg-link (link to .)
[5.251s] Installing drive_node script to /home/sfw/project/robox_ws/install/robox/lib/robox
[5.252s] Installing dynamic_transfrom script to /home/sfw/project/robox_ws/install/robox/lib/robox
[5.253s] Installing encoder_node script to /home/sfw/project/robox_ws/install/robox/lib/robox
[5.254s] Installing key_input_node script to /home/sfw/project/robox_ws/install/robox/lib/robox
[5.254s] Installing lidar_node script to /home/sfw/project/robox_ws/install/robox/lib/robox
[5.256s] 
[5.256s] Installed /home/sfw/project/robox_ws/build/robox
[5.256s] running symlink_data
[5.400s] Invoked command in '/home/sfw/project/robox_ws/build/robox' returned '0': PYTHONPATH=/home/sfw/project/robox_ws/build/robox/prefix_override:/home/sfw/project/robox_ws/install/robox/lib/python3.10/site-packages:${PYTHONPATH} /usr/bin/python3 -W ignore:setup.py install is deprecated setup.py develop --editable --build-directory /home/sfw/project/robox_ws/build/robox/build --no-deps symlink_data
