[1.011s] DEBUG:colcon:Command line arguments: ['/usr/bin/colcon', 'build', '--symlink-install']
[1.012s] DEBUG:colcon:Parsed command line arguments: Namespace(log_base=None, log_level=None, verb_name='build', build_base='build', install_base='install', merge_install=False, symlink_install=True, test_result_base=None, continue_on_error=False, executor='parallel', parallel_workers=4, event_handlers=None, ignore_user_meta=False, metas=['./colcon.meta'], base_paths=['.'], packages_ignore=None, packages_ignore_regex=None, paths=None, packages_up_to=None, packages_up_to_regex=None, packages_above=None, packages_above_and_dependencies=None, packages_above_depth=None, packages_select_by_dep=None, packages_skip_by_dep=None, packages_skip_up_to=None, packages_select_build_failed=False, packages_skip_build_finished=False, packages_select_test_failures=False, packages_skip_test_passed=False, packages_select=None, packages_skip=None, packages_select_regex=None, packages_skip_regex=None, packages_start=None, packages_end=None, allow_overriding=[], cmake_args=None, cmake_target=None, cmake_target_skip_unavailable=False, cmake_clean_cache=False, cmake_clean_first=False, cmake_force_configure=False, ament_cmake_args=None, catkin_cmake_args=None, catkin_skip_building_tests=False, verb_parser=<colcon_defaults.argument_parser.defaults.DefaultArgumentsDecorator object at 0xffff8ccb9120>, verb_extension=<colcon_core.verb.build.BuildVerb object at 0xffff8cdd1d20>, main=<bound method BuildVerb.main of <colcon_core.verb.build.BuildVerb object at 0xffff8cdd1d20>>)
[5.550s] Level 1:colcon.colcon_core.package_discovery:discover_packages(colcon_meta) check parameters
[5.551s] Level 1:colcon.colcon_core.package_discovery:discover_packages(recursive) check parameters
[5.551s] Level 1:colcon.colcon_core.package_discovery:discover_packages(ignore) check parameters
[5.551s] Level 1:colcon.colcon_core.package_discovery:discover_packages(path) check parameters
[5.552s] Level 1:colcon.colcon_core.package_discovery:discover_packages(colcon_meta) discover
[5.552s] Level 1:colcon.colcon_core.package_discovery:discover_packages(recursive) discover
[5.552s] INFO:colcon.colcon_core.package_discovery:Crawling recursively for packages in '/home/sfw/project/robox_ws'
[5.553s] Level 1:colcon.colcon_core.package_identification:_identify(.) by extensions ['ignore', 'ignore_ament_install']
[5.554s] Level 1:colcon.colcon_core.package_identification:_identify(.) by extension 'ignore'
[5.555s] Level 1:colcon.colcon_core.package_identification:_identify(.) by extension 'ignore_ament_install'
[5.555s] Level 1:colcon.colcon_core.package_identification:_identify(.) by extensions ['colcon_pkg']
[5.556s] Level 1:colcon.colcon_core.package_identification:_identify(.) by extension 'colcon_pkg'
[5.556s] Level 1:colcon.colcon_core.package_identification:_identify(.) by extensions ['colcon_meta']
[5.557s] Level 1:colcon.colcon_core.package_identification:_identify(.) by extension 'colcon_meta'
[5.557s] Level 1:colcon.colcon_core.package_identification:_identify(.) by extensions ['ros']
[5.557s] Level 1:colcon.colcon_core.package_identification:_identify(.) by extension 'ros'
[5.704s] Level 1:colcon.colcon_core.package_identification:_identify(.) by extensions ['cmake', 'python']
[5.705s] Level 1:colcon.colcon_core.package_identification:_identify(.) by extension 'cmake'
[5.705s] Level 1:colcon.colcon_core.package_identification:_identify(.) by extension 'python'
[5.709s] Level 1:colcon.colcon_core.package_identification:_identify(.) by extensions ['python_setup_py']
[5.711s] Level 1:colcon.colcon_core.package_identification:_identify(.) by extension 'python_setup_py'
[5.714s] Level 1:colcon.colcon_core.package_identification:_identify(build) by extensions ['ignore', 'ignore_ament_install']
[5.715s] Level 1:colcon.colcon_core.package_identification:_identify(build) by extension 'ignore'
[5.715s] Level 1:colcon.colcon_core.package_identification:_identify(build) ignored
[5.717s] Level 1:colcon.colcon_core.package_identification:_identify(install) by extensions ['ignore', 'ignore_ament_install']
[5.718s] Level 1:colcon.colcon_core.package_identification:_identify(install) by extension 'ignore'
[5.718s] Level 1:colcon.colcon_core.package_identification:_identify(install) ignored
[5.723s] Level 1:colcon.colcon_core.package_identification:_identify(log) by extensions ['ignore', 'ignore_ament_install']
[5.730s] Level 1:colcon.colcon_core.package_identification:_identify(log) by extension 'ignore'
[5.730s] Level 1:colcon.colcon_core.package_identification:_identify(log) ignored
[5.732s] Level 1:colcon.colcon_core.package_identification:_identify(src) by extensions ['ignore', 'ignore_ament_install']
[5.732s] Level 1:colcon.colcon_core.package_identification:_identify(src) by extension 'ignore'
[5.733s] Level 1:colcon.colcon_core.package_identification:_identify(src) by extension 'ignore_ament_install'
[5.734s] Level 1:colcon.colcon_core.package_identification:_identify(src) by extensions ['colcon_pkg']
[5.735s] Level 1:colcon.colcon_core.package_identification:_identify(src) by extension 'colcon_pkg'
[5.735s] Level 1:colcon.colcon_core.package_identification:_identify(src) by extensions ['colcon_meta']
[5.736s] Level 1:colcon.colcon_core.package_identification:_identify(src) by extension 'colcon_meta'
[5.736s] Level 1:colcon.colcon_core.package_identification:_identify(src) by extensions ['ros']
[5.737s] Level 1:colcon.colcon_core.package_identification:_identify(src) by extension 'ros'
[5.738s] Level 1:colcon.colcon_core.package_identification:_identify(src) by extensions ['cmake', 'python']
[5.738s] Level 1:colcon.colcon_core.package_identification:_identify(src) by extension 'cmake'
[5.739s] Level 1:colcon.colcon_core.package_identification:_identify(src) by extension 'python'
[5.739s] Level 1:colcon.colcon_core.package_identification:_identify(src) by extensions ['python_setup_py']
[5.740s] Level 1:colcon.colcon_core.package_identification:_identify(src) by extension 'python_setup_py'
[5.742s] Level 1:colcon.colcon_core.package_identification:_identify(src/robox) by extensions ['ignore', 'ignore_ament_install']
[5.743s] Level 1:colcon.colcon_core.package_identification:_identify(src/robox) by extension 'ignore'
[5.743s] Level 1:colcon.colcon_core.package_identification:_identify(src/robox) by extension 'ignore_ament_install'
[5.744s] Level 1:colcon.colcon_core.package_identification:_identify(src/robox) by extensions ['colcon_pkg']
[5.745s] Level 1:colcon.colcon_core.package_identification:_identify(src/robox) by extension 'colcon_pkg'
[5.746s] Level 1:colcon.colcon_core.package_identification:_identify(src/robox) by extensions ['colcon_meta']
[5.746s] Level 1:colcon.colcon_core.package_identification:_identify(src/robox) by extension 'colcon_meta'
[5.747s] Level 1:colcon.colcon_core.package_identification:_identify(src/robox) by extensions ['ros']
[5.747s] Level 1:colcon.colcon_core.package_identification:_identify(src/robox) by extension 'ros'
[5.763s] DEBUG:colcon.colcon_core.package_identification:Package 'src/robox' with type 'ros.ament_python' and name 'robox'
[5.764s] Level 1:colcon.colcon_core.package_discovery:discover_packages(recursive) using defaults
[5.764s] Level 1:colcon.colcon_core.package_discovery:discover_packages(ignore) discover
[5.765s] Level 1:colcon.colcon_core.package_discovery:discover_packages(ignore) using defaults
[5.765s] Level 1:colcon.colcon_core.package_discovery:discover_packages(path) discover
[5.765s] Level 1:colcon.colcon_core.package_discovery:discover_packages(path) using defaults
[6.040s] Level 1:colcon.colcon_core.package_discovery:discover_packages(prefix_path) check parameters
[6.041s] Level 1:colcon.colcon_core.package_discovery:discover_packages(prefix_path) discover
[6.134s] DEBUG:colcon.colcon_installed_package_information.package_discovery:Found 1 installed packages in /home/sfw/project/robox_ws/install
[6.173s] DEBUG:colcon.colcon_installed_package_information.package_discovery:Found 357 installed packages in /opt/ros/humble
[6.274s] Level 1:colcon.colcon_core.package_discovery:discover_packages(prefix_path) using defaults
[7.203s] Level 5:colcon.colcon_core.verb:set package 'robox' build argument 'cmake_args' from command line to 'None'
[7.204s] Level 5:colcon.colcon_core.verb:set package 'robox' build argument 'cmake_target' from command line to 'None'
[7.204s] Level 5:colcon.colcon_core.verb:set package 'robox' build argument 'cmake_target_skip_unavailable' from command line to 'False'
[7.204s] Level 5:colcon.colcon_core.verb:set package 'robox' build argument 'cmake_clean_cache' from command line to 'False'
[7.205s] Level 5:colcon.colcon_core.verb:set package 'robox' build argument 'cmake_clean_first' from command line to 'False'
[7.205s] Level 5:colcon.colcon_core.verb:set package 'robox' build argument 'cmake_force_configure' from command line to 'False'
[7.246s] Level 5:colcon.colcon_core.verb:set package 'robox' build argument 'ament_cmake_args' from command line to 'None'
[7.246s] Level 5:colcon.colcon_core.verb:set package 'robox' build argument 'catkin_cmake_args' from command line to 'None'
[7.254s] Level 5:colcon.colcon_core.verb:set package 'robox' build argument 'catkin_skip_building_tests' from command line to 'False'
[7.254s] DEBUG:colcon.colcon_core.verb:Building package 'robox' with the following arguments: {'ament_cmake_args': None, 'build_base': '/home/sfw/project/robox_ws/build/robox', 'catkin_cmake_args': None, 'catkin_skip_building_tests': False, 'cmake_args': None, 'cmake_clean_cache': False, 'cmake_clean_first': False, 'cmake_force_configure': False, 'cmake_target': None, 'cmake_target_skip_unavailable': False, 'install_base': '/home/sfw/project/robox_ws/install/robox', 'merge_install': False, 'path': '/home/sfw/project/robox_ws/src/robox', 'symlink_install': True, 'test_result_base': None}
[7.255s] INFO:colcon.colcon_core.executor:Executing jobs using 'parallel' executor
[7.284s] DEBUG:colcon.colcon_parallel_executor.executor.parallel:run_until_complete
[7.285s] INFO:colcon.colcon_ros.task.ament_python.build:Building ROS package in '/home/sfw/project/robox_ws/src/robox' with build type 'ament_python'
[7.286s] Level 1:colcon.colcon_core.shell:create_environment_hook('robox', 'ament_prefix_path')
[7.334s] INFO:colcon.colcon_core.plugin_system:Skipping extension 'colcon_core.shell.bat': Not used on non-Windows systems
[7.336s] INFO:colcon.colcon_core.shell:Creating environment hook '/home/sfw/project/robox_ws/install/robox/share/robox/hook/ament_prefix_path.ps1'
[7.353s] INFO:colcon.colcon_core.shell:Creating environment descriptor '/home/sfw/project/robox_ws/install/robox/share/robox/hook/ament_prefix_path.dsv'
[7.376s] INFO:colcon.colcon_core.shell:Creating environment hook '/home/sfw/project/robox_ws/install/robox/share/robox/hook/ament_prefix_path.sh'
[7.386s] INFO:colcon.colcon_core.shell:Skip shell extension 'powershell' for command environment: Not usable outside of PowerShell
[7.396s] DEBUG:colcon.colcon_core.shell:Skip shell extension 'dsv' for command environment
[11.725s] INFO:colcon.colcon_core.task.python.build:Building Python package in '/home/sfw/project/robox_ws/src/robox'
[11.727s] INFO:colcon.colcon_core.shell:Skip shell extension 'powershell' for command environment: Not usable outside of PowerShell
[11.727s] DEBUG:colcon.colcon_core.shell:Skip shell extension 'dsv' for command environment
[16.790s] DEBUG:colcon.colcon_core.event_handler.log_command:Invoking command in '/home/sfw/project/robox_ws/build/robox': PYTHONPATH=/home/sfw/project/robox_ws/build/robox/prefix_override:/home/sfw/project/robox_ws/install/robox/lib/python3.10/site-packages:${PYTHONPATH} /usr/bin/python3 -W ignore:setup.py install is deprecated setup.py develop --editable --build-directory /home/sfw/project/robox_ws/build/robox/build --no-deps symlink_data
[22.569s] Level 1:colcon.colcon_core.shell:create_environment_hook('robox', 'pythonpath_develop')
[22.572s] DEBUG:colcon.colcon_core.event_handler.log_command:Invoked command in '/home/sfw/project/robox_ws/build/robox' returned '0': PYTHONPATH=/home/sfw/project/robox_ws/build/robox/prefix_override:/home/sfw/project/robox_ws/install/robox/lib/python3.10/site-packages:${PYTHONPATH} /usr/bin/python3 -W ignore:setup.py install is deprecated setup.py develop --editable --build-directory /home/sfw/project/robox_ws/build/robox/build --no-deps symlink_data
[22.574s] INFO:colcon.colcon_core.shell:Creating environment hook '/home/sfw/project/robox_ws/build/robox/share/robox/hook/pythonpath_develop.ps1'
[22.598s] INFO:colcon.colcon_core.shell:Creating environment descriptor '/home/sfw/project/robox_ws/build/robox/share/robox/hook/pythonpath_develop.dsv'
[22.601s] INFO:colcon.colcon_core.shell:Creating environment hook '/home/sfw/project/robox_ws/build/robox/share/robox/hook/pythonpath_develop.sh'
[22.700s] Level 1:colcon.colcon_core.environment:checking '/home/sfw/project/robox_ws/install/robox' for CMake module files
[22.707s] Level 1:colcon.colcon_core.environment:checking '/home/sfw/project/robox_ws/install/robox' for CMake config files
[22.713s] Level 1:colcon.colcon_core.environment:checking '/home/sfw/project/robox_ws/install/robox/lib'
[22.715s] Level 1:colcon.colcon_core.environment:checking '/home/sfw/project/robox_ws/install/robox/bin'
[22.716s] Level 1:colcon.colcon_core.environment:checking '/home/sfw/project/robox_ws/install/robox/lib/pkgconfig/robox.pc'
[22.717s] Level 1:colcon.colcon_core.environment:checking '/home/sfw/project/robox_ws/install/robox/lib/python3.10/site-packages'
[22.718s] Level 1:colcon.colcon_core.shell:create_environment_hook('robox', 'pythonpath')
[22.720s] INFO:colcon.colcon_core.shell:Creating environment hook '/home/sfw/project/robox_ws/install/robox/share/robox/hook/pythonpath.ps1'
[22.724s] INFO:colcon.colcon_core.shell:Creating environment descriptor '/home/sfw/project/robox_ws/install/robox/share/robox/hook/pythonpath.dsv'
[22.727s] INFO:colcon.colcon_core.shell:Creating environment hook '/home/sfw/project/robox_ws/install/robox/share/robox/hook/pythonpath.sh'
[22.731s] Level 1:colcon.colcon_core.environment:checking '/home/sfw/project/robox_ws/install/robox/bin'
[22.732s] Level 1:colcon.colcon_core.environment:create_environment_scripts_only(robox)
[22.735s] INFO:colcon.colcon_core.shell:Creating package script '/home/sfw/project/robox_ws/install/robox/share/robox/package.ps1'
[22.747s] INFO:colcon.colcon_core.shell:Creating package descriptor '/home/sfw/project/robox_ws/install/robox/share/robox/package.dsv'
[22.762s] INFO:colcon.colcon_core.shell:Creating package script '/home/sfw/project/robox_ws/install/robox/share/robox/package.sh'
[22.767s] INFO:colcon.colcon_core.shell:Creating package script '/home/sfw/project/robox_ws/install/robox/share/robox/package.bash'
[22.773s] INFO:colcon.colcon_core.shell:Creating package script '/home/sfw/project/robox_ws/install/robox/share/robox/package.zsh'
[22.780s] Level 1:colcon.colcon_core.environment:create_file_with_runtime_dependencies(/home/sfw/project/robox_ws/install/robox/share/colcon-core/packages/robox)
[22.782s] DEBUG:colcon.colcon_parallel_executor.executor.parallel:closing loop
[22.786s] DEBUG:colcon.colcon_parallel_executor.executor.parallel:loop closed
[22.788s] DEBUG:colcon.colcon_parallel_executor.executor.parallel:run_until_complete finished with '0'
[22.790s] DEBUG:colcon.colcon_core.event_reactor:joining thread
[22.835s] INFO:colcon.colcon_core.plugin_system:Skipping extension 'colcon_notification.desktop_notification.terminal_notifier': Not used on non-Darwin systems
[22.836s] INFO:colcon.colcon_core.plugin_system:Skipping extension 'colcon_notification.desktop_notification.win32': Not used on non-Windows systems
[22.836s] INFO:colcon.colcon_notification.desktop_notification:Sending desktop notification using 'notify2'
[23.035s] DEBUG:colcon.colcon_core.event_reactor:joined thread
[23.037s] INFO:colcon.colcon_core.shell:Creating prefix script '/home/sfw/project/robox_ws/install/local_setup.ps1'
[23.062s] INFO:colcon.colcon_core.shell:Creating prefix util module '/home/sfw/project/robox_ws/install/_local_setup_util_ps1.py'
[23.105s] INFO:colcon.colcon_core.shell:Creating prefix chain script '/home/sfw/project/robox_ws/install/setup.ps1'
[23.134s] INFO:colcon.colcon_core.shell:Creating prefix script '/home/sfw/project/robox_ws/install/local_setup.sh'
[23.158s] INFO:colcon.colcon_core.shell:Creating prefix util module '/home/sfw/project/robox_ws/install/_local_setup_util_sh.py'
[23.170s] INFO:colcon.colcon_core.shell:Creating prefix chain script '/home/sfw/project/robox_ws/install/setup.sh'
[23.200s] INFO:colcon.colcon_core.shell:Creating prefix script '/home/sfw/project/robox_ws/install/local_setup.bash'
[23.211s] INFO:colcon.colcon_core.shell:Creating prefix chain script '/home/sfw/project/robox_ws/install/setup.bash'
[23.262s] INFO:colcon.colcon_core.shell:Creating prefix script '/home/sfw/project/robox_ws/install/local_setup.zsh'
[23.277s] INFO:colcon.colcon_core.shell:Creating prefix chain script '/home/sfw/project/robox_ws/install/setup.zsh'
