[0.468s] DEBUG:colcon:Command line arguments: ['/usr/bin/colcon', 'build', '--symlink-install']
[0.469s] DEBUG:colcon:Parsed command line arguments: Namespace(log_base=None, log_level=None, verb_name='build', build_base='build', install_base='install', merge_install=False, symlink_install=True, test_result_base=None, continue_on_error=False, executor='parallel', parallel_workers=4, event_handlers=None, ignore_user_meta=False, metas=['./colcon.meta'], base_paths=['.'], packages_ignore=None, packages_ignore_regex=None, paths=None, packages_up_to=None, packages_up_to_regex=None, packages_above=None, packages_above_and_dependencies=None, packages_above_depth=None, packages_select_by_dep=None, packages_skip_by_dep=None, packages_skip_up_to=None, packages_select_build_failed=False, packages_skip_build_finished=False, packages_select_test_failures=False, packages_skip_test_passed=False, packages_select=None, packages_skip=None, packages_select_regex=None, packages_skip_regex=None, packages_start=None, packages_end=None, allow_overriding=[], cmake_args=None, cmake_target=None, cmake_target_skip_unavailable=False, cmake_clean_cache=False, cmake_clean_first=False, cmake_force_configure=False, ament_cmake_args=None, catkin_cmake_args=None, catkin_skip_building_tests=False, verb_parser=<colcon_defaults.argument_parser.defaults.DefaultArgumentsDecorator object at 0xffff958848e0>, verb_extension=<colcon_core.verb.build.BuildVerb object at 0xffff959b54e0>, main=<bound method BuildVerb.main of <colcon_core.verb.build.BuildVerb object at 0xffff959b54e0>>)
[1.367s] Level 1:colcon.colcon_core.package_discovery:discover_packages(colcon_meta) check parameters
[1.368s] Level 1:colcon.colcon_core.package_discovery:discover_packages(recursive) check parameters
[1.368s] Level 1:colcon.colcon_core.package_discovery:discover_packages(ignore) check parameters
[1.368s] Level 1:colcon.colcon_core.package_discovery:discover_packages(path) check parameters
[1.369s] Level 1:colcon.colcon_core.package_discovery:discover_packages(colcon_meta) discover
[1.369s] Level 1:colcon.colcon_core.package_discovery:discover_packages(recursive) discover
[1.369s] INFO:colcon.colcon_core.package_discovery:Crawling recursively for packages in '/home/sfw/project/robox_ws'
[1.370s] Level 1:colcon.colcon_core.package_identification:_identify(.) by extensions ['ignore', 'ignore_ament_install']
[1.370s] Level 1:colcon.colcon_core.package_identification:_identify(.) by extension 'ignore'
[1.371s] Level 1:colcon.colcon_core.package_identification:_identify(.) by extension 'ignore_ament_install'
[1.371s] Level 1:colcon.colcon_core.package_identification:_identify(.) by extensions ['colcon_pkg']
[1.371s] Level 1:colcon.colcon_core.package_identification:_identify(.) by extension 'colcon_pkg'
[1.371s] Level 1:colcon.colcon_core.package_identification:_identify(.) by extensions ['colcon_meta']
[1.371s] Level 1:colcon.colcon_core.package_identification:_identify(.) by extension 'colcon_meta'
[1.372s] Level 1:colcon.colcon_core.package_identification:_identify(.) by extensions ['ros']
[1.372s] Level 1:colcon.colcon_core.package_identification:_identify(.) by extension 'ros'
[1.417s] Level 1:colcon.colcon_core.package_identification:_identify(.) by extensions ['cmake', 'python']
[1.418s] Level 1:colcon.colcon_core.package_identification:_identify(.) by extension 'cmake'
[1.418s] Level 1:colcon.colcon_core.package_identification:_identify(.) by extension 'python'
[1.418s] Level 1:colcon.colcon_core.package_identification:_identify(.) by extensions ['python_setup_py']
[1.418s] Level 1:colcon.colcon_core.package_identification:_identify(.) by extension 'python_setup_py'
[1.419s] Level 1:colcon.colcon_core.package_identification:_identify(build) by extensions ['ignore', 'ignore_ament_install']
[1.420s] Level 1:colcon.colcon_core.package_identification:_identify(build) by extension 'ignore'
[1.420s] Level 1:colcon.colcon_core.package_identification:_identify(build) ignored
[1.421s] Level 1:colcon.colcon_core.package_identification:_identify(install) by extensions ['ignore', 'ignore_ament_install']
[1.421s] Level 1:colcon.colcon_core.package_identification:_identify(install) by extension 'ignore'
[1.421s] Level 1:colcon.colcon_core.package_identification:_identify(install) ignored
[1.422s] Level 1:colcon.colcon_core.package_identification:_identify(log) by extensions ['ignore', 'ignore_ament_install']
[1.422s] Level 1:colcon.colcon_core.package_identification:_identify(log) by extension 'ignore'
[1.422s] Level 1:colcon.colcon_core.package_identification:_identify(log) ignored
[1.423s] Level 1:colcon.colcon_core.package_identification:_identify(src) by extensions ['ignore', 'ignore_ament_install']
[1.423s] Level 1:colcon.colcon_core.package_identification:_identify(src) by extension 'ignore'
[1.424s] Level 1:colcon.colcon_core.package_identification:_identify(src) by extension 'ignore_ament_install'
[1.424s] Level 1:colcon.colcon_core.package_identification:_identify(src) by extensions ['colcon_pkg']
[1.424s] Level 1:colcon.colcon_core.package_identification:_identify(src) by extension 'colcon_pkg'
[1.424s] Level 1:colcon.colcon_core.package_identification:_identify(src) by extensions ['colcon_meta']
[1.424s] Level 1:colcon.colcon_core.package_identification:_identify(src) by extension 'colcon_meta'
[1.425s] Level 1:colcon.colcon_core.package_identification:_identify(src) by extensions ['ros']
[1.425s] Level 1:colcon.colcon_core.package_identification:_identify(src) by extension 'ros'
[1.425s] Level 1:colcon.colcon_core.package_identification:_identify(src) by extensions ['cmake', 'python']
[1.425s] Level 1:colcon.colcon_core.package_identification:_identify(src) by extension 'cmake'
[1.425s] Level 1:colcon.colcon_core.package_identification:_identify(src) by extension 'python'
[1.426s] Level 1:colcon.colcon_core.package_identification:_identify(src) by extensions ['python_setup_py']
[1.426s] Level 1:colcon.colcon_core.package_identification:_identify(src) by extension 'python_setup_py'
[1.426s] Level 1:colcon.colcon_core.package_identification:_identify(src/robox) by extensions ['ignore', 'ignore_ament_install']
[1.427s] Level 1:colcon.colcon_core.package_identification:_identify(src/robox) by extension 'ignore'
[1.427s] Level 1:colcon.colcon_core.package_identification:_identify(src/robox) by extension 'ignore_ament_install'
[1.427s] Level 1:colcon.colcon_core.package_identification:_identify(src/robox) by extensions ['colcon_pkg']
[1.427s] Level 1:colcon.colcon_core.package_identification:_identify(src/robox) by extension 'colcon_pkg'
[1.428s] Level 1:colcon.colcon_core.package_identification:_identify(src/robox) by extensions ['colcon_meta']
[1.428s] Level 1:colcon.colcon_core.package_identification:_identify(src/robox) by extension 'colcon_meta'
[1.428s] Level 1:colcon.colcon_core.package_identification:_identify(src/robox) by extensions ['ros']
[1.428s] Level 1:colcon.colcon_core.package_identification:_identify(src/robox) by extension 'ros'
[1.437s] DEBUG:colcon.colcon_core.package_identification:Package 'src/robox' with type 'ros.ament_python' and name 'robox'
[1.437s] Level 1:colcon.colcon_core.package_discovery:discover_packages(recursive) using defaults
[1.437s] Level 1:colcon.colcon_core.package_discovery:discover_packages(ignore) discover
[1.437s] Level 1:colcon.colcon_core.package_discovery:discover_packages(ignore) using defaults
[1.437s] Level 1:colcon.colcon_core.package_discovery:discover_packages(path) discover
[1.438s] Level 1:colcon.colcon_core.package_discovery:discover_packages(path) using defaults
[1.526s] Level 1:colcon.colcon_core.package_discovery:discover_packages(prefix_path) check parameters
[1.526s] Level 1:colcon.colcon_core.package_discovery:discover_packages(prefix_path) discover
[1.532s] WARNING:colcon.colcon_ros.prefix_path.ament:The path '/home/sfw/project/rosboxws/install/robox' in the environment variable AMENT_PREFIX_PATH doesn't exist
[1.537s] DEBUG:colcon.colcon_installed_package_information.package_discovery:Found 1 installed packages in /home/sfw/project/robox_ws/install
[1.548s] DEBUG:colcon.colcon_installed_package_information.package_discovery:Found 317 installed packages in /opt/ros/humble
[1.603s] Level 1:colcon.colcon_core.package_discovery:discover_packages(prefix_path) using defaults
[1.790s] Level 5:colcon.colcon_core.verb:set package 'robox' build argument 'cmake_args' from command line to 'None'
[1.791s] Level 5:colcon.colcon_core.verb:set package 'robox' build argument 'cmake_target' from command line to 'None'
[1.791s] Level 5:colcon.colcon_core.verb:set package 'robox' build argument 'cmake_target_skip_unavailable' from command line to 'False'
[1.791s] Level 5:colcon.colcon_core.verb:set package 'robox' build argument 'cmake_clean_cache' from command line to 'False'
[1.791s] Level 5:colcon.colcon_core.verb:set package 'robox' build argument 'cmake_clean_first' from command line to 'False'
[1.791s] Level 5:colcon.colcon_core.verb:set package 'robox' build argument 'cmake_force_configure' from command line to 'False'
[1.791s] Level 5:colcon.colcon_core.verb:set package 'robox' build argument 'ament_cmake_args' from command line to 'None'
[1.791s] Level 5:colcon.colcon_core.verb:set package 'robox' build argument 'catkin_cmake_args' from command line to 'None'
[1.791s] Level 5:colcon.colcon_core.verb:set package 'robox' build argument 'catkin_skip_building_tests' from command line to 'False'
[1.791s] DEBUG:colcon.colcon_core.verb:Building package 'robox' with the following arguments: {'ament_cmake_args': None, 'build_base': '/home/sfw/project/robox_ws/build/robox', 'catkin_cmake_args': None, 'catkin_skip_building_tests': False, 'cmake_args': None, 'cmake_clean_cache': False, 'cmake_clean_first': False, 'cmake_force_configure': False, 'cmake_target': None, 'cmake_target_skip_unavailable': False, 'install_base': '/home/sfw/project/robox_ws/install/robox', 'merge_install': False, 'path': '/home/sfw/project/robox_ws/src/robox', 'symlink_install': True, 'test_result_base': None}
[1.792s] INFO:colcon.colcon_core.executor:Executing jobs using 'parallel' executor
[1.796s] DEBUG:colcon.colcon_parallel_executor.executor.parallel:run_until_complete
[1.797s] INFO:colcon.colcon_ros.task.ament_python.build:Building ROS package in '/home/sfw/project/robox_ws/src/robox' with build type 'ament_python'
[1.798s] Level 1:colcon.colcon_core.shell:create_environment_hook('robox', 'ament_prefix_path')
[1.807s] INFO:colcon.colcon_core.plugin_system:Skipping extension 'colcon_core.shell.bat': Not used on non-Windows systems
[1.808s] INFO:colcon.colcon_core.shell:Creating environment hook '/home/sfw/project/robox_ws/install/robox/share/robox/hook/ament_prefix_path.ps1'
[1.811s] INFO:colcon.colcon_core.shell:Creating environment descriptor '/home/sfw/project/robox_ws/install/robox/share/robox/hook/ament_prefix_path.dsv'
[1.813s] INFO:colcon.colcon_core.shell:Creating environment hook '/home/sfw/project/robox_ws/install/robox/share/robox/hook/ament_prefix_path.sh'
[1.817s] INFO:colcon.colcon_core.shell:Skip shell extension 'powershell' for command environment: Not usable outside of PowerShell
[1.817s] DEBUG:colcon.colcon_core.shell:Skip shell extension 'dsv' for command environment
[3.050s] INFO:colcon.colcon_core.task.python.build:Building Python package in '/home/sfw/project/robox_ws/src/robox'
[3.051s] INFO:colcon.colcon_core.shell:Skip shell extension 'powershell' for command environment: Not usable outside of PowerShell
[3.051s] DEBUG:colcon.colcon_core.shell:Skip shell extension 'dsv' for command environment
[4.855s] DEBUG:colcon.colcon_core.task.python.build:While undoing a previous installation files outside the Python library path are being ignored: /home/sfw/project/robox_ws/install/robox/share/ament_index/resource_index/packages/robox
[4.856s] DEBUG:colcon.colcon_core.task.python.build:While undoing a previous installation files outside the Python library path are being ignored: /home/sfw/project/robox_ws/install/robox/share/robox/package.xml
[4.856s] DEBUG:colcon.colcon_core.task.python.build:While undoing a previous installation files outside the Python library path are being ignored: /home/sfw/project/robox_ws/install/robox/share/robox/launch
[4.856s] DEBUG:colcon.colcon_core.task.python.build:While undoing a previous installation files outside the Python library path are being ignored: /home/sfw/project/robox_ws/install/robox/share/robox/description
[4.856s] DEBUG:colcon.colcon_core.task.python.build:While undoing a previous installation files outside the Python library path are being ignored: /home/sfw/project/robox_ws/install/robox/share/robox/config/mapper_params_online_async.yaml
[4.856s] DEBUG:colcon.colcon_core.task.python.build:While undoing a previous installation files outside the Python library path are being ignored: /home/sfw/project/robox_ws/install/robox/share/robox/config/joystick.yaml
[4.858s] DEBUG:colcon.colcon_core.task.python.build:While undoing a previous installation files outside the Python library path are being ignored: /home/sfw/project/robox_ws/install/robox/lib/robox/drive_node
[4.858s] DEBUG:colcon.colcon_core.task.python.build:While undoing a previous installation files outside the Python library path are being ignored: /home/sfw/project/robox_ws/install/robox/lib/robox/encoder_node
[4.859s] DEBUG:colcon.colcon_core.task.python.build:While undoing a previous installation files outside the Python library path are being ignored: /home/sfw/project/robox_ws/install/robox/lib/robox/key_input_node
[4.859s] DEBUG:colcon.colcon_core.task.python.build:While undoing a previous installation files outside the Python library path are being ignored: /home/sfw/project/robox_ws/install/robox/lib/robox/lidar_node
[4.878s] DEBUG:colcon.colcon_core.event_handler.log_command:Invoking command in '/home/sfw/project/robox_ws/build/robox': PYTHONPATH=/home/sfw/project/robox_ws/build/robox/prefix_override:/home/sfw/project/robox_ws/install/robox/lib/python3.10/site-packages:${PYTHONPATH} /usr/bin/python3 -W ignore:setup.py install is deprecated setup.py develop --editable --build-directory /home/sfw/project/robox_ws/build/robox/build --no-deps symlink_data --force
[7.334s] Level 1:colcon.colcon_core.shell:create_environment_hook('robox', 'pythonpath_develop')
[7.335s] INFO:colcon.colcon_core.shell:Creating environment hook '/home/sfw/project/robox_ws/build/robox/share/robox/hook/pythonpath_develop.ps1'
[7.338s] INFO:colcon.colcon_core.shell:Creating environment descriptor '/home/sfw/project/robox_ws/build/robox/share/robox/hook/pythonpath_develop.dsv'
[7.341s] INFO:colcon.colcon_core.shell:Creating environment hook '/home/sfw/project/robox_ws/build/robox/share/robox/hook/pythonpath_develop.sh'
[7.347s] DEBUG:colcon.colcon_core.event_handler.log_command:Invoked command in '/home/sfw/project/robox_ws/build/robox' returned '0': PYTHONPATH=/home/sfw/project/robox_ws/build/robox/prefix_override:/home/sfw/project/robox_ws/install/robox/lib/python3.10/site-packages:${PYTHONPATH} /usr/bin/python3 -W ignore:setup.py install is deprecated setup.py develop --editable --build-directory /home/sfw/project/robox_ws/build/robox/build --no-deps symlink_data --force
[7.361s] Level 1:colcon.colcon_core.environment:checking '/home/sfw/project/robox_ws/install/robox' for CMake module files
[7.364s] Level 1:colcon.colcon_core.environment:checking '/home/sfw/project/robox_ws/install/robox' for CMake config files
[7.369s] Level 1:colcon.colcon_core.environment:checking '/home/sfw/project/robox_ws/install/robox/lib'
[7.370s] Level 1:colcon.colcon_core.environment:checking '/home/sfw/project/robox_ws/install/robox/bin'
[7.371s] Level 1:colcon.colcon_core.environment:checking '/home/sfw/project/robox_ws/install/robox/lib/pkgconfig/robox.pc'
[7.372s] Level 1:colcon.colcon_core.environment:checking '/home/sfw/project/robox_ws/install/robox/lib/python3.10/site-packages'
[7.372s] Level 1:colcon.colcon_core.shell:create_environment_hook('robox', 'pythonpath')
[7.373s] INFO:colcon.colcon_core.shell:Creating environment hook '/home/sfw/project/robox_ws/install/robox/share/robox/hook/pythonpath.ps1'
[7.375s] INFO:colcon.colcon_core.shell:Creating environment descriptor '/home/sfw/project/robox_ws/install/robox/share/robox/hook/pythonpath.dsv'
[7.377s] INFO:colcon.colcon_core.shell:Creating environment hook '/home/sfw/project/robox_ws/install/robox/share/robox/hook/pythonpath.sh'
[7.380s] Level 1:colcon.colcon_core.environment:checking '/home/sfw/project/robox_ws/install/robox/bin'
[7.380s] Level 1:colcon.colcon_core.environment:create_environment_scripts_only(robox)
[7.382s] INFO:colcon.colcon_core.shell:Creating package script '/home/sfw/project/robox_ws/install/robox/share/robox/package.ps1'
[7.386s] INFO:colcon.colcon_core.shell:Creating package descriptor '/home/sfw/project/robox_ws/install/robox/share/robox/package.dsv'
[7.389s] INFO:colcon.colcon_core.shell:Creating package script '/home/sfw/project/robox_ws/install/robox/share/robox/package.sh'
[7.392s] INFO:colcon.colcon_core.shell:Creating package script '/home/sfw/project/robox_ws/install/robox/share/robox/package.bash'
[7.395s] INFO:colcon.colcon_core.shell:Creating package script '/home/sfw/project/robox_ws/install/robox/share/robox/package.zsh'
[7.399s] Level 1:colcon.colcon_core.environment:create_file_with_runtime_dependencies(/home/sfw/project/robox_ws/install/robox/share/colcon-core/packages/robox)
[7.400s] DEBUG:colcon.colcon_parallel_executor.executor.parallel:closing loop
[7.402s] DEBUG:colcon.colcon_parallel_executor.executor.parallel:loop closed
[7.402s] DEBUG:colcon.colcon_parallel_executor.executor.parallel:run_until_complete finished with '0'
[7.403s] DEBUG:colcon.colcon_core.event_reactor:joining thread
[7.427s] INFO:colcon.colcon_core.plugin_system:Skipping extension 'colcon_notification.desktop_notification.terminal_notifier': Not used on non-Darwin systems
[7.427s] INFO:colcon.colcon_core.plugin_system:Skipping extension 'colcon_notification.desktop_notification.win32': Not used on non-Windows systems
[7.427s] INFO:colcon.colcon_notification.desktop_notification:Sending desktop notification using 'notify2'
[7.473s] DEBUG:colcon.colcon_core.event_reactor:joined thread
[7.474s] INFO:colcon.colcon_core.shell:Creating prefix script '/home/sfw/project/robox_ws/install/local_setup.ps1'
[7.479s] INFO:colcon.colcon_core.shell:Creating prefix util module '/home/sfw/project/robox_ws/install/_local_setup_util_ps1.py'
[7.485s] INFO:colcon.colcon_core.shell:Creating prefix chain script '/home/sfw/project/robox_ws/install/setup.ps1'
[7.489s] INFO:colcon.colcon_core.shell:Creating prefix script '/home/sfw/project/robox_ws/install/local_setup.sh'
[7.493s] INFO:colcon.colcon_core.shell:Creating prefix util module '/home/sfw/project/robox_ws/install/_local_setup_util_sh.py'
[7.496s] INFO:colcon.colcon_core.shell:Creating prefix chain script '/home/sfw/project/robox_ws/install/setup.sh'
[7.501s] INFO:colcon.colcon_core.shell:Creating prefix script '/home/sfw/project/robox_ws/install/local_setup.bash'
[7.504s] INFO:colcon.colcon_core.shell:Creating prefix chain script '/home/sfw/project/robox_ws/install/setup.bash'
[7.508s] INFO:colcon.colcon_core.shell:Creating prefix script '/home/sfw/project/robox_ws/install/local_setup.zsh'
[7.511s] INFO:colcon.colcon_core.shell:Creating prefix chain script '/home/sfw/project/robox_ws/install/setup.zsh'
