[0.437s] DEBUG:colcon:Command line arguments: ['/usr/bin/colcon', 'build', '--symlink-install']
[0.438s] DEBUG:colcon:Parsed command line arguments: Namespace(log_base=None, log_level=None, verb_name='build', build_base='build', install_base='install', merge_install=False, symlink_install=True, test_result_base=None, continue_on_error=False, executor='parallel', parallel_workers=4, event_handlers=None, ignore_user_meta=False, metas=['./colcon.meta'], base_paths=['.'], packages_ignore=None, packages_ignore_regex=None, paths=None, packages_up_to=None, packages_up_to_regex=None, packages_above=None, packages_above_and_dependencies=None, packages_above_depth=None, packages_select_by_dep=None, packages_skip_by_dep=None, packages_skip_up_to=None, packages_select_build_failed=False, packages_skip_build_finished=False, packages_select_test_failures=False, packages_skip_test_passed=False, packages_select=None, packages_skip=None, packages_select_regex=None, packages_skip_regex=None, packages_start=None, packages_end=None, allow_overriding=[], cmake_args=None, cmake_target=None, cmake_target_skip_unavailable=False, cmake_clean_cache=False, cmake_clean_first=False, cmake_force_configure=False, ament_cmake_args=None, catkin_cmake_args=None, catkin_skip_building_tests=False, verb_parser=<colcon_defaults.argument_parser.defaults.DefaultArgumentsDecorator object at 0xffff80de7ee0>, verb_extension=<colcon_core.verb.build.BuildVerb object at 0xffff80f5cb20>, main=<bound method BuildVerb.main of <colcon_core.verb.build.BuildVerb object at 0xffff80f5cb20>>)
[1.367s] Level 1:colcon.colcon_core.package_discovery:discover_packages(colcon_meta) check parameters
[1.368s] Level 1:colcon.colcon_core.package_discovery:discover_packages(recursive) check parameters
[1.368s] Level 1:colcon.colcon_core.package_discovery:discover_packages(ignore) check parameters
[1.368s] Level 1:colcon.colcon_core.package_discovery:discover_packages(path) check parameters
[1.368s] Level 1:colcon.colcon_core.package_discovery:discover_packages(colcon_meta) discover
[1.369s] Level 1:colcon.colcon_core.package_discovery:discover_packages(recursive) discover
[1.369s] INFO:colcon.colcon_core.package_discovery:Crawling recursively for packages in '/home/sfw/project/ros2_ws'
[1.369s] Level 1:colcon.colcon_core.package_identification:_identify(.) by extensions ['ignore', 'ignore_ament_install']
[1.370s] Level 1:colcon.colcon_core.package_identification:_identify(.) by extension 'ignore'
[1.370s] Level 1:colcon.colcon_core.package_identification:_identify(.) by extension 'ignore_ament_install'
[1.371s] Level 1:colcon.colcon_core.package_identification:_identify(.) by extensions ['colcon_pkg']
[1.371s] Level 1:colcon.colcon_core.package_identification:_identify(.) by extension 'colcon_pkg'
[1.371s] Level 1:colcon.colcon_core.package_identification:_identify(.) by extensions ['colcon_meta']
[1.372s] Level 1:colcon.colcon_core.package_identification:_identify(.) by extension 'colcon_meta'
[1.372s] Level 1:colcon.colcon_core.package_identification:_identify(.) by extensions ['ros']
[1.372s] Level 1:colcon.colcon_core.package_identification:_identify(.) by extension 'ros'
[1.429s] Level 1:colcon.colcon_core.package_identification:_identify(.) by extensions ['cmake', 'python']
[1.430s] Level 1:colcon.colcon_core.package_identification:_identify(.) by extension 'cmake'
[1.430s] Level 1:colcon.colcon_core.package_identification:_identify(.) by extension 'python'
[1.430s] Level 1:colcon.colcon_core.package_identification:_identify(.) by extensions ['python_setup_py']
[1.430s] Level 1:colcon.colcon_core.package_identification:_identify(.) by extension 'python_setup_py'
[1.431s] Level 1:colcon.colcon_core.package_identification:_identify(build) by extensions ['ignore', 'ignore_ament_install']
[1.431s] Level 1:colcon.colcon_core.package_identification:_identify(build) by extension 'ignore'
[1.431s] Level 1:colcon.colcon_core.package_identification:_identify(build) ignored
[1.432s] Level 1:colcon.colcon_core.package_identification:_identify(install) by extensions ['ignore', 'ignore_ament_install']
[1.432s] Level 1:colcon.colcon_core.package_identification:_identify(install) by extension 'ignore'
[1.433s] Level 1:colcon.colcon_core.package_identification:_identify(install) ignored
[1.433s] Level 1:colcon.colcon_core.package_identification:_identify(log) by extensions ['ignore', 'ignore_ament_install']
[1.434s] Level 1:colcon.colcon_core.package_identification:_identify(log) by extension 'ignore'
[1.434s] Level 1:colcon.colcon_core.package_identification:_identify(log) ignored
[1.434s] Level 1:colcon.colcon_core.package_identification:_identify(src) by extensions ['ignore', 'ignore_ament_install']
[1.435s] Level 1:colcon.colcon_core.package_identification:_identify(src) by extension 'ignore'
[1.435s] Level 1:colcon.colcon_core.package_identification:_identify(src) by extension 'ignore_ament_install'
[1.435s] Level 1:colcon.colcon_core.package_identification:_identify(src) by extensions ['colcon_pkg']
[1.435s] Level 1:colcon.colcon_core.package_identification:_identify(src) by extension 'colcon_pkg'
[1.436s] Level 1:colcon.colcon_core.package_identification:_identify(src) by extensions ['colcon_meta']
[1.436s] Level 1:colcon.colcon_core.package_identification:_identify(src) by extension 'colcon_meta'
[1.436s] Level 1:colcon.colcon_core.package_identification:_identify(src) by extensions ['ros']
[1.436s] Level 1:colcon.colcon_core.package_identification:_identify(src) by extension 'ros'
[1.436s] Level 1:colcon.colcon_core.package_identification:_identify(src) by extensions ['cmake', 'python']
[1.436s] Level 1:colcon.colcon_core.package_identification:_identify(src) by extension 'cmake'
[1.437s] Level 1:colcon.colcon_core.package_identification:_identify(src) by extension 'python'
[1.437s] Level 1:colcon.colcon_core.package_identification:_identify(src) by extensions ['python_setup_py']
[1.437s] Level 1:colcon.colcon_core.package_identification:_identify(src) by extension 'python_setup_py'
[1.437s] Level 1:colcon.colcon_core.package_identification:_identify(src/robox) by extensions ['ignore', 'ignore_ament_install']
[1.438s] Level 1:colcon.colcon_core.package_identification:_identify(src/robox) by extension 'ignore'
[1.438s] Level 1:colcon.colcon_core.package_identification:_identify(src/robox) by extension 'ignore_ament_install'
[1.438s] Level 1:colcon.colcon_core.package_identification:_identify(src/robox) by extensions ['colcon_pkg']
[1.438s] Level 1:colcon.colcon_core.package_identification:_identify(src/robox) by extension 'colcon_pkg'
[1.439s] Level 1:colcon.colcon_core.package_identification:_identify(src/robox) by extensions ['colcon_meta']
[1.439s] Level 1:colcon.colcon_core.package_identification:_identify(src/robox) by extension 'colcon_meta'
[1.439s] Level 1:colcon.colcon_core.package_identification:_identify(src/robox) by extensions ['ros']
[1.439s] Level 1:colcon.colcon_core.package_identification:_identify(src/robox) by extension 'ros'
[1.449s] DEBUG:colcon.colcon_core.package_identification:Package 'src/robox' with type 'ros.ament_python' and name 'robox'
[1.449s] Level 1:colcon.colcon_core.package_discovery:discover_packages(recursive) using defaults
[1.449s] Level 1:colcon.colcon_core.package_discovery:discover_packages(ignore) discover
[1.450s] Level 1:colcon.colcon_core.package_discovery:discover_packages(ignore) using defaults
[1.450s] Level 1:colcon.colcon_core.package_discovery:discover_packages(path) discover
[1.450s] Level 1:colcon.colcon_core.package_discovery:discover_packages(path) using defaults
[1.524s] Level 1:colcon.colcon_core.package_discovery:discover_packages(prefix_path) check parameters
[1.525s] Level 1:colcon.colcon_core.package_discovery:discover_packages(prefix_path) discover
[1.532s] DEBUG:colcon.colcon_installed_package_information.package_discovery:Found 1 installed packages in /home/sfw/project/ros2_ws/install
[1.541s] DEBUG:colcon.colcon_installed_package_information.package_discovery:Found 270 installed packages in /opt/ros/humble
[1.547s] Level 1:colcon.colcon_core.package_discovery:discover_packages(prefix_path) using defaults
[1.764s] Level 5:colcon.colcon_core.verb:set package 'robox' build argument 'cmake_args' from command line to 'None'
[1.764s] Level 5:colcon.colcon_core.verb:set package 'robox' build argument 'cmake_target' from command line to 'None'
[1.764s] Level 5:colcon.colcon_core.verb:set package 'robox' build argument 'cmake_target_skip_unavailable' from command line to 'False'
[1.765s] Level 5:colcon.colcon_core.verb:set package 'robox' build argument 'cmake_clean_cache' from command line to 'False'
[1.765s] Level 5:colcon.colcon_core.verb:set package 'robox' build argument 'cmake_clean_first' from command line to 'False'
[1.765s] Level 5:colcon.colcon_core.verb:set package 'robox' build argument 'cmake_force_configure' from command line to 'False'
[1.765s] Level 5:colcon.colcon_core.verb:set package 'robox' build argument 'ament_cmake_args' from command line to 'None'
[1.765s] Level 5:colcon.colcon_core.verb:set package 'robox' build argument 'catkin_cmake_args' from command line to 'None'
[1.765s] Level 5:colcon.colcon_core.verb:set package 'robox' build argument 'catkin_skip_building_tests' from command line to 'False'
[1.765s] DEBUG:colcon.colcon_core.verb:Building package 'robox' with the following arguments: {'ament_cmake_args': None, 'build_base': '/home/sfw/project/ros2_ws/build/robox', 'catkin_cmake_args': None, 'catkin_skip_building_tests': False, 'cmake_args': None, 'cmake_clean_cache': False, 'cmake_clean_first': False, 'cmake_force_configure': False, 'cmake_target': None, 'cmake_target_skip_unavailable': False, 'install_base': '/home/sfw/project/ros2_ws/install/robox', 'merge_install': False, 'path': '/home/sfw/project/ros2_ws/src/robox', 'symlink_install': True, 'test_result_base': None}
[1.766s] INFO:colcon.colcon_core.executor:Executing jobs using 'parallel' executor
[1.770s] DEBUG:colcon.colcon_parallel_executor.executor.parallel:run_until_complete
[1.771s] INFO:colcon.colcon_ros.task.ament_python.build:Building ROS package in '/home/sfw/project/ros2_ws/src/robox' with build type 'ament_python'
[1.772s] Level 1:colcon.colcon_core.shell:create_environment_hook('robox', 'ament_prefix_path')
[1.783s] INFO:colcon.colcon_core.plugin_system:Skipping extension 'colcon_core.shell.bat': Not used on non-Windows systems
[1.784s] INFO:colcon.colcon_core.shell:Creating environment hook '/home/sfw/project/ros2_ws/install/robox/share/robox/hook/ament_prefix_path.ps1'
[1.787s] INFO:colcon.colcon_core.shell:Creating environment descriptor '/home/sfw/project/ros2_ws/install/robox/share/robox/hook/ament_prefix_path.dsv'
[1.789s] INFO:colcon.colcon_core.shell:Creating environment hook '/home/sfw/project/ros2_ws/install/robox/share/robox/hook/ament_prefix_path.sh'
[1.792s] INFO:colcon.colcon_core.shell:Skip shell extension 'powershell' for command environment: Not usable outside of PowerShell
[1.793s] DEBUG:colcon.colcon_core.shell:Skip shell extension 'dsv' for command environment
[2.994s] INFO:colcon.colcon_core.task.python.build:Building Python package in '/home/sfw/project/ros2_ws/src/robox'
[2.995s] INFO:colcon.colcon_core.shell:Skip shell extension 'powershell' for command environment: Not usable outside of PowerShell
[2.995s] DEBUG:colcon.colcon_core.shell:Skip shell extension 'dsv' for command environment
[4.626s] DEBUG:colcon.colcon_core.event_handler.log_command:Invoking command in '/home/sfw/project/ros2_ws/build/robox': PYTHONPATH=/home/sfw/project/ros2_ws/build/robox/prefix_override:/home/sfw/project/ros2_ws/install/robox/lib/python3.10/site-packages:${PYTHONPATH} /usr/bin/python3 -W ignore:setup.py install is deprecated setup.py develop --editable --build-directory /home/sfw/project/ros2_ws/build/robox/build --no-deps symlink_data
[6.799s] Level 1:colcon.colcon_core.shell:create_environment_hook('robox', 'pythonpath_develop')
[6.800s] INFO:colcon.colcon_core.shell:Creating environment hook '/home/sfw/project/ros2_ws/build/robox/share/robox/hook/pythonpath_develop.ps1'
[6.801s] DEBUG:colcon.colcon_core.event_handler.log_command:Invoked command in '/home/sfw/project/ros2_ws/build/robox' returned '0': PYTHONPATH=/home/sfw/project/ros2_ws/build/robox/prefix_override:/home/sfw/project/ros2_ws/install/robox/lib/python3.10/site-packages:${PYTHONPATH} /usr/bin/python3 -W ignore:setup.py install is deprecated setup.py develop --editable --build-directory /home/sfw/project/ros2_ws/build/robox/build --no-deps symlink_data
[6.803s] INFO:colcon.colcon_core.shell:Creating environment descriptor '/home/sfw/project/ros2_ws/build/robox/share/robox/hook/pythonpath_develop.dsv'
[6.804s] INFO:colcon.colcon_core.shell:Creating environment hook '/home/sfw/project/ros2_ws/build/robox/share/robox/hook/pythonpath_develop.sh'
[6.818s] Level 1:colcon.colcon_core.environment:checking '/home/sfw/project/ros2_ws/install/robox' for CMake module files
[6.821s] Level 1:colcon.colcon_core.environment:checking '/home/sfw/project/ros2_ws/install/robox' for CMake config files
[6.824s] Level 1:colcon.colcon_core.environment:checking '/home/sfw/project/ros2_ws/install/robox/lib'
[6.825s] Level 1:colcon.colcon_core.environment:checking '/home/sfw/project/ros2_ws/install/robox/bin'
[6.825s] Level 1:colcon.colcon_core.environment:checking '/home/sfw/project/ros2_ws/install/robox/lib/pkgconfig/robox.pc'
[6.826s] Level 1:colcon.colcon_core.environment:checking '/home/sfw/project/ros2_ws/install/robox/lib/python3.10/site-packages'
[6.827s] Level 1:colcon.colcon_core.shell:create_environment_hook('robox', 'pythonpath')
[6.828s] INFO:colcon.colcon_core.shell:Creating environment hook '/home/sfw/project/ros2_ws/install/robox/share/robox/hook/pythonpath.ps1'
[6.830s] INFO:colcon.colcon_core.shell:Creating environment descriptor '/home/sfw/project/ros2_ws/install/robox/share/robox/hook/pythonpath.dsv'
[6.831s] INFO:colcon.colcon_core.shell:Creating environment hook '/home/sfw/project/ros2_ws/install/robox/share/robox/hook/pythonpath.sh'
[6.834s] Level 1:colcon.colcon_core.environment:checking '/home/sfw/project/ros2_ws/install/robox/bin'
[6.835s] Level 1:colcon.colcon_core.environment:create_environment_scripts_only(robox)
[6.837s] INFO:colcon.colcon_core.shell:Creating package script '/home/sfw/project/ros2_ws/install/robox/share/robox/package.ps1'
[6.841s] INFO:colcon.colcon_core.shell:Creating package descriptor '/home/sfw/project/ros2_ws/install/robox/share/robox/package.dsv'
[6.843s] INFO:colcon.colcon_core.shell:Creating package script '/home/sfw/project/ros2_ws/install/robox/share/robox/package.sh'
[6.847s] INFO:colcon.colcon_core.shell:Creating package script '/home/sfw/project/ros2_ws/install/robox/share/robox/package.bash'
[6.850s] INFO:colcon.colcon_core.shell:Creating package script '/home/sfw/project/ros2_ws/install/robox/share/robox/package.zsh'
[6.853s] Level 1:colcon.colcon_core.environment:create_file_with_runtime_dependencies(/home/sfw/project/ros2_ws/install/robox/share/colcon-core/packages/robox)
[6.855s] DEBUG:colcon.colcon_parallel_executor.executor.parallel:closing loop
[6.856s] DEBUG:colcon.colcon_parallel_executor.executor.parallel:loop closed
[6.856s] DEBUG:colcon.colcon_parallel_executor.executor.parallel:run_until_complete finished with '0'
[6.857s] DEBUG:colcon.colcon_core.event_reactor:joining thread
[6.880s] INFO:colcon.colcon_core.plugin_system:Skipping extension 'colcon_notification.desktop_notification.terminal_notifier': Not used on non-Darwin systems
[6.881s] INFO:colcon.colcon_core.plugin_system:Skipping extension 'colcon_notification.desktop_notification.win32': Not used on non-Windows systems
[6.881s] INFO:colcon.colcon_notification.desktop_notification:Sending desktop notification using 'notify2'
[6.937s] DEBUG:colcon.colcon_core.event_reactor:joined thread
[6.939s] INFO:colcon.colcon_core.shell:Creating prefix script '/home/sfw/project/ros2_ws/install/local_setup.ps1'
[6.942s] INFO:colcon.colcon_core.shell:Creating prefix util module '/home/sfw/project/ros2_ws/install/_local_setup_util_ps1.py'
[6.948s] INFO:colcon.colcon_core.shell:Creating prefix chain script '/home/sfw/project/ros2_ws/install/setup.ps1'
[6.953s] INFO:colcon.colcon_core.shell:Creating prefix script '/home/sfw/project/ros2_ws/install/local_setup.sh'
[6.956s] INFO:colcon.colcon_core.shell:Creating prefix util module '/home/sfw/project/ros2_ws/install/_local_setup_util_sh.py'
[6.958s] INFO:colcon.colcon_core.shell:Creating prefix chain script '/home/sfw/project/ros2_ws/install/setup.sh'
[6.962s] INFO:colcon.colcon_core.shell:Creating prefix script '/home/sfw/project/ros2_ws/install/local_setup.bash'
[6.965s] INFO:colcon.colcon_core.shell:Creating prefix chain script '/home/sfw/project/ros2_ws/install/setup.bash'
[6.969s] INFO:colcon.colcon_core.shell:Creating prefix script '/home/sfw/project/ros2_ws/install/local_setup.zsh'
[6.971s] INFO:colcon.colcon_core.shell:Creating prefix chain script '/home/sfw/project/ros2_ws/install/setup.zsh'
