[0.546s] DEBUG:colcon:Command line arguments: ['/usr/bin/colcon', 'build', '--symlink-install']
[0.546s] DEBUG:colcon:Parsed command line arguments: Namespace(log_base=None, log_level=None, verb_name='build', build_base='build', install_base='install', merge_install=False, symlink_install=True, test_result_base=None, continue_on_error=False, executor='parallel', parallel_workers=4, event_handlers=None, ignore_user_meta=False, metas=['./colcon.meta'], base_paths=['.'], packages_ignore=None, packages_ignore_regex=None, paths=None, packages_up_to=None, packages_up_to_regex=None, packages_above=None, packages_above_and_dependencies=None, packages_above_depth=None, packages_select_by_dep=None, packages_skip_by_dep=None, packages_skip_up_to=None, packages_select_build_failed=False, packages_skip_build_finished=False, packages_select_test_failures=False, packages_skip_test_passed=False, packages_select=None, packages_skip=None, packages_select_regex=None, packages_skip_regex=None, packages_start=None, packages_end=None, allow_overriding=[], cmake_args=None, cmake_target=None, cmake_target_skip_unavailable=False, cmake_clean_cache=False, cmake_clean_first=False, cmake_force_configure=False, ament_cmake_args=None, catkin_cmake_args=None, catkin_skip_building_tests=False, verb_parser=<colcon_defaults.argument_parser.defaults.DefaultArgumentsDecorator object at 0xffff908e9510>, verb_extension=<colcon_core.verb.build.BuildVerb object at 0xffff909de0e0>, main=<bound method BuildVerb.main of <colcon_core.verb.build.BuildVerb object at 0xffff909de0e0>>)
[1.607s] Level 1:colcon.colcon_core.package_discovery:discover_packages(colcon_meta) check parameters
[1.607s] Level 1:colcon.colcon_core.package_discovery:discover_packages(recursive) check parameters
[1.607s] Level 1:colcon.colcon_core.package_discovery:discover_packages(ignore) check parameters
[1.607s] Level 1:colcon.colcon_core.package_discovery:discover_packages(path) check parameters
[1.607s] Level 1:colcon.colcon_core.package_discovery:discover_packages(colcon_meta) discover
[1.608s] Level 1:colcon.colcon_core.package_discovery:discover_packages(recursive) discover
[1.608s] INFO:colcon.colcon_core.package_discovery:Crawling recursively for packages in '/home/sfw/project/control_ws'
[1.608s] Level 1:colcon.colcon_core.package_identification:_identify(.) by extensions ['ignore', 'ignore_ament_install']
[1.609s] Level 1:colcon.colcon_core.package_identification:_identify(.) by extension 'ignore'
[1.609s] Level 1:colcon.colcon_core.package_identification:_identify(.) by extension 'ignore_ament_install'
[1.609s] Level 1:colcon.colcon_core.package_identification:_identify(.) by extensions ['colcon_pkg']
[1.609s] Level 1:colcon.colcon_core.package_identification:_identify(.) by extension 'colcon_pkg'
[1.609s] Level 1:colcon.colcon_core.package_identification:_identify(.) by extensions ['colcon_meta']
[1.609s] Level 1:colcon.colcon_core.package_identification:_identify(.) by extension 'colcon_meta'
[1.610s] Level 1:colcon.colcon_core.package_identification:_identify(.) by extensions ['ros']
[1.610s] Level 1:colcon.colcon_core.package_identification:_identify(.) by extension 'ros'
[1.657s] Level 1:colcon.colcon_core.package_identification:_identify(.) by extensions ['cmake', 'python']
[1.657s] Level 1:colcon.colcon_core.package_identification:_identify(.) by extension 'cmake'
[1.657s] Level 1:colcon.colcon_core.package_identification:_identify(.) by extension 'python'
[1.658s] Level 1:colcon.colcon_core.package_identification:_identify(.) by extensions ['python_setup_py']
[1.658s] Level 1:colcon.colcon_core.package_identification:_identify(.) by extension 'python_setup_py'
[1.658s] Level 1:colcon.colcon_core.package_identification:_identify(build) by extensions ['ignore', 'ignore_ament_install']
[1.658s] Level 1:colcon.colcon_core.package_identification:_identify(build) by extension 'ignore'
[1.659s] Level 1:colcon.colcon_core.package_identification:_identify(build) ignored
[1.659s] Level 1:colcon.colcon_core.package_identification:_identify(install) by extensions ['ignore', 'ignore_ament_install']
[1.660s] Level 1:colcon.colcon_core.package_identification:_identify(install) by extension 'ignore'
[1.660s] Level 1:colcon.colcon_core.package_identification:_identify(install) ignored
[1.661s] Level 1:colcon.colcon_core.package_identification:_identify(log) by extensions ['ignore', 'ignore_ament_install']
[1.661s] Level 1:colcon.colcon_core.package_identification:_identify(log) by extension 'ignore'
[1.661s] Level 1:colcon.colcon_core.package_identification:_identify(log) ignored
[1.661s] Level 1:colcon.colcon_core.package_identification:_identify(src) by extensions ['ignore', 'ignore_ament_install']
[1.662s] Level 1:colcon.colcon_core.package_identification:_identify(src) by extension 'ignore'
[1.662s] Level 1:colcon.colcon_core.package_identification:_identify(src) by extension 'ignore_ament_install'
[1.662s] Level 1:colcon.colcon_core.package_identification:_identify(src) by extensions ['colcon_pkg']
[1.662s] Level 1:colcon.colcon_core.package_identification:_identify(src) by extension 'colcon_pkg'
[1.662s] Level 1:colcon.colcon_core.package_identification:_identify(src) by extensions ['colcon_meta']
[1.663s] Level 1:colcon.colcon_core.package_identification:_identify(src) by extension 'colcon_meta'
[1.663s] Level 1:colcon.colcon_core.package_identification:_identify(src) by extensions ['ros']
[1.663s] Level 1:colcon.colcon_core.package_identification:_identify(src) by extension 'ros'
[1.663s] Level 1:colcon.colcon_core.package_identification:_identify(src) by extensions ['cmake', 'python']
[1.663s] Level 1:colcon.colcon_core.package_identification:_identify(src) by extension 'cmake'
[1.663s] Level 1:colcon.colcon_core.package_identification:_identify(src) by extension 'python'
[1.664s] Level 1:colcon.colcon_core.package_identification:_identify(src) by extensions ['python_setup_py']
[1.664s] Level 1:colcon.colcon_core.package_identification:_identify(src) by extension 'python_setup_py'
[1.664s] Level 1:colcon.colcon_core.package_identification:_identify(src/ros2_control_demo_example_2) by extensions ['ignore', 'ignore_ament_install']
[1.665s] Level 1:colcon.colcon_core.package_identification:_identify(src/ros2_control_demo_example_2) by extension 'ignore'
[1.665s] Level 1:colcon.colcon_core.package_identification:_identify(src/ros2_control_demo_example_2) by extension 'ignore_ament_install'
[1.665s] Level 1:colcon.colcon_core.package_identification:_identify(src/ros2_control_demo_example_2) by extensions ['colcon_pkg']
[1.665s] Level 1:colcon.colcon_core.package_identification:_identify(src/ros2_control_demo_example_2) by extension 'colcon_pkg'
[1.665s] Level 1:colcon.colcon_core.package_identification:_identify(src/ros2_control_demo_example_2) by extensions ['colcon_meta']
[1.665s] Level 1:colcon.colcon_core.package_identification:_identify(src/ros2_control_demo_example_2) by extension 'colcon_meta'
[1.666s] Level 1:colcon.colcon_core.package_identification:_identify(src/ros2_control_demo_example_2) by extensions ['ros']
[1.666s] Level 1:colcon.colcon_core.package_identification:_identify(src/ros2_control_demo_example_2) by extension 'ros'
[1.676s] DEBUG:colcon.colcon_core.package_identification:Package 'src/ros2_control_demo_example_2' with type 'ros.ament_cmake' and name 'ros2_control_demo_example_2'
[1.676s] Level 1:colcon.colcon_core.package_discovery:discover_packages(recursive) using defaults
[1.677s] Level 1:colcon.colcon_core.package_discovery:discover_packages(ignore) discover
[1.677s] Level 1:colcon.colcon_core.package_discovery:discover_packages(ignore) using defaults
[1.677s] Level 1:colcon.colcon_core.package_discovery:discover_packages(path) discover
[1.677s] Level 1:colcon.colcon_core.package_discovery:discover_packages(path) using defaults
[1.760s] Level 1:colcon.colcon_core.package_discovery:discover_packages(prefix_path) check parameters
[1.760s] Level 1:colcon.colcon_core.package_discovery:discover_packages(prefix_path) discover
[1.765s] WARNING:colcon.colcon_ros.prefix_path.ament:The path '/home/sfw/project/control_ws/install/ros2_control_demo_example_2' in the environment variable AMENT_PREFIX_PATH doesn't exist
[1.766s] WARNING:colcon.colcon_ros.prefix_path.catkin:The path '/home/sfw/project/control_ws/install/ros2_control_demo_example_2' in the environment variable CMAKE_PREFIX_PATH doesn't exist
[1.769s] DEBUG:colcon.colcon_installed_package_information.package_discovery:Found 0 installed packages in /home/sfw/project/control_ws/install
[1.771s] DEBUG:colcon.colcon_installed_package_information.package_discovery:Found 1 installed packages in /home/sfw/project/robox_ws/install
[1.782s] DEBUG:colcon.colcon_installed_package_information.package_discovery:Found 355 installed packages in /opt/ros/humble
[1.827s] Level 1:colcon.colcon_core.package_discovery:discover_packages(prefix_path) using defaults
[2.038s] Level 5:colcon.colcon_core.verb:set package 'ros2_control_demo_example_2' build argument 'cmake_args' from command line to 'None'
[2.039s] Level 5:colcon.colcon_core.verb:set package 'ros2_control_demo_example_2' build argument 'cmake_target' from command line to 'None'
[2.039s] Level 5:colcon.colcon_core.verb:set package 'ros2_control_demo_example_2' build argument 'cmake_target_skip_unavailable' from command line to 'False'
[2.039s] Level 5:colcon.colcon_core.verb:set package 'ros2_control_demo_example_2' build argument 'cmake_clean_cache' from command line to 'False'
[2.039s] Level 5:colcon.colcon_core.verb:set package 'ros2_control_demo_example_2' build argument 'cmake_clean_first' from command line to 'False'
[2.039s] Level 5:colcon.colcon_core.verb:set package 'ros2_control_demo_example_2' build argument 'cmake_force_configure' from command line to 'False'
[2.039s] Level 5:colcon.colcon_core.verb:set package 'ros2_control_demo_example_2' build argument 'ament_cmake_args' from command line to 'None'
[2.039s] Level 5:colcon.colcon_core.verb:set package 'ros2_control_demo_example_2' build argument 'catkin_cmake_args' from command line to 'None'
[2.039s] Level 5:colcon.colcon_core.verb:set package 'ros2_control_demo_example_2' build argument 'catkin_skip_building_tests' from command line to 'False'
[2.040s] DEBUG:colcon.colcon_core.verb:Building package 'ros2_control_demo_example_2' with the following arguments: {'ament_cmake_args': None, 'build_base': '/home/sfw/project/control_ws/build/ros2_control_demo_example_2', 'catkin_cmake_args': None, 'catkin_skip_building_tests': False, 'cmake_args': None, 'cmake_clean_cache': False, 'cmake_clean_first': False, 'cmake_force_configure': False, 'cmake_target': None, 'cmake_target_skip_unavailable': False, 'install_base': '/home/sfw/project/control_ws/install/ros2_control_demo_example_2', 'merge_install': False, 'path': '/home/sfw/project/control_ws/src/ros2_control_demo_example_2', 'symlink_install': True, 'test_result_base': None}
[2.040s] INFO:colcon.colcon_core.executor:Executing jobs using 'parallel' executor
[2.043s] DEBUG:colcon.colcon_parallel_executor.executor.parallel:run_until_complete
[2.044s] INFO:colcon.colcon_ros.task.ament_cmake.build:Building ROS package in '/home/sfw/project/control_ws/src/ros2_control_demo_example_2' with build type 'ament_cmake'
[2.045s] INFO:colcon.colcon_cmake.task.cmake.build:Building CMake package in '/home/sfw/project/control_ws/src/ros2_control_demo_example_2'
[2.055s] INFO:colcon.colcon_core.plugin_system:Skipping extension 'colcon_core.shell.bat': Not used on non-Windows systems
[2.056s] INFO:colcon.colcon_core.shell:Skip shell extension 'powershell' for command environment: Not usable outside of PowerShell
[2.056s] DEBUG:colcon.colcon_core.shell:Skip shell extension 'dsv' for command environment
[2.097s] DEBUG:colcon.colcon_core.event_handler.log_command:Invoking command in '/home/sfw/project/control_ws/build/ros2_control_demo_example_2': CMAKE_PREFIX_PATH=${CMAKE_PREFIX_PATH}:/home/sfw/project/robox_ws/install/robox:/opt/ros/humble /usr/bin/cmake /home/sfw/project/control_ws/src/ros2_control_demo_example_2 -DAMENT_CMAKE_SYMLINK_INSTALL=1 -DCMAKE_INSTALL_PREFIX=/home/sfw/project/control_ws/install/ros2_control_demo_example_2
[15.371s] DEBUG:colcon.colcon_core.event_handler.log_command:Invoked command in '/home/sfw/project/control_ws/build/ros2_control_demo_example_2' returned '0': CMAKE_PREFIX_PATH=${CMAKE_PREFIX_PATH}:/home/sfw/project/robox_ws/install/robox:/opt/ros/humble /usr/bin/cmake /home/sfw/project/control_ws/src/ros2_control_demo_example_2 -DAMENT_CMAKE_SYMLINK_INSTALL=1 -DCMAKE_INSTALL_PREFIX=/home/sfw/project/control_ws/install/ros2_control_demo_example_2
[15.386s] DEBUG:colcon.colcon_core.event_handler.log_command:Invoking command in '/home/sfw/project/control_ws/build/ros2_control_demo_example_2': CMAKE_PREFIX_PATH=${CMAKE_PREFIX_PATH}:/home/sfw/project/robox_ws/install/robox:/opt/ros/humble /usr/bin/cmake --build /home/sfw/project/control_ws/build/ros2_control_demo_example_2 -- -j4 -l4
[32.014s] DEBUG:colcon.colcon_core.event_handler.log_command:Invoked command in '/home/sfw/project/control_ws/build/ros2_control_demo_example_2' returned '0': CMAKE_PREFIX_PATH=${CMAKE_PREFIX_PATH}:/home/sfw/project/robox_ws/install/robox:/opt/ros/humble /usr/bin/cmake --build /home/sfw/project/control_ws/build/ros2_control_demo_example_2 -- -j4 -l4
[32.205s] DEBUG:colcon.colcon_core.event_handler.log_command:Invoking command in '/home/sfw/project/control_ws/build/ros2_control_demo_example_2': CMAKE_PREFIX_PATH=${CMAKE_PREFIX_PATH}:/home/sfw/project/robox_ws/install/robox:/opt/ros/humble /usr/bin/cmake --install /home/sfw/project/control_ws/build/ros2_control_demo_example_2
[33.223s] Level 1:colcon.colcon_core.environment:create_environment_scripts_only(ros2_control_demo_example_2)
[33.224s] DEBUG:colcon.colcon_core.event_handler.log_command:Invoked command in '/home/sfw/project/control_ws/build/ros2_control_demo_example_2' returned '0': CMAKE_PREFIX_PATH=${CMAKE_PREFIX_PATH}:/home/sfw/project/robox_ws/install/robox:/opt/ros/humble /usr/bin/cmake --install /home/sfw/project/control_ws/build/ros2_control_demo_example_2
[33.239s] Level 1:colcon.colcon_core.environment:checking '/home/sfw/project/control_ws/install/ros2_control_demo_example_2' for CMake module files
[33.244s] Level 1:colcon.colcon_core.environment:checking '/home/sfw/project/control_ws/install/ros2_control_demo_example_2' for CMake config files
[33.246s] Level 1:colcon.colcon_core.shell:create_environment_hook('ros2_control_demo_example_2', 'cmake_prefix_path')
[33.248s] INFO:colcon.colcon_core.shell:Creating environment hook '/home/sfw/project/control_ws/install/ros2_control_demo_example_2/share/ros2_control_demo_example_2/hook/cmake_prefix_path.ps1'
[33.251s] INFO:colcon.colcon_core.shell:Creating environment descriptor '/home/sfw/project/control_ws/install/ros2_control_demo_example_2/share/ros2_control_demo_example_2/hook/cmake_prefix_path.dsv'
[33.254s] INFO:colcon.colcon_core.shell:Creating environment hook '/home/sfw/project/control_ws/install/ros2_control_demo_example_2/share/ros2_control_demo_example_2/hook/cmake_prefix_path.sh'
[33.259s] Level 1:colcon.colcon_core.environment:checking '/home/sfw/project/control_ws/install/ros2_control_demo_example_2/lib'
[33.260s] Level 1:colcon.colcon_core.shell:create_environment_hook('ros2_control_demo_example_2', 'ld_library_path_lib')
[33.262s] INFO:colcon.colcon_core.shell:Creating environment hook '/home/sfw/project/control_ws/install/ros2_control_demo_example_2/share/ros2_control_demo_example_2/hook/ld_library_path_lib.ps1'
[33.264s] INFO:colcon.colcon_core.shell:Creating environment descriptor '/home/sfw/project/control_ws/install/ros2_control_demo_example_2/share/ros2_control_demo_example_2/hook/ld_library_path_lib.dsv'
[33.266s] INFO:colcon.colcon_core.shell:Creating environment hook '/home/sfw/project/control_ws/install/ros2_control_demo_example_2/share/ros2_control_demo_example_2/hook/ld_library_path_lib.sh'
[33.268s] Level 1:colcon.colcon_core.environment:checking '/home/sfw/project/control_ws/install/ros2_control_demo_example_2/bin'
[33.269s] Level 1:colcon.colcon_core.environment:checking '/home/sfw/project/control_ws/install/ros2_control_demo_example_2/lib/pkgconfig/ros2_control_demo_example_2.pc'
[33.270s] Level 1:colcon.colcon_core.environment:checking '/home/sfw/project/control_ws/install/ros2_control_demo_example_2/lib/python3.10/site-packages'
[33.271s] Level 1:colcon.colcon_core.environment:checking '/home/sfw/project/control_ws/install/ros2_control_demo_example_2/bin'
[33.273s] INFO:colcon.colcon_core.shell:Creating package script '/home/sfw/project/control_ws/install/ros2_control_demo_example_2/share/ros2_control_demo_example_2/package.ps1'
[33.276s] INFO:colcon.colcon_core.shell:Creating package descriptor '/home/sfw/project/control_ws/install/ros2_control_demo_example_2/share/ros2_control_demo_example_2/package.dsv'
[33.279s] INFO:colcon.colcon_core.shell:Creating package script '/home/sfw/project/control_ws/install/ros2_control_demo_example_2/share/ros2_control_demo_example_2/package.sh'
[33.281s] INFO:colcon.colcon_core.shell:Creating package script '/home/sfw/project/control_ws/install/ros2_control_demo_example_2/share/ros2_control_demo_example_2/package.bash'
[33.284s] INFO:colcon.colcon_core.shell:Creating package script '/home/sfw/project/control_ws/install/ros2_control_demo_example_2/share/ros2_control_demo_example_2/package.zsh'
[33.287s] Level 1:colcon.colcon_core.environment:create_file_with_runtime_dependencies(/home/sfw/project/control_ws/install/ros2_control_demo_example_2/share/colcon-core/packages/ros2_control_demo_example_2)
[33.437s] Level 1:colcon.colcon_core.environment:create_environment_scripts_only(ros2_control_demo_example_2)
[33.438s] Level 1:colcon.colcon_core.environment:checking '/home/sfw/project/control_ws/install/ros2_control_demo_example_2' for CMake module files
[33.442s] Level 1:colcon.colcon_core.environment:checking '/home/sfw/project/control_ws/install/ros2_control_demo_example_2' for CMake config files
[33.444s] Level 1:colcon.colcon_core.shell:create_environment_hook('ros2_control_demo_example_2', 'cmake_prefix_path')
[33.445s] INFO:colcon.colcon_core.shell:Creating environment hook '/home/sfw/project/control_ws/install/ros2_control_demo_example_2/share/ros2_control_demo_example_2/hook/cmake_prefix_path.ps1'
[33.447s] INFO:colcon.colcon_core.shell:Creating environment descriptor '/home/sfw/project/control_ws/install/ros2_control_demo_example_2/share/ros2_control_demo_example_2/hook/cmake_prefix_path.dsv'
[33.449s] INFO:colcon.colcon_core.shell:Creating environment hook '/home/sfw/project/control_ws/install/ros2_control_demo_example_2/share/ros2_control_demo_example_2/hook/cmake_prefix_path.sh'
[33.452s] Level 1:colcon.colcon_core.environment:checking '/home/sfw/project/control_ws/install/ros2_control_demo_example_2/lib'
[33.453s] Level 1:colcon.colcon_core.shell:create_environment_hook('ros2_control_demo_example_2', 'ld_library_path_lib')
[33.454s] INFO:colcon.colcon_core.shell:Creating environment hook '/home/sfw/project/control_ws/install/ros2_control_demo_example_2/share/ros2_control_demo_example_2/hook/ld_library_path_lib.ps1'
[33.456s] INFO:colcon.colcon_core.shell:Creating environment descriptor '/home/sfw/project/control_ws/install/ros2_control_demo_example_2/share/ros2_control_demo_example_2/hook/ld_library_path_lib.dsv'
[33.458s] INFO:colcon.colcon_core.shell:Creating environment hook '/home/sfw/project/control_ws/install/ros2_control_demo_example_2/share/ros2_control_demo_example_2/hook/ld_library_path_lib.sh'
[33.460s] Level 1:colcon.colcon_core.environment:checking '/home/sfw/project/control_ws/install/ros2_control_demo_example_2/bin'
[33.461s] Level 1:colcon.colcon_core.environment:checking '/home/sfw/project/control_ws/install/ros2_control_demo_example_2/lib/pkgconfig/ros2_control_demo_example_2.pc'
[33.461s] Level 1:colcon.colcon_core.environment:checking '/home/sfw/project/control_ws/install/ros2_control_demo_example_2/lib/python3.10/site-packages'
[33.462s] Level 1:colcon.colcon_core.environment:checking '/home/sfw/project/control_ws/install/ros2_control_demo_example_2/bin'
[33.463s] INFO:colcon.colcon_core.shell:Creating package script '/home/sfw/project/control_ws/install/ros2_control_demo_example_2/share/ros2_control_demo_example_2/package.ps1'
[33.466s] INFO:colcon.colcon_core.shell:Creating package descriptor '/home/sfw/project/control_ws/install/ros2_control_demo_example_2/share/ros2_control_demo_example_2/package.dsv'
[33.469s] INFO:colcon.colcon_core.shell:Creating package script '/home/sfw/project/control_ws/install/ros2_control_demo_example_2/share/ros2_control_demo_example_2/package.sh'
[33.471s] INFO:colcon.colcon_core.shell:Creating package script '/home/sfw/project/control_ws/install/ros2_control_demo_example_2/share/ros2_control_demo_example_2/package.bash'
[33.472s] INFO:colcon.colcon_core.shell:Creating package script '/home/sfw/project/control_ws/install/ros2_control_demo_example_2/share/ros2_control_demo_example_2/package.zsh'
[33.474s] Level 1:colcon.colcon_core.environment:create_file_with_runtime_dependencies(/home/sfw/project/control_ws/install/ros2_control_demo_example_2/share/colcon-core/packages/ros2_control_demo_example_2)
[33.476s] DEBUG:colcon.colcon_parallel_executor.executor.parallel:closing loop
[33.477s] DEBUG:colcon.colcon_parallel_executor.executor.parallel:loop closed
[33.477s] DEBUG:colcon.colcon_parallel_executor.executor.parallel:run_until_complete finished with '0'
[33.478s] DEBUG:colcon.colcon_core.event_reactor:joining thread
[33.500s] INFO:colcon.colcon_core.plugin_system:Skipping extension 'colcon_notification.desktop_notification.terminal_notifier': Not used on non-Darwin systems
[33.501s] INFO:colcon.colcon_core.plugin_system:Skipping extension 'colcon_notification.desktop_notification.win32': Not used on non-Windows systems
[33.501s] INFO:colcon.colcon_notification.desktop_notification:Sending desktop notification using 'notify2'
[33.548s] DEBUG:colcon.colcon_core.event_reactor:joined thread
[33.549s] INFO:colcon.colcon_core.shell:Creating prefix script '/home/sfw/project/control_ws/install/local_setup.ps1'
[33.552s] INFO:colcon.colcon_core.shell:Creating prefix util module '/home/sfw/project/control_ws/install/_local_setup_util_ps1.py'
[33.559s] INFO:colcon.colcon_core.shell:Creating prefix chain script '/home/sfw/project/control_ws/install/setup.ps1'
[33.565s] INFO:colcon.colcon_core.shell:Creating prefix script '/home/sfw/project/control_ws/install/local_setup.sh'
[33.567s] INFO:colcon.colcon_core.shell:Creating prefix util module '/home/sfw/project/control_ws/install/_local_setup_util_sh.py'
[33.569s] INFO:colcon.colcon_core.shell:Creating prefix chain script '/home/sfw/project/control_ws/install/setup.sh'
[33.575s] INFO:colcon.colcon_core.shell:Creating prefix script '/home/sfw/project/control_ws/install/local_setup.bash'
[33.577s] INFO:colcon.colcon_core.shell:Creating prefix chain script '/home/sfw/project/control_ws/install/setup.bash'
[33.582s] INFO:colcon.colcon_core.shell:Creating prefix script '/home/sfw/project/control_ws/install/local_setup.zsh'
[33.584s] INFO:colcon.colcon_core.shell:Creating prefix chain script '/home/sfw/project/control_ws/install/setup.zsh'
