[3.210s] Invoking command in '/home/sfw/project/robox_ws/build/robox': PYTHONPATH=/home/sfw/project/robox_ws/build/robox/prefix_override:/home/sfw/project/robox_ws/install/robox/lib/python3.10/site-packages:${PYTHONPATH} /usr/bin/python3 -W ignore:setup.py install is deprecated setup.py develop --editable --build-directory /home/sfw/project/robox_ws/build/robox/build --no-deps symlink_data
[4.484s] running develop
[4.486s] /usr/lib/python3/dist-packages/setuptools/command/easy_install.py:158: EasyInstallDeprecationWarning: easy_install command is deprecated. Use build and pip and other standards-based tools.
[4.486s]   warnings.warn(
[5.514s] running egg_info
[5.514s] writing robox.egg-info/PKG-INFO
[5.515s] writing dependency_links to robox.egg-info/dependency_links.txt
[5.516s] writing entry points to robox.egg-info/entry_points.txt
[5.517s] writing requirements to robox.egg-info/requires.txt
[5.518s] writing top-level names to robox.egg-info/top_level.txt
[5.533s] reading manifest file 'robox.egg-info/SOURCES.txt'
[5.537s] writing manifest file 'robox.egg-info/SOURCES.txt'
[5.543s] running build_ext
[5.544s] Creating /home/sfw/project/robox_ws/install/robox/lib/python3.10/site-packages/robox.egg-link (link to .)
[5.548s] Installing drive_node script to /home/sfw/project/robox_ws/install/robox/lib/robox
[5.549s] Installing dynamic_transform script to /home/sfw/project/robox_ws/install/robox/lib/robox
[5.550s] Installing encoder_node script to /home/sfw/project/robox_ws/install/robox/lib/robox
[5.551s] Installing key_input_node script to /home/sfw/project/robox_ws/install/robox/lib/robox
[5.552s] Installing lidar_node script to /home/sfw/project/robox_ws/install/robox/lib/robox
[5.554s] 
[5.554s] Installed /home/sfw/project/robox_ws/build/robox
[5.555s] running symlink_data
[5.701s] Invoked command in '/home/sfw/project/robox_ws/build/robox' returned '0': PYTHONPATH=/home/sfw/project/robox_ws/build/robox/prefix_override:/home/sfw/project/robox_ws/install/robox/lib/python3.10/site-packages:${PYTHONPATH} /usr/bin/python3 -W ignore:setup.py install is deprecated setup.py develop --editable --build-directory /home/sfw/project/robox_ws/build/robox/build --no-deps symlink_data
