[3.114s] Invoking command in '/home/sfw/project/robox_ws/src/robox': PYTHONPATH=/home/sfw/project/robox_ws/build/robox/prefix_override:/home/sfw/project/robox_ws/install/robox/lib/python3.10/site-packages:${PYTHONPATH} /usr/bin/python3 -W ignore:setup.py install is deprecated setup.py egg_info --egg-base ../../build/robox build --build-base /home/sfw/project/robox_ws/build/robox/build install --record /home/sfw/project/robox_ws/build/robox/install.log --single-version-externally-managed install_data
[4.372s] running egg_info
[4.374s] writing ../../build/robox/robox.egg-info/PKG-INFO
[4.376s] writing dependency_links to ../../build/robox/robox.egg-info/dependency_links.txt
[4.377s] writing entry points to ../../build/robox/robox.egg-info/entry_points.txt
[4.378s] writing requirements to ../../build/robox/robox.egg-info/requires.txt
[4.378s] writing top-level names to ../../build/robox/robox.egg-info/top_level.txt
[4.392s] reading manifest file '../../build/robox/robox.egg-info/SOURCES.txt'
[4.396s] writing manifest file '../../build/robox/robox.egg-info/SOURCES.txt'
[4.397s] running build
[4.397s] running build_py
[4.400s] running install
[4.401s] running install_lib
[4.408s] running install_data
[4.409s] running install_egg_info
[4.416s] removing '/home/sfw/project/robox_ws/install/robox/lib/python3.10/site-packages/robox-0.0.0-py3.10.egg-info' (and everything under it)
[4.418s] Copying ../../build/robox/robox.egg-info to /home/sfw/project/robox_ws/install/robox/lib/python3.10/site-packages/robox-0.0.0-py3.10.egg-info
[4.424s] running install_scripts
[4.505s] Installing drive_node script to /home/sfw/project/robox_ws/install/robox/lib/robox
[4.506s] Installing encoder_node script to /home/sfw/project/robox_ws/install/robox/lib/robox
[4.507s] Installing key_input_node script to /home/sfw/project/robox_ws/install/robox/lib/robox
[4.508s] Installing lidar_node script to /home/sfw/project/robox_ws/install/robox/lib/robox
[4.509s] writing list of installed files to '/home/sfw/project/robox_ws/build/robox/install.log'
[4.632s] Invoked command in '/home/sfw/project/robox_ws/src/robox' returned '0': PYTHONPATH=/home/sfw/project/robox_ws/build/robox/prefix_override:/home/sfw/project/robox_ws/install/robox/lib/python3.10/site-packages:${PYTHONPATH} /usr/bin/python3 -W ignore:setup.py install is deprecated setup.py egg_info --egg-base ../../build/robox build --build-base /home/sfw/project/robox_ws/build/robox/build install --record /home/sfw/project/robox_ws/build/robox/install.log --single-version-externally-managed install_data
