[3.067s] Invoking command in '/home/sfw/project/robox_ws/build/robox': PYTHONPATH=/home/sfw/project/robox_ws/build/robox/prefix_override:/home/sfw/project/robox_ws/install/robox/lib/python3.10/site-packages:${PYTHONPATH} /usr/bin/python3 -W ignore:setup.py install is deprecated setup.py develop --editable --build-directory /home/sfw/project/robox_ws/build/robox/build --no-deps symlink_data
[4.464s] running develop
[4.466s] /usr/lib/python3/dist-packages/setuptools/command/easy_install.py:158: EasyInstallDeprecationWarning: easy_install command is deprecated. Use build and pip and other standards-based tools.
[4.467s]   warnings.warn(
[5.323s] running egg_info
[5.324s] writing robox.egg-info/PKG-INFO
[5.326s] writing dependency_links to robox.egg-info/dependency_links.txt
[5.327s] writing entry points to robox.egg-info/entry_points.txt
[5.327s] writing requirements to robox.egg-info/requires.txt
[5.328s] writing top-level names to robox.egg-info/top_level.txt
[5.344s] reading manifest file 'robox.egg-info/SOURCES.txt'
[5.351s] writing manifest file 'robox.egg-info/SOURCES.txt'
[5.359s] running build_ext
[5.359s] Creating /home/sfw/project/robox_ws/install/robox/lib/python3.10/site-packages/robox.egg-link (link to .)
[5.362s] Installing drive_node script to /home/sfw/project/robox_ws/install/robox/lib/robox
[5.363s] Installing encoder_node script to /home/sfw/project/robox_ws/install/robox/lib/robox
[5.364s] Installing key_input_node script to /home/sfw/project/robox_ws/install/robox/lib/robox
[5.365s] Installing lidar_node script to /home/sfw/project/robox_ws/install/robox/lib/robox
[5.367s] 
[5.367s] Installed /home/sfw/project/robox_ws/build/robox
[5.367s] running symlink_data
[5.369s] symbolically linking /home/sfw/project/robox_ws/build/robox/description/inertial_macros.xacro -> /home/sfw/project/robox_ws/install/robox/share/robox/description
[5.508s] Invoked command in '/home/sfw/project/robox_ws/build/robox' returned '0': PYTHONPATH=/home/sfw/project/robox_ws/build/robox/prefix_override:/home/sfw/project/robox_ws/install/robox/lib/python3.10/site-packages:${PYTHONPATH} /usr/bin/python3 -W ignore:setup.py install is deprecated setup.py develop --editable --build-directory /home/sfw/project/robox_ws/build/robox/build --no-deps symlink_data
