[3.896s] Invoking command in '/home/sfw/project/robox_ws/build/robox': PYTHONPATH=/home/sfw/project/robox_ws/build/robox/prefix_override:/home/sfw/project/robox_ws/install/robox/lib/python3.10/site-packages:${PYTHONPATH} /usr/bin/python3 -W ignore:setup.py install is deprecated setup.py develop --editable --build-directory /home/sfw/project/robox_ws/build/robox/build --no-deps symlink_data
[5.324s] running develop
[5.336s] /usr/lib/python3/dist-packages/setuptools/command/easy_install.py:158: EasyInstallDeprecationWarning: easy_install command is deprecated. Use build and pip and other standards-based tools.
[5.336s]   warnings.warn(
[6.271s] running egg_info
[6.272s] writing robox.egg-info/PKG-INFO
[6.273s] writing dependency_links to robox.egg-info/dependency_links.txt
[6.274s] writing entry points to robox.egg-info/entry_points.txt
[6.275s] writing requirements to robox.egg-info/requires.txt
[6.275s] writing top-level names to robox.egg-info/top_level.txt
[6.298s] reading manifest file 'robox.egg-info/SOURCES.txt'
[6.304s] writing manifest file 'robox.egg-info/SOURCES.txt'
[6.310s] running build_ext
[6.310s] Creating /home/sfw/project/robox_ws/install/robox/lib/python3.10/site-packages/robox.egg-link (link to .)
[6.316s] Installing drive_node script to /home/sfw/project/robox_ws/install/robox/lib/robox
[6.317s] Installing dynamic_transform script to /home/sfw/project/robox_ws/install/robox/lib/robox
[6.318s] Installing encoder_node script to /home/sfw/project/robox_ws/install/robox/lib/robox
[6.319s] Installing key_input_node script to /home/sfw/project/robox_ws/install/robox/lib/robox
[6.320s] Installing lidar_node script to /home/sfw/project/robox_ws/install/robox/lib/robox
[6.321s] 
[6.322s] Installed /home/sfw/project/robox_ws/build/robox
[6.322s] running symlink_data
[6.467s] Invoked command in '/home/sfw/project/robox_ws/build/robox' returned '0': PYTHONPATH=/home/sfw/project/robox_ws/build/robox/prefix_override:/home/sfw/project/robox_ws/install/robox/lib/python3.10/site-packages:${PYTHONPATH} /usr/bin/python3 -W ignore:setup.py install is deprecated setup.py develop --editable --build-directory /home/sfw/project/robox_ws/build/robox/build --no-deps symlink_data
