[3.836s] Invoking command in '/home/sfw/project/robox_ws/build/robox': PYTHONPATH=/home/sfw/project/robox_ws/build/robox/prefix_override:/home/sfw/project/robox_ws/install/robox/lib/python3.10/site-packages:${PYTHONPATH} /usr/bin/python3 -W ignore:setup.py install is deprecated setup.py develop --editable --build-directory /home/sfw/project/robox_ws/build/robox/build --no-deps symlink_data
[5.146s] running develop
[5.157s] /usr/lib/python3/dist-packages/setuptools/command/easy_install.py:158: EasyInstallDeprecationWarning: easy_install command is deprecated. Use build and pip and other standards-based tools.
[5.158s]   warnings.warn(
[6.144s] running egg_info
[6.147s] writing robox.egg-info/PKG-INFO
[6.154s] writing dependency_links to robox.egg-info/dependency_links.txt
[6.155s] writing entry points to robox.egg-info/entry_points.txt
[6.156s] writing requirements to robox.egg-info/requires.txt
[6.157s] writing top-level names to robox.egg-info/top_level.txt
[6.177s] reading manifest file 'robox.egg-info/SOURCES.txt'
[6.183s] writing manifest file 'robox.egg-info/SOURCES.txt'
[6.190s] running build_ext
[6.191s] Creating /home/sfw/project/robox_ws/install/robox/lib/python3.10/site-packages/robox.egg-link (link to .)
[6.196s] Installing drive_node script to /home/sfw/project/robox_ws/install/robox/lib/robox
[6.197s] Installing dynamic_transform script to /home/sfw/project/robox_ws/install/robox/lib/robox
[6.198s] Installing encoder_node script to /home/sfw/project/robox_ws/install/robox/lib/robox
[6.207s] Installing key_input_node script to /home/sfw/project/robox_ws/install/robox/lib/robox
[6.210s] Installing lidar_node script to /home/sfw/project/robox_ws/install/robox/lib/robox
[6.211s] 
[6.212s] Installed /home/sfw/project/robox_ws/build/robox
[6.214s] running symlink_data
[6.371s] Invoked command in '/home/sfw/project/robox_ws/build/robox' returned '0': PYTHONPATH=/home/sfw/project/robox_ws/build/robox/prefix_override:/home/sfw/project/robox_ws/install/robox/lib/python3.10/site-packages:${PYTHONPATH} /usr/bin/python3 -W ignore:setup.py install is deprecated setup.py develop --editable --build-directory /home/sfw/project/robox_ws/build/robox/build --no-deps symlink_data
