[2.982s] Invoking command in '/home/sfw/project/ros2_ws/src/robox': PYTHONPATH=/home/sfw/project/ros2_ws/build/robox/prefix_override:/home/sfw/project/ros2_ws/install/robox/lib/python3.10/site-packages:${PYTHONPATH} /usr/bin/python3 -W ignore:setup.py install is deprecated setup.py egg_info --egg-base ../../build/robox build --build-base /home/sfw/project/ros2_ws/build/robox/build install --record /home/sfw/project/ros2_ws/build/robox/install.log --single-version-externally-managed install_data
[4.186s] running egg_info
[4.188s] writing ../../build/robox/robox.egg-info/PKG-INFO
[4.189s] writing dependency_links to ../../build/robox/robox.egg-info/dependency_links.txt
[4.190s] writing entry points to ../../build/robox/robox.egg-info/entry_points.txt
[4.191s] writing requirements to ../../build/robox/robox.egg-info/requires.txt
[4.192s] writing top-level names to ../../build/robox/robox.egg-info/top_level.txt
[4.200s] reading manifest file '../../build/robox/robox.egg-info/SOURCES.txt'
[4.204s] writing manifest file '../../build/robox/robox.egg-info/SOURCES.txt'
[4.205s] running build
[4.206s] running build_py
[4.207s] copying robox/key_input_node.py -> /home/sfw/project/ros2_ws/build/robox/build/lib/robox
[4.208s] running install
[4.209s] running install_lib
[4.213s] copying /home/sfw/project/ros2_ws/build/robox/build/lib/robox/key_input_node.py -> /home/sfw/project/ros2_ws/install/robox/lib/python3.10/site-packages/robox
[4.216s] byte-compiling /home/sfw/project/ros2_ws/install/robox/lib/python3.10/site-packages/robox/key_input_node.py to key_input_node.cpython-310.pyc
[4.220s] running install_data
[4.220s] running install_egg_info
[4.227s] removing '/home/sfw/project/ros2_ws/install/robox/lib/python3.10/site-packages/robox-0.0.0-py3.10.egg-info' (and everything under it)
[4.231s] Copying ../../build/robox/robox.egg-info to /home/sfw/project/ros2_ws/install/robox/lib/python3.10/site-packages/robox-0.0.0-py3.10.egg-info
[4.236s] running install_scripts
[4.314s] Installing drive_node script to /home/sfw/project/ros2_ws/install/robox/lib/robox
[4.315s] Installing key_input_node script to /home/sfw/project/ros2_ws/install/robox/lib/robox
[4.315s] Installing lidar_node script to /home/sfw/project/ros2_ws/install/robox/lib/robox
[4.317s] writing list of installed files to '/home/sfw/project/ros2_ws/build/robox/install.log'
[4.439s] Invoked command in '/home/sfw/project/ros2_ws/src/robox' returned '0': PYTHONPATH=/home/sfw/project/ros2_ws/build/robox/prefix_override:/home/sfw/project/ros2_ws/install/robox/lib/python3.10/site-packages:${PYTHONPATH} /usr/bin/python3 -W ignore:setup.py install is deprecated setup.py egg_info --egg-base ../../build/robox build --build-base /home/sfw/project/ros2_ws/build/robox/build install --record /home/sfw/project/ros2_ws/build/robox/install.log --single-version-externally-managed install_data
