[0.612s] DEBUG:colcon:Command line arguments: ['/usr/bin/colcon', 'build', '--symlink-install']
[0.612s] DEBUG:colcon:Parsed command line arguments: Namespace(log_base=None, log_level=None, verb_name='build', build_base='build', install_base='install', merge_install=False, symlink_install=True, test_result_base=None, continue_on_error=False, executor='parallel', parallel_workers=4, event_handlers=None, ignore_user_meta=False, metas=['./colcon.meta'], base_paths=['.'], packages_ignore=None, packages_ignore_regex=None, paths=None, packages_up_to=None, packages_up_to_regex=None, packages_above=None, packages_above_and_dependencies=None, packages_above_depth=None, packages_select_by_dep=None, packages_skip_by_dep=None, packages_skip_up_to=None, packages_select_build_failed=False, packages_skip_build_finished=False, packages_select_test_failures=False, packages_skip_test_passed=False, packages_select=None, packages_skip=None, packages_select_regex=None, packages_skip_regex=None, packages_start=None, packages_end=None, allow_overriding=[], cmake_args=None, cmake_target=None, cmake_target_skip_unavailable=False, cmake_clean_cache=False, cmake_clean_first=False, cmake_force_configure=False, ament_cmake_args=None, catkin_cmake_args=None, catkin_skip_building_tests=False, verb_parser=<colcon_defaults.argument_parser.defaults.DefaultArgumentsDecorator object at 0xffffbb245090>, verb_extension=<colcon_core.verb.build.BuildVerb object at 0xffffbb381c90>, main=<bound method BuildVerb.main of <colcon_core.verb.build.BuildVerb object at 0xffffbb381c90>>)
[1.780s] Level 1:colcon.colcon_core.package_discovery:discover_packages(colcon_meta) check parameters
[1.781s] Level 1:colcon.colcon_core.package_discovery:discover_packages(recursive) check parameters
[1.783s] Level 1:colcon.colcon_core.package_discovery:discover_packages(ignore) check parameters
[1.784s] Level 1:colcon.colcon_core.package_discovery:discover_packages(path) check parameters
[1.785s] Level 1:colcon.colcon_core.package_discovery:discover_packages(colcon_meta) discover
[1.786s] Level 1:colcon.colcon_core.package_discovery:discover_packages(recursive) discover
[1.787s] INFO:colcon.colcon_core.package_discovery:Crawling recursively for packages in '/home/sfw/project/robox_ws'
[1.789s] Level 1:colcon.colcon_core.package_identification:_identify(.) by extensions ['ignore', 'ignore_ament_install']
[1.790s] Level 1:colcon.colcon_core.package_identification:_identify(.) by extension 'ignore'
[1.791s] Level 1:colcon.colcon_core.package_identification:_identify(.) by extension 'ignore_ament_install'
[1.792s] Level 1:colcon.colcon_core.package_identification:_identify(.) by extensions ['colcon_pkg']
[1.793s] Level 1:colcon.colcon_core.package_identification:_identify(.) by extension 'colcon_pkg'
[1.794s] Level 1:colcon.colcon_core.package_identification:_identify(.) by extensions ['colcon_meta']
[1.794s] Level 1:colcon.colcon_core.package_identification:_identify(.) by extension 'colcon_meta'
[1.795s] Level 1:colcon.colcon_core.package_identification:_identify(.) by extensions ['ros']
[1.796s] Level 1:colcon.colcon_core.package_identification:_identify(.) by extension 'ros'
[1.852s] Level 1:colcon.colcon_core.package_identification:_identify(.) by extensions ['cmake', 'python']
[1.853s] Level 1:colcon.colcon_core.package_identification:_identify(.) by extension 'cmake'
[1.864s] Level 1:colcon.colcon_core.package_identification:_identify(.) by extension 'python'
[1.865s] Level 1:colcon.colcon_core.package_identification:_identify(.) by extensions ['python_setup_py']
[1.865s] Level 1:colcon.colcon_core.package_identification:_identify(.) by extension 'python_setup_py'
[1.866s] Level 1:colcon.colcon_core.package_identification:_identify(build) by extensions ['ignore', 'ignore_ament_install']
[1.867s] Level 1:colcon.colcon_core.package_identification:_identify(build) by extension 'ignore'
[1.868s] Level 1:colcon.colcon_core.package_identification:_identify(build) ignored
[1.869s] Level 1:colcon.colcon_core.package_identification:_identify(install) by extensions ['ignore', 'ignore_ament_install']
[1.870s] Level 1:colcon.colcon_core.package_identification:_identify(install) by extension 'ignore'
[1.871s] Level 1:colcon.colcon_core.package_identification:_identify(install) ignored
[1.872s] Level 1:colcon.colcon_core.package_identification:_identify(log) by extensions ['ignore', 'ignore_ament_install']
[1.873s] Level 1:colcon.colcon_core.package_identification:_identify(log) by extension 'ignore'
[1.874s] Level 1:colcon.colcon_core.package_identification:_identify(log) ignored
[1.874s] Level 1:colcon.colcon_core.package_identification:_identify(src) by extensions ['ignore', 'ignore_ament_install']
[1.875s] Level 1:colcon.colcon_core.package_identification:_identify(src) by extension 'ignore'
[1.875s] Level 1:colcon.colcon_core.package_identification:_identify(src) by extension 'ignore_ament_install'
[1.876s] Level 1:colcon.colcon_core.package_identification:_identify(src) by extensions ['colcon_pkg']
[1.876s] Level 1:colcon.colcon_core.package_identification:_identify(src) by extension 'colcon_pkg'
[1.877s] Level 1:colcon.colcon_core.package_identification:_identify(src) by extensions ['colcon_meta']
[1.877s] Level 1:colcon.colcon_core.package_identification:_identify(src) by extension 'colcon_meta'
[1.877s] Level 1:colcon.colcon_core.package_identification:_identify(src) by extensions ['ros']
[1.877s] Level 1:colcon.colcon_core.package_identification:_identify(src) by extension 'ros'
[1.878s] Level 1:colcon.colcon_core.package_identification:_identify(src) by extensions ['cmake', 'python']
[1.878s] Level 1:colcon.colcon_core.package_identification:_identify(src) by extension 'cmake'
[1.879s] Level 1:colcon.colcon_core.package_identification:_identify(src) by extension 'python'
[1.879s] Level 1:colcon.colcon_core.package_identification:_identify(src) by extensions ['python_setup_py']
[1.879s] Level 1:colcon.colcon_core.package_identification:_identify(src) by extension 'python_setup_py'
[1.880s] Level 1:colcon.colcon_core.package_identification:_identify(src/robox) by extensions ['ignore', 'ignore_ament_install']
[1.881s] Level 1:colcon.colcon_core.package_identification:_identify(src/robox) by extension 'ignore'
[1.881s] Level 1:colcon.colcon_core.package_identification:_identify(src/robox) by extension 'ignore_ament_install'
[1.882s] Level 1:colcon.colcon_core.package_identification:_identify(src/robox) by extensions ['colcon_pkg']
[1.882s] Level 1:colcon.colcon_core.package_identification:_identify(src/robox) by extension 'colcon_pkg'
[1.882s] Level 1:colcon.colcon_core.package_identification:_identify(src/robox) by extensions ['colcon_meta']
[1.882s] Level 1:colcon.colcon_core.package_identification:_identify(src/robox) by extension 'colcon_meta'
[1.883s] Level 1:colcon.colcon_core.package_identification:_identify(src/robox) by extensions ['ros']
[1.883s] Level 1:colcon.colcon_core.package_identification:_identify(src/robox) by extension 'ros'
[1.893s] DEBUG:colcon.colcon_core.package_identification:Package 'src/robox' with type 'ros.ament_python' and name 'robox'
[1.894s] Level 1:colcon.colcon_core.package_discovery:discover_packages(recursive) using defaults
[1.894s] Level 1:colcon.colcon_core.package_discovery:discover_packages(ignore) discover
[1.894s] Level 1:colcon.colcon_core.package_discovery:discover_packages(ignore) using defaults
[1.895s] Level 1:colcon.colcon_core.package_discovery:discover_packages(path) discover
[1.895s] Level 1:colcon.colcon_core.package_discovery:discover_packages(path) using defaults
[1.987s] Level 1:colcon.colcon_core.package_discovery:discover_packages(prefix_path) check parameters
[1.987s] Level 1:colcon.colcon_core.package_discovery:discover_packages(prefix_path) discover
[1.997s] DEBUG:colcon.colcon_installed_package_information.package_discovery:Found 1 installed packages in /home/sfw/project/robox_ws/install
[2.009s] DEBUG:colcon.colcon_installed_package_information.package_discovery:Found 355 installed packages in /opt/ros/humble
[2.070s] Level 1:colcon.colcon_core.package_discovery:discover_packages(prefix_path) using defaults
[2.342s] Level 5:colcon.colcon_core.verb:set package 'robox' build argument 'cmake_args' from command line to 'None'
[2.342s] Level 5:colcon.colcon_core.verb:set package 'robox' build argument 'cmake_target' from command line to 'None'
[2.343s] Level 5:colcon.colcon_core.verb:set package 'robox' build argument 'cmake_target_skip_unavailable' from command line to 'False'
[2.343s] Level 5:colcon.colcon_core.verb:set package 'robox' build argument 'cmake_clean_cache' from command line to 'False'
[2.343s] Level 5:colcon.colcon_core.verb:set package 'robox' build argument 'cmake_clean_first' from command line to 'False'
[2.343s] Level 5:colcon.colcon_core.verb:set package 'robox' build argument 'cmake_force_configure' from command line to 'False'
[2.343s] Level 5:colcon.colcon_core.verb:set package 'robox' build argument 'ament_cmake_args' from command line to 'None'
[2.343s] Level 5:colcon.colcon_core.verb:set package 'robox' build argument 'catkin_cmake_args' from command line to 'None'
[2.344s] Level 5:colcon.colcon_core.verb:set package 'robox' build argument 'catkin_skip_building_tests' from command line to 'False'
[2.344s] DEBUG:colcon.colcon_core.verb:Building package 'robox' with the following arguments: {'ament_cmake_args': None, 'build_base': '/home/sfw/project/robox_ws/build/robox', 'catkin_cmake_args': None, 'catkin_skip_building_tests': False, 'cmake_args': None, 'cmake_clean_cache': False, 'cmake_clean_first': False, 'cmake_force_configure': False, 'cmake_target': None, 'cmake_target_skip_unavailable': False, 'install_base': '/home/sfw/project/robox_ws/install/robox', 'merge_install': False, 'path': '/home/sfw/project/robox_ws/src/robox', 'symlink_install': True, 'test_result_base': None}
[2.345s] INFO:colcon.colcon_core.executor:Executing jobs using 'parallel' executor
[2.348s] DEBUG:colcon.colcon_parallel_executor.executor.parallel:run_until_complete
[2.350s] INFO:colcon.colcon_ros.task.ament_python.build:Building ROS package in '/home/sfw/project/robox_ws/src/robox' with build type 'ament_python'
[2.351s] Level 1:colcon.colcon_core.shell:create_environment_hook('robox', 'ament_prefix_path')
[2.364s] INFO:colcon.colcon_core.plugin_system:Skipping extension 'colcon_core.shell.bat': Not used on non-Windows systems
[2.365s] INFO:colcon.colcon_core.shell:Creating environment hook '/home/sfw/project/robox_ws/install/robox/share/robox/hook/ament_prefix_path.ps1'
[2.368s] INFO:colcon.colcon_core.shell:Creating environment descriptor '/home/sfw/project/robox_ws/install/robox/share/robox/hook/ament_prefix_path.dsv'
[2.372s] INFO:colcon.colcon_core.shell:Creating environment hook '/home/sfw/project/robox_ws/install/robox/share/robox/hook/ament_prefix_path.sh'
[2.376s] INFO:colcon.colcon_core.shell:Skip shell extension 'powershell' for command environment: Not usable outside of PowerShell
[2.377s] DEBUG:colcon.colcon_core.shell:Skip shell extension 'dsv' for command environment
[4.233s] INFO:colcon.colcon_core.task.python.build:Building Python package in '/home/sfw/project/robox_ws/src/robox'
[4.234s] INFO:colcon.colcon_core.shell:Skip shell extension 'powershell' for command environment: Not usable outside of PowerShell
[4.234s] DEBUG:colcon.colcon_core.shell:Skip shell extension 'dsv' for command environment
[6.721s] DEBUG:colcon.colcon_core.event_handler.log_command:Invoking command in '/home/sfw/project/robox_ws/build/robox': PYTHONPATH=/home/sfw/project/robox_ws/build/robox/prefix_override:/home/sfw/project/robox_ws/install/robox/lib/python3.10/site-packages:${PYTHONPATH} /usr/bin/python3 -W ignore:setup.py install is deprecated setup.py develop --editable --build-directory /home/sfw/project/robox_ws/build/robox/build --no-deps symlink_data
[11.043s] Level 1:colcon.colcon_core.shell:create_environment_hook('robox', 'pythonpath_develop')
[11.046s] INFO:colcon.colcon_core.shell:Creating environment hook '/home/sfw/project/robox_ws/build/robox/share/robox/hook/pythonpath_develop.ps1'
[11.052s] DEBUG:colcon.colcon_core.event_handler.log_command:Invoked command in '/home/sfw/project/robox_ws/build/robox' returned '0': PYTHONPATH=/home/sfw/project/robox_ws/build/robox/prefix_override:/home/sfw/project/robox_ws/install/robox/lib/python3.10/site-packages:${PYTHONPATH} /usr/bin/python3 -W ignore:setup.py install is deprecated setup.py develop --editable --build-directory /home/sfw/project/robox_ws/build/robox/build --no-deps symlink_data
[11.053s] INFO:colcon.colcon_core.shell:Creating environment descriptor '/home/sfw/project/robox_ws/build/robox/share/robox/hook/pythonpath_develop.dsv'
[11.059s] INFO:colcon.colcon_core.shell:Creating environment hook '/home/sfw/project/robox_ws/build/robox/share/robox/hook/pythonpath_develop.sh'
[11.082s] Level 1:colcon.colcon_core.environment:checking '/home/sfw/project/robox_ws/install/robox' for CMake module files
[11.086s] Level 1:colcon.colcon_core.environment:checking '/home/sfw/project/robox_ws/install/robox' for CMake config files
[11.095s] Level 1:colcon.colcon_core.environment:checking '/home/sfw/project/robox_ws/install/robox/lib'
[11.097s] Level 1:colcon.colcon_core.environment:checking '/home/sfw/project/robox_ws/install/robox/bin'
[11.099s] Level 1:colcon.colcon_core.environment:checking '/home/sfw/project/robox_ws/install/robox/lib/pkgconfig/robox.pc'
[11.102s] Level 1:colcon.colcon_core.environment:checking '/home/sfw/project/robox_ws/install/robox/lib/python3.10/site-packages'
[11.103s] Level 1:colcon.colcon_core.shell:create_environment_hook('robox', 'pythonpath')
[11.106s] INFO:colcon.colcon_core.shell:Creating environment hook '/home/sfw/project/robox_ws/install/robox/share/robox/hook/pythonpath.ps1'
[11.113s] INFO:colcon.colcon_core.shell:Creating environment descriptor '/home/sfw/project/robox_ws/install/robox/share/robox/hook/pythonpath.dsv'
[11.119s] INFO:colcon.colcon_core.shell:Creating environment hook '/home/sfw/project/robox_ws/install/robox/share/robox/hook/pythonpath.sh'
[11.127s] Level 1:colcon.colcon_core.environment:checking '/home/sfw/project/robox_ws/install/robox/bin'
[11.129s] Level 1:colcon.colcon_core.environment:create_environment_scripts_only(robox)
[11.133s] INFO:colcon.colcon_core.shell:Creating package script '/home/sfw/project/robox_ws/install/robox/share/robox/package.ps1'
[11.146s] INFO:colcon.colcon_core.shell:Creating package descriptor '/home/sfw/project/robox_ws/install/robox/share/robox/package.dsv'
[11.152s] INFO:colcon.colcon_core.shell:Creating package script '/home/sfw/project/robox_ws/install/robox/share/robox/package.sh'
[11.160s] INFO:colcon.colcon_core.shell:Creating package script '/home/sfw/project/robox_ws/install/robox/share/robox/package.bash'
[11.165s] INFO:colcon.colcon_core.shell:Creating package script '/home/sfw/project/robox_ws/install/robox/share/robox/package.zsh'
[11.171s] Level 1:colcon.colcon_core.environment:create_file_with_runtime_dependencies(/home/sfw/project/robox_ws/install/robox/share/colcon-core/packages/robox)
[11.178s] DEBUG:colcon.colcon_parallel_executor.executor.parallel:closing loop
[11.179s] DEBUG:colcon.colcon_parallel_executor.executor.parallel:loop closed
[11.180s] DEBUG:colcon.colcon_parallel_executor.executor.parallel:run_until_complete finished with '0'
[11.180s] DEBUG:colcon.colcon_core.event_reactor:joining thread
[11.251s] INFO:colcon.colcon_core.plugin_system:Skipping extension 'colcon_notification.desktop_notification.terminal_notifier': Not used on non-Darwin systems
[11.252s] INFO:colcon.colcon_core.plugin_system:Skipping extension 'colcon_notification.desktop_notification.win32': Not used on non-Windows systems
[11.252s] INFO:colcon.colcon_notification.desktop_notification:Sending desktop notification using 'notify2'
[11.332s] DEBUG:colcon.colcon_core.event_reactor:joined thread
[11.334s] INFO:colcon.colcon_core.shell:Creating prefix script '/home/sfw/project/robox_ws/install/local_setup.ps1'
[11.339s] INFO:colcon.colcon_core.shell:Creating prefix util module '/home/sfw/project/robox_ws/install/_local_setup_util_ps1.py'
[11.347s] INFO:colcon.colcon_core.shell:Creating prefix chain script '/home/sfw/project/robox_ws/install/setup.ps1'
[11.354s] INFO:colcon.colcon_core.shell:Creating prefix script '/home/sfw/project/robox_ws/install/local_setup.sh'
[11.359s] INFO:colcon.colcon_core.shell:Creating prefix util module '/home/sfw/project/robox_ws/install/_local_setup_util_sh.py'
[11.363s] INFO:colcon.colcon_core.shell:Creating prefix chain script '/home/sfw/project/robox_ws/install/setup.sh'
[11.370s] INFO:colcon.colcon_core.shell:Creating prefix script '/home/sfw/project/robox_ws/install/local_setup.bash'
[11.374s] INFO:colcon.colcon_core.shell:Creating prefix chain script '/home/sfw/project/robox_ws/install/setup.bash'
[11.388s] INFO:colcon.colcon_core.shell:Creating prefix script '/home/sfw/project/robox_ws/install/local_setup.zsh'
[11.393s] INFO:colcon.colcon_core.shell:Creating prefix chain script '/home/sfw/project/robox_ws/install/setup.zsh'
