[3.215s] Invoking command in '/home/sfw/project/robox_ws/build/robox': PYTHONPATH=/home/sfw/project/robox_ws/build/robox/prefix_override:/home/sfw/project/robox_ws/install/robox/lib/python3.10/site-packages:${PYTHONPATH} /usr/bin/python3 -W ignore:setup.py install is deprecated setup.py develop --editable --build-directory /home/sfw/project/robox_ws/build/robox/build --no-deps symlink_data
[4.497s] running develop
[4.499s] /usr/lib/python3/dist-packages/setuptools/command/easy_install.py:158: EasyInstallDeprecationWarning: easy_install command is deprecated. Use build and pip and other standards-based tools.
[4.500s]   warnings.warn(
[5.511s] running egg_info
[5.512s] writing robox.egg-info/PKG-INFO
[5.513s] writing dependency_links to robox.egg-info/dependency_links.txt
[5.514s] writing entry points to robox.egg-info/entry_points.txt
[5.514s] writing requirements to robox.egg-info/requires.txt
[5.515s] writing top-level names to robox.egg-info/top_level.txt
[5.528s] reading manifest file 'robox.egg-info/SOURCES.txt'
[5.533s] writing manifest file 'robox.egg-info/SOURCES.txt'
[5.539s] running build_ext
[5.539s] Creating /home/sfw/project/robox_ws/install/robox/lib/python3.10/site-packages/robox.egg-link (link to .)
[5.543s] Installing drive_node script to /home/sfw/project/robox_ws/install/robox/lib/robox
[5.544s] Installing dynamic_transform script to /home/sfw/project/robox_ws/install/robox/lib/robox
[5.545s] Installing encoder_node script to /home/sfw/project/robox_ws/install/robox/lib/robox
[5.546s] Installing key_input_node script to /home/sfw/project/robox_ws/install/robox/lib/robox
[5.547s] Installing lidar_node script to /home/sfw/project/robox_ws/install/robox/lib/robox
[5.548s] 
[5.549s] Installed /home/sfw/project/robox_ws/build/robox
[5.549s] running symlink_data
[5.693s] Invoked command in '/home/sfw/project/robox_ws/build/robox' returned '0': PYTHONPATH=/home/sfw/project/robox_ws/build/robox/prefix_override:/home/sfw/project/robox_ws/install/robox/lib/python3.10/site-packages:${PYTHONPATH} /usr/bin/python3 -W ignore:setup.py install is deprecated setup.py develop --editable --build-directory /home/sfw/project/robox_ws/build/robox/build --no-deps symlink_data
