[3.112s] Invoking command in '/home/sfw/project/robox_ws/build/robox': PYTHONPATH=/home/sfw/project/robox_ws/build/robox/prefix_override:/home/sfw/project/robox_ws/install/robox/lib/python3.10/site-packages:${PYTHONPATH} /usr/bin/python3 -W ignore:setup.py install is deprecated setup.py develop --editable --build-directory /home/sfw/project/robox_ws/build/robox/build --no-deps symlink_data
[4.420s] running develop
[4.422s] /usr/lib/python3/dist-packages/setuptools/command/easy_install.py:158: EasyInstallDeprecationWarning: easy_install command is deprecated. Use build and pip and other standards-based tools.
[4.422s]   warnings.warn(
[5.581s] running egg_info
[5.582s] writing robox.egg-info/PKG-INFO
[5.582s] writing dependency_links to robox.egg-info/dependency_links.txt
[5.583s] writing entry points to robox.egg-info/entry_points.txt
[5.584s] writing requirements to robox.egg-info/requires.txt
[5.585s] writing top-level names to robox.egg-info/top_level.txt
[5.600s] reading manifest file 'robox.egg-info/SOURCES.txt'
[5.604s] writing manifest file 'robox.egg-info/SOURCES.txt'
[5.610s] running build_ext
[5.610s] Creating /home/sfw/project/robox_ws/install/robox/lib/python3.10/site-packages/robox.egg-link (link to .)
[5.614s] Installing drive_node script to /home/sfw/project/robox_ws/install/robox/lib/robox
[5.615s] Installing encoder_node script to /home/sfw/project/robox_ws/install/robox/lib/robox
[5.616s] Installing key_input_node script to /home/sfw/project/robox_ws/install/robox/lib/robox
[5.617s] Installing lidar_node script to /home/sfw/project/robox_ws/install/robox/lib/robox
[5.618s] 
[5.619s] Installed /home/sfw/project/robox_ws/build/robox
[5.619s] running symlink_data
[5.761s] Invoked command in '/home/sfw/project/robox_ws/build/robox' returned '0': PYTHONPATH=/home/sfw/project/robox_ws/build/robox/prefix_override:/home/sfw/project/robox_ws/install/robox/lib/python3.10/site-packages:${PYTHONPATH} /usr/bin/python3 -W ignore:setup.py install is deprecated setup.py develop --editable --build-directory /home/sfw/project/robox_ws/build/robox/build --no-deps symlink_data
