[4.368s] Invoking command in '/home/sfw/project/robox_ws/build/robox': PYTHONPATH=/home/sfw/project/robox_ws/build/robox/prefix_override:/home/sfw/project/robox_ws/install/robox/lib/python3.10/site-packages:${PYTHONPATH} /usr/bin/python3 -W ignore:setup.py install is deprecated setup.py develop --editable --build-directory /home/sfw/project/robox_ws/build/robox/build --no-deps symlink_data
[6.213s] running develop
[6.216s] /usr/lib/python3/dist-packages/setuptools/command/easy_install.py:158: EasyInstallDeprecationWarning: easy_install command is deprecated. Use build and pip and other standards-based tools.
[6.217s]   warnings.warn(
[8.405s] running egg_info
[8.410s] writing robox.egg-info/PKG-INFO
[8.424s] writing dependency_links to robox.egg-info/dependency_links.txt
[8.425s] writing entry points to robox.egg-info/entry_points.txt
[8.426s] writing requirements to robox.egg-info/requires.txt
[8.435s] writing top-level names to robox.egg-info/top_level.txt
[8.439s] reading manifest file 'robox.egg-info/SOURCES.txt'
[8.447s] writing manifest file 'robox.egg-info/SOURCES.txt'
[8.460s] running build_ext
[8.460s] Creating /home/sfw/project/robox_ws/install/robox/lib/python3.10/site-packages/robox.egg-link (link to .)
[8.476s] Installing drive_node script to /home/sfw/project/robox_ws/install/robox/lib/robox
[8.483s] Installing dynamic_transform script to /home/sfw/project/robox_ws/install/robox/lib/robox
[8.490s] Installing encoder_node script to /home/sfw/project/robox_ws/install/robox/lib/robox
[8.492s] Installing key_input_node script to /home/sfw/project/robox_ws/install/robox/lib/robox
[8.502s] Installing lidar_node script to /home/sfw/project/robox_ws/install/robox/lib/robox
[8.507s] 
[8.509s] Installed /home/sfw/project/robox_ws/build/robox
[8.510s] running symlink_data
[8.699s] Invoked command in '/home/sfw/project/robox_ws/build/robox' returned '0': PYTHONPATH=/home/sfw/project/robox_ws/build/robox/prefix_override:/home/sfw/project/robox_ws/install/robox/lib/python3.10/site-packages:${PYTHONPATH} /usr/bin/python3 -W ignore:setup.py install is deprecated setup.py develop --editable --build-directory /home/sfw/project/robox_ws/build/robox/build --no-deps symlink_data
