[0.567s] DEBUG:colcon:Command line arguments: ['/usr/bin/colcon', 'build', '--symlink-install']
[0.568s] DEBUG:colcon:Parsed command line arguments: Namespace(log_base=None, log_level=None, verb_name='build', build_base='build', install_base='install', merge_install=False, symlink_install=True, test_result_base=None, continue_on_error=False, executor='parallel', parallel_workers=4, event_handlers=None, ignore_user_meta=False, metas=['./colcon.meta'], base_paths=['.'], packages_ignore=None, packages_ignore_regex=None, paths=None, packages_up_to=None, packages_up_to_regex=None, packages_above=None, packages_above_and_dependencies=None, packages_above_depth=None, packages_select_by_dep=None, packages_skip_by_dep=None, packages_skip_up_to=None, packages_select_build_failed=False, packages_skip_build_finished=False, packages_select_test_failures=False, packages_skip_test_passed=False, packages_select=None, packages_skip=None, packages_select_regex=None, packages_skip_regex=None, packages_start=None, packages_end=None, allow_overriding=[], cmake_args=None, cmake_target=None, cmake_target_skip_unavailable=False, cmake_clean_cache=False, cmake_clean_first=False, cmake_force_configure=False, ament_cmake_args=None, catkin_cmake_args=None, catkin_skip_building_tests=False, verb_parser=<colcon_defaults.argument_parser.defaults.DefaultArgumentsDecorator object at 0xffffb8147d60>, verb_extension=<colcon_core.verb.build.BuildVerb object at 0xffffb82bc9a0>, main=<bound method BuildVerb.main of <colcon_core.verb.build.BuildVerb object at 0xffffb82bc9a0>>)
[1.917s] Level 1:colcon.colcon_core.package_discovery:discover_packages(colcon_meta) check parameters
[1.918s] Level 1:colcon.colcon_core.package_discovery:discover_packages(recursive) check parameters
[1.919s] Level 1:colcon.colcon_core.package_discovery:discover_packages(ignore) check parameters
[1.921s] Level 1:colcon.colcon_core.package_discovery:discover_packages(path) check parameters
[1.923s] Level 1:colcon.colcon_core.package_discovery:discover_packages(colcon_meta) discover
[1.925s] Level 1:colcon.colcon_core.package_discovery:discover_packages(recursive) discover
[1.925s] INFO:colcon.colcon_core.package_discovery:Crawling recursively for packages in '/home/sfw/project/ros2_ws'
[1.926s] Level 1:colcon.colcon_core.package_identification:_identify(.) by extensions ['ignore', 'ignore_ament_install']
[1.927s] Level 1:colcon.colcon_core.package_identification:_identify(.) by extension 'ignore'
[1.927s] Level 1:colcon.colcon_core.package_identification:_identify(.) by extension 'ignore_ament_install'
[1.928s] Level 1:colcon.colcon_core.package_identification:_identify(.) by extensions ['colcon_pkg']
[1.928s] Level 1:colcon.colcon_core.package_identification:_identify(.) by extension 'colcon_pkg'
[1.928s] Level 1:colcon.colcon_core.package_identification:_identify(.) by extensions ['colcon_meta']
[1.929s] Level 1:colcon.colcon_core.package_identification:_identify(.) by extension 'colcon_meta'
[1.929s] Level 1:colcon.colcon_core.package_identification:_identify(.) by extensions ['ros']
[1.929s] Level 1:colcon.colcon_core.package_identification:_identify(.) by extension 'ros'
[2.005s] Level 1:colcon.colcon_core.package_identification:_identify(.) by extensions ['cmake', 'python']
[2.005s] Level 1:colcon.colcon_core.package_identification:_identify(.) by extension 'cmake'
[2.005s] Level 1:colcon.colcon_core.package_identification:_identify(.) by extension 'python'
[2.005s] Level 1:colcon.colcon_core.package_identification:_identify(.) by extensions ['python_setup_py']
[2.006s] Level 1:colcon.colcon_core.package_identification:_identify(.) by extension 'python_setup_py'
[2.006s] Level 1:colcon.colcon_core.package_identification:_identify(build) by extensions ['ignore', 'ignore_ament_install']
[2.007s] Level 1:colcon.colcon_core.package_identification:_identify(build) by extension 'ignore'
[2.007s] Level 1:colcon.colcon_core.package_identification:_identify(build) ignored
[2.008s] Level 1:colcon.colcon_core.package_identification:_identify(install) by extensions ['ignore', 'ignore_ament_install']
[2.009s] Level 1:colcon.colcon_core.package_identification:_identify(install) by extension 'ignore'
[2.009s] Level 1:colcon.colcon_core.package_identification:_identify(install) ignored
[2.010s] Level 1:colcon.colcon_core.package_identification:_identify(log) by extensions ['ignore', 'ignore_ament_install']
[2.011s] Level 1:colcon.colcon_core.package_identification:_identify(log) by extension 'ignore'
[2.011s] Level 1:colcon.colcon_core.package_identification:_identify(log) ignored
[2.011s] Level 1:colcon.colcon_core.package_identification:_identify(src) by extensions ['ignore', 'ignore_ament_install']
[2.012s] Level 1:colcon.colcon_core.package_identification:_identify(src) by extension 'ignore'
[2.012s] Level 1:colcon.colcon_core.package_identification:_identify(src) by extension 'ignore_ament_install'
[2.012s] Level 1:colcon.colcon_core.package_identification:_identify(src) by extensions ['colcon_pkg']
[2.013s] Level 1:colcon.colcon_core.package_identification:_identify(src) by extension 'colcon_pkg'
[2.013s] Level 1:colcon.colcon_core.package_identification:_identify(src) by extensions ['colcon_meta']
[2.013s] Level 1:colcon.colcon_core.package_identification:_identify(src) by extension 'colcon_meta'
[2.013s] Level 1:colcon.colcon_core.package_identification:_identify(src) by extensions ['ros']
[2.013s] Level 1:colcon.colcon_core.package_identification:_identify(src) by extension 'ros'
[2.014s] Level 1:colcon.colcon_core.package_identification:_identify(src) by extensions ['cmake', 'python']
[2.014s] Level 1:colcon.colcon_core.package_identification:_identify(src) by extension 'cmake'
[2.014s] Level 1:colcon.colcon_core.package_identification:_identify(src) by extension 'python'
[2.015s] Level 1:colcon.colcon_core.package_identification:_identify(src) by extensions ['python_setup_py']
[2.015s] Level 1:colcon.colcon_core.package_identification:_identify(src) by extension 'python_setup_py'
[2.015s] Level 1:colcon.colcon_core.package_identification:_identify(src/robox) by extensions ['ignore', 'ignore_ament_install']
[2.016s] Level 1:colcon.colcon_core.package_identification:_identify(src/robox) by extension 'ignore'
[2.016s] Level 1:colcon.colcon_core.package_identification:_identify(src/robox) by extension 'ignore_ament_install'
[2.016s] Level 1:colcon.colcon_core.package_identification:_identify(src/robox) by extensions ['colcon_pkg']
[2.017s] Level 1:colcon.colcon_core.package_identification:_identify(src/robox) by extension 'colcon_pkg'
[2.017s] Level 1:colcon.colcon_core.package_identification:_identify(src/robox) by extensions ['colcon_meta']
[2.017s] Level 1:colcon.colcon_core.package_identification:_identify(src/robox) by extension 'colcon_meta'
[2.017s] Level 1:colcon.colcon_core.package_identification:_identify(src/robox) by extensions ['ros']
[2.017s] Level 1:colcon.colcon_core.package_identification:_identify(src/robox) by extension 'ros'
[2.036s] DEBUG:colcon.colcon_core.package_identification:Package 'src/robox' with type 'ros.ament_python' and name 'robox'
[2.037s] Level 1:colcon.colcon_core.package_discovery:discover_packages(recursive) using defaults
[2.037s] Level 1:colcon.colcon_core.package_discovery:discover_packages(ignore) discover
[2.037s] Level 1:colcon.colcon_core.package_discovery:discover_packages(ignore) using defaults
[2.037s] Level 1:colcon.colcon_core.package_discovery:discover_packages(path) discover
[2.038s] Level 1:colcon.colcon_core.package_discovery:discover_packages(path) using defaults
[2.151s] Level 1:colcon.colcon_core.package_discovery:discover_packages(prefix_path) check parameters
[2.151s] Level 1:colcon.colcon_core.package_discovery:discover_packages(prefix_path) discover
[2.163s] DEBUG:colcon.colcon_installed_package_information.package_discovery:Found 1 installed packages in /home/sfw/project/ros2_ws/install
[2.172s] DEBUG:colcon.colcon_installed_package_information.package_discovery:Found 270 installed packages in /opt/ros/humble
[2.179s] Level 1:colcon.colcon_core.package_discovery:discover_packages(prefix_path) using defaults
[2.472s] Level 5:colcon.colcon_core.verb:set package 'robox' build argument 'cmake_args' from command line to 'None'
[2.473s] Level 5:colcon.colcon_core.verb:set package 'robox' build argument 'cmake_target' from command line to 'None'
[2.473s] Level 5:colcon.colcon_core.verb:set package 'robox' build argument 'cmake_target_skip_unavailable' from command line to 'False'
[2.473s] Level 5:colcon.colcon_core.verb:set package 'robox' build argument 'cmake_clean_cache' from command line to 'False'
[2.473s] Level 5:colcon.colcon_core.verb:set package 'robox' build argument 'cmake_clean_first' from command line to 'False'
[2.473s] Level 5:colcon.colcon_core.verb:set package 'robox' build argument 'cmake_force_configure' from command line to 'False'
[2.474s] Level 5:colcon.colcon_core.verb:set package 'robox' build argument 'ament_cmake_args' from command line to 'None'
[2.474s] Level 5:colcon.colcon_core.verb:set package 'robox' build argument 'catkin_cmake_args' from command line to 'None'
[2.474s] Level 5:colcon.colcon_core.verb:set package 'robox' build argument 'catkin_skip_building_tests' from command line to 'False'
[2.474s] DEBUG:colcon.colcon_core.verb:Building package 'robox' with the following arguments: {'ament_cmake_args': None, 'build_base': '/home/sfw/project/ros2_ws/build/robox', 'catkin_cmake_args': None, 'catkin_skip_building_tests': False, 'cmake_args': None, 'cmake_clean_cache': False, 'cmake_clean_first': False, 'cmake_force_configure': False, 'cmake_target': None, 'cmake_target_skip_unavailable': False, 'install_base': '/home/sfw/project/ros2_ws/install/robox', 'merge_install': False, 'path': '/home/sfw/project/ros2_ws/src/robox', 'symlink_install': True, 'test_result_base': None}
[2.475s] INFO:colcon.colcon_core.executor:Executing jobs using 'parallel' executor
[2.479s] DEBUG:colcon.colcon_parallel_executor.executor.parallel:run_until_complete
[2.481s] INFO:colcon.colcon_ros.task.ament_python.build:Building ROS package in '/home/sfw/project/ros2_ws/src/robox' with build type 'ament_python'
[2.482s] Level 1:colcon.colcon_core.shell:create_environment_hook('robox', 'ament_prefix_path')
[2.507s] INFO:colcon.colcon_core.plugin_system:Skipping extension 'colcon_core.shell.bat': Not used on non-Windows systems
[2.509s] INFO:colcon.colcon_core.shell:Creating environment hook '/home/sfw/project/ros2_ws/install/robox/share/robox/hook/ament_prefix_path.ps1'
[2.514s] INFO:colcon.colcon_core.shell:Creating environment descriptor '/home/sfw/project/ros2_ws/install/robox/share/robox/hook/ament_prefix_path.dsv'
[2.518s] INFO:colcon.colcon_core.shell:Creating environment hook '/home/sfw/project/ros2_ws/install/robox/share/robox/hook/ament_prefix_path.sh'
[2.523s] INFO:colcon.colcon_core.shell:Skip shell extension 'powershell' for command environment: Not usable outside of PowerShell
[2.524s] DEBUG:colcon.colcon_core.shell:Skip shell extension 'dsv' for command environment
[4.039s] INFO:colcon.colcon_core.task.python.build:Building Python package in '/home/sfw/project/ros2_ws/src/robox'
[4.040s] INFO:colcon.colcon_core.shell:Skip shell extension 'powershell' for command environment: Not usable outside of PowerShell
[4.041s] DEBUG:colcon.colcon_core.shell:Skip shell extension 'dsv' for command environment
[6.057s] DEBUG:colcon.colcon_core.task.python.build:While undoing a previous installation files outside the Python library path are being ignored: /home/sfw/project/ros2_ws/install/robox/share/ament_index/resource_index/packages/robox
[6.058s] DEBUG:colcon.colcon_core.task.python.build:While undoing a previous installation files outside the Python library path are being ignored: /home/sfw/project/ros2_ws/install/robox/share/robox/package.xml
[6.069s] DEBUG:colcon.colcon_core.task.python.build:While undoing a previous installation files outside the Python library path are being ignored: /home/sfw/project/ros2_ws/install/robox/lib/robox/drive_node
[6.071s] DEBUG:colcon.colcon_core.task.python.build:While undoing a previous installation files outside the Python library path are being ignored: /home/sfw/project/ros2_ws/install/robox/lib/robox/key_input_node
[6.072s] DEBUG:colcon.colcon_core.task.python.build:While undoing a previous installation files outside the Python library path are being ignored: /home/sfw/project/ros2_ws/install/robox/lib/robox/lidar_node
[6.101s] DEBUG:colcon.colcon_core.event_handler.log_command:Invoking command in '/home/sfw/project/ros2_ws/build/robox': PYTHONPATH=/home/sfw/project/ros2_ws/build/robox/prefix_override:/home/sfw/project/ros2_ws/install/robox/lib/python3.10/site-packages:${PYTHONPATH} /usr/bin/python3 -W ignore:setup.py install is deprecated setup.py develop --editable --build-directory /home/sfw/project/ros2_ws/build/robox/build --no-deps symlink_data --force
[8.812s] Level 1:colcon.colcon_core.shell:create_environment_hook('robox', 'pythonpath_develop')
[8.814s] INFO:colcon.colcon_core.shell:Creating environment hook '/home/sfw/project/ros2_ws/build/robox/share/robox/hook/pythonpath_develop.ps1'
[8.818s] INFO:colcon.colcon_core.shell:Creating environment descriptor '/home/sfw/project/ros2_ws/build/robox/share/robox/hook/pythonpath_develop.dsv'
[8.821s] INFO:colcon.colcon_core.shell:Creating environment hook '/home/sfw/project/ros2_ws/build/robox/share/robox/hook/pythonpath_develop.sh'
[8.826s] DEBUG:colcon.colcon_core.event_handler.log_command:Invoked command in '/home/sfw/project/ros2_ws/build/robox' returned '0': PYTHONPATH=/home/sfw/project/ros2_ws/build/robox/prefix_override:/home/sfw/project/ros2_ws/install/robox/lib/python3.10/site-packages:${PYTHONPATH} /usr/bin/python3 -W ignore:setup.py install is deprecated setup.py develop --editable --build-directory /home/sfw/project/ros2_ws/build/robox/build --no-deps symlink_data --force
[8.852s] Level 1:colcon.colcon_core.environment:checking '/home/sfw/project/ros2_ws/install/robox' for CMake module files
[8.855s] Level 1:colcon.colcon_core.environment:checking '/home/sfw/project/ros2_ws/install/robox' for CMake config files
[8.858s] Level 1:colcon.colcon_core.environment:checking '/home/sfw/project/ros2_ws/install/robox/lib'
[8.859s] Level 1:colcon.colcon_core.environment:checking '/home/sfw/project/ros2_ws/install/robox/bin'
[8.860s] Level 1:colcon.colcon_core.environment:checking '/home/sfw/project/ros2_ws/install/robox/lib/pkgconfig/robox.pc'
[8.861s] Level 1:colcon.colcon_core.environment:checking '/home/sfw/project/ros2_ws/install/robox/lib/python3.10/site-packages'
[8.861s] Level 1:colcon.colcon_core.shell:create_environment_hook('robox', 'pythonpath')
[8.862s] INFO:colcon.colcon_core.shell:Creating environment hook '/home/sfw/project/ros2_ws/install/robox/share/robox/hook/pythonpath.ps1'
[8.865s] INFO:colcon.colcon_core.shell:Creating environment descriptor '/home/sfw/project/ros2_ws/install/robox/share/robox/hook/pythonpath.dsv'
[8.869s] INFO:colcon.colcon_core.shell:Creating environment hook '/home/sfw/project/ros2_ws/install/robox/share/robox/hook/pythonpath.sh'
[8.872s] Level 1:colcon.colcon_core.environment:checking '/home/sfw/project/ros2_ws/install/robox/bin'
[8.873s] Level 1:colcon.colcon_core.environment:create_environment_scripts_only(robox)
[8.875s] INFO:colcon.colcon_core.shell:Creating package script '/home/sfw/project/ros2_ws/install/robox/share/robox/package.ps1'
[8.880s] INFO:colcon.colcon_core.shell:Creating package descriptor '/home/sfw/project/ros2_ws/install/robox/share/robox/package.dsv'
[8.885s] INFO:colcon.colcon_core.shell:Creating package script '/home/sfw/project/ros2_ws/install/robox/share/robox/package.sh'
[8.892s] INFO:colcon.colcon_core.shell:Creating package script '/home/sfw/project/ros2_ws/install/robox/share/robox/package.bash'
[8.897s] INFO:colcon.colcon_core.shell:Creating package script '/home/sfw/project/ros2_ws/install/robox/share/robox/package.zsh'
[8.902s] Level 1:colcon.colcon_core.environment:create_file_with_runtime_dependencies(/home/sfw/project/ros2_ws/install/robox/share/colcon-core/packages/robox)
[8.907s] DEBUG:colcon.colcon_parallel_executor.executor.parallel:closing loop
[8.908s] DEBUG:colcon.colcon_parallel_executor.executor.parallel:loop closed
[8.909s] DEBUG:colcon.colcon_parallel_executor.executor.parallel:run_until_complete finished with '0'
[8.909s] DEBUG:colcon.colcon_core.event_reactor:joining thread
[8.953s] INFO:colcon.colcon_core.plugin_system:Skipping extension 'colcon_notification.desktop_notification.terminal_notifier': Not used on non-Darwin systems
[8.954s] INFO:colcon.colcon_core.plugin_system:Skipping extension 'colcon_notification.desktop_notification.win32': Not used on non-Windows systems
[8.954s] INFO:colcon.colcon_notification.desktop_notification:Sending desktop notification using 'notify2'
[9.036s] DEBUG:colcon.colcon_core.event_reactor:joined thread
[9.044s] INFO:colcon.colcon_core.shell:Creating prefix script '/home/sfw/project/ros2_ws/install/local_setup.ps1'
[9.057s] INFO:colcon.colcon_core.shell:Creating prefix util module '/home/sfw/project/ros2_ws/install/_local_setup_util_ps1.py'
[9.077s] INFO:colcon.colcon_core.shell:Creating prefix chain script '/home/sfw/project/ros2_ws/install/setup.ps1'
[9.091s] INFO:colcon.colcon_core.shell:Creating prefix script '/home/sfw/project/ros2_ws/install/local_setup.sh'
[9.101s] INFO:colcon.colcon_core.shell:Creating prefix util module '/home/sfw/project/ros2_ws/install/_local_setup_util_sh.py'
[9.105s] INFO:colcon.colcon_core.shell:Creating prefix chain script '/home/sfw/project/ros2_ws/install/setup.sh'
[9.116s] INFO:colcon.colcon_core.shell:Creating prefix script '/home/sfw/project/ros2_ws/install/local_setup.bash'
[9.124s] INFO:colcon.colcon_core.shell:Creating prefix chain script '/home/sfw/project/ros2_ws/install/setup.bash'
[9.133s] INFO:colcon.colcon_core.shell:Creating prefix script '/home/sfw/project/ros2_ws/install/local_setup.zsh'
[9.139s] INFO:colcon.colcon_core.shell:Creating prefix chain script '/home/sfw/project/ros2_ws/install/setup.zsh'
