[3.167s] Invoking command in '/home/sfw/project/ros2_ws/build/robox': PYTHONPATH=/home/sfw/project/ros2_ws/build/robox/prefix_override:/home/sfw/project/ros2_ws/install/robox/lib/python3.10/site-packages:${PYTHONPATH} /usr/bin/python3 -W ignore:setup.py install is deprecated setup.py develop --uninstall --editable --build-directory /home/sfw/project/ros2_ws/build/robox/build
[4.445s] running develop
[4.455s] /usr/lib/python3/dist-packages/setuptools/command/easy_install.py:158: EasyInstallDeprecationWarning: easy_install command is deprecated. Use build and pip and other standards-based tools.
[4.456s]   warnings.warn(
[5.251s] Removing /home/sfw/project/ros2_ws/install/robox/lib/python3.10/site-packages/robox.egg-link (link to .)
[5.406s] Invoked command in '/home/sfw/project/ros2_ws/build/robox' returned '0': PYTHONPATH=/home/sfw/project/ros2_ws/build/robox/prefix_override:/home/sfw/project/ros2_ws/install/robox/lib/python3.10/site-packages:${PYTHONPATH} /usr/bin/python3 -W ignore:setup.py install is deprecated setup.py develop --uninstall --editable --build-directory /home/sfw/project/ros2_ws/build/robox/build
[5.415s] Invoking command in '/home/sfw/project/ros2_ws/src/robox': PYTHONPATH=/home/sfw/project/ros2_ws/build/robox/prefix_override:/home/sfw/project/ros2_ws/install/robox/lib/python3.10/site-packages:${PYTHONPATH} /usr/bin/python3 -W ignore:setup.py install is deprecated setup.py egg_info --egg-base ../../build/robox build --build-base /home/sfw/project/ros2_ws/build/robox/build install --record /home/sfw/project/ros2_ws/build/robox/install.log --single-version-externally-managed install_data --force
[6.543s] running egg_info
[6.546s] writing ../../build/robox/robox.egg-info/PKG-INFO
[6.550s] writing dependency_links to ../../build/robox/robox.egg-info/dependency_links.txt
[6.551s] writing entry points to ../../build/robox/robox.egg-info/entry_points.txt
[6.552s] writing requirements to ../../build/robox/robox.egg-info/requires.txt
[6.553s] writing top-level names to ../../build/robox/robox.egg-info/top_level.txt
[6.561s] reading manifest file '../../build/robox/robox.egg-info/SOURCES.txt'
[6.567s] writing manifest file '../../build/robox/robox.egg-info/SOURCES.txt'
[6.568s] running build
[6.569s] running build_py
[6.569s] copying robox/key_input_node.py -> /home/sfw/project/ros2_ws/build/robox/build/lib/robox
[6.571s] copying robox/lidar_node.py -> /home/sfw/project/ros2_ws/build/robox/build/lib/robox
[6.573s] copying robox/drive_node.py -> /home/sfw/project/ros2_ws/build/robox/build/lib/robox
[6.574s] copying robox/__init__.py -> /home/sfw/project/ros2_ws/build/robox/build/lib/robox
[6.575s] running install
[6.576s] running install_lib
[6.581s] creating /home/sfw/project/ros2_ws/install/robox/lib/python3.10/site-packages/robox
[6.581s] copying /home/sfw/project/ros2_ws/build/robox/build/lib/robox/key_input_node.py -> /home/sfw/project/ros2_ws/install/robox/lib/python3.10/site-packages/robox
[6.582s] copying /home/sfw/project/ros2_ws/build/robox/build/lib/robox/lidar_node.py -> /home/sfw/project/ros2_ws/install/robox/lib/python3.10/site-packages/robox
[6.583s] copying /home/sfw/project/ros2_ws/build/robox/build/lib/robox/drive_node.py -> /home/sfw/project/ros2_ws/install/robox/lib/python3.10/site-packages/robox
[6.584s] copying /home/sfw/project/ros2_ws/build/robox/build/lib/robox/__init__.py -> /home/sfw/project/ros2_ws/install/robox/lib/python3.10/site-packages/robox
[6.587s] byte-compiling /home/sfw/project/ros2_ws/install/robox/lib/python3.10/site-packages/robox/key_input_node.py to key_input_node.cpython-310.pyc
[6.591s] byte-compiling /home/sfw/project/ros2_ws/install/robox/lib/python3.10/site-packages/robox/lidar_node.py to lidar_node.cpython-310.pyc
[6.594s] byte-compiling /home/sfw/project/ros2_ws/install/robox/lib/python3.10/site-packages/robox/drive_node.py to drive_node.cpython-310.pyc
[6.598s] byte-compiling /home/sfw/project/ros2_ws/install/robox/lib/python3.10/site-packages/robox/__init__.py to __init__.cpython-310.pyc
[6.601s] running install_data
[6.602s] copying resource/robox -> /home/sfw/project/ros2_ws/install/robox/share/ament_index/resource_index/packages
[6.602s] copying package.xml -> /home/sfw/project/ros2_ws/install/robox/share/robox
[6.603s] running install_egg_info
[6.610s] Copying ../../build/robox/robox.egg-info to /home/sfw/project/ros2_ws/install/robox/lib/python3.10/site-packages/robox-0.0.0-py3.10.egg-info
[6.623s] running install_scripts
[6.724s] Installing drive_node script to /home/sfw/project/ros2_ws/install/robox/lib/robox
[6.725s] Installing key_input_node script to /home/sfw/project/ros2_ws/install/robox/lib/robox
[6.726s] Installing lidar_node script to /home/sfw/project/ros2_ws/install/robox/lib/robox
[6.728s] writing list of installed files to '/home/sfw/project/ros2_ws/build/robox/install.log'
[6.918s] Invoked command in '/home/sfw/project/ros2_ws/src/robox' returned '0': PYTHONPATH=/home/sfw/project/ros2_ws/build/robox/prefix_override:/home/sfw/project/ros2_ws/install/robox/lib/python3.10/site-packages:${PYTHONPATH} /usr/bin/python3 -W ignore:setup.py install is deprecated setup.py egg_info --egg-base ../../build/robox build --build-base /home/sfw/project/ros2_ws/build/robox/build install --record /home/sfw/project/ros2_ws/build/robox/install.log --single-version-externally-managed install_data --force
