[2.825s] Invoking command in '/home/sfw/project/ros2_ws/src/robox': PYTHONPATH=/home/sfw/project/ros2_ws/build/robox/prefix_override:/home/sfw/project/ros2_ws/install/robox/lib/python3.10/site-packages:${PYTHONPATH} /usr/bin/python3 -W ignore:setup.py install is deprecated setup.py egg_info --egg-base ../../build/robox build --build-base /home/sfw/project/ros2_ws/build/robox/build install --record /home/sfw/project/ros2_ws/build/robox/install.log --single-version-externally-managed install_data
[3.963s] running egg_info
[3.968s] writing ../../build/robox/robox.egg-info/PKG-INFO
[3.972s] writing dependency_links to ../../build/robox/robox.egg-info/dependency_links.txt
[3.973s] writing entry points to ../../build/robox/robox.egg-info/entry_points.txt
[3.976s] writing requirements to ../../build/robox/robox.egg-info/requires.txt
[3.979s] writing top-level names to ../../build/robox/robox.egg-info/top_level.txt
[3.987s] reading manifest file '../../build/robox/robox.egg-info/SOURCES.txt'
[3.992s] writing manifest file '../../build/robox/robox.egg-info/SOURCES.txt'
[3.992s] running build
[3.993s] running build_py
[3.994s] copying robox/drive_node.py -> /home/sfw/project/ros2_ws/build/robox/build/lib/robox
[3.995s] running install
[3.996s] running install_lib
[4.000s] copying /home/sfw/project/ros2_ws/build/robox/build/lib/robox/drive_node.py -> /home/sfw/project/ros2_ws/install/robox/lib/python3.10/site-packages/robox
[4.004s] byte-compiling /home/sfw/project/ros2_ws/install/robox/lib/python3.10/site-packages/robox/drive_node.py to drive_node.cpython-310.pyc
[4.008s] running install_data
[4.009s] running install_egg_info
[4.017s] removing '/home/sfw/project/ros2_ws/install/robox/lib/python3.10/site-packages/robox-0.0.0-py3.10.egg-info' (and everything under it)
[4.021s] Copying ../../build/robox/robox.egg-info to /home/sfw/project/ros2_ws/install/robox/lib/python3.10/site-packages/robox-0.0.0-py3.10.egg-info
[4.026s] running install_scripts
[4.118s] Installing drive_node script to /home/sfw/project/ros2_ws/install/robox/lib/robox
[4.122s] writing list of installed files to '/home/sfw/project/ros2_ws/build/robox/install.log'
[4.259s] Invoked command in '/home/sfw/project/ros2_ws/src/robox' returned '0': PYTHONPATH=/home/sfw/project/ros2_ws/build/robox/prefix_override:/home/sfw/project/ros2_ws/install/robox/lib/python3.10/site-packages:${PYTHONPATH} /usr/bin/python3 -W ignore:setup.py install is deprecated setup.py egg_info --egg-base ../../build/robox build --build-base /home/sfw/project/ros2_ws/build/robox/build install --record /home/sfw/project/ros2_ws/build/robox/install.log --single-version-externally-managed install_data
