[3.076s] Invoking command in '/home/sfw/project/ros2_ws/src/robox': PYTHONPATH=/home/sfw/project/ros2_ws/build/robox/prefix_override:/home/sfw/project/ros2_ws/install/robox/lib/python3.10/site-packages:${PYTHONPATH} /usr/bin/python3 -W ignore:setup.py install is deprecated setup.py egg_info --egg-base ../../build/robox build --build-base /home/sfw/project/ros2_ws/build/robox/build install --record /home/sfw/project/ros2_ws/build/robox/install.log --single-version-externally-managed install_data
[4.166s] running egg_info
[4.168s] writing ../../build/robox/robox.egg-info/PKG-INFO
[4.170s] writing dependency_links to ../../build/robox/robox.egg-info/dependency_links.txt
[4.171s] writing entry points to ../../build/robox/robox.egg-info/entry_points.txt
[4.171s] writing requirements to ../../build/robox/robox.egg-info/requires.txt
[4.172s] writing top-level names to ../../build/robox/robox.egg-info/top_level.txt
[4.182s] reading manifest file '../../build/robox/robox.egg-info/SOURCES.txt'
[4.187s] writing manifest file '../../build/robox/robox.egg-info/SOURCES.txt'
[4.188s] running build
[4.188s] running build_py
[4.189s] copying robox/drive_node.py -> /home/sfw/project/ros2_ws/build/robox/build/lib/robox
[4.190s] copying robox/__init__.py -> /home/sfw/project/ros2_ws/build/robox/build/lib/robox
[4.191s] running install
[4.192s] running install_lib
[4.196s] copying /home/sfw/project/ros2_ws/build/robox/build/lib/robox/drive_node.py -> /home/sfw/project/ros2_ws/install/robox/lib/python3.10/site-packages/robox
[4.197s] copying /home/sfw/project/ros2_ws/build/robox/build/lib/robox/__init__.py -> /home/sfw/project/ros2_ws/install/robox/lib/python3.10/site-packages/robox
[4.199s] byte-compiling /home/sfw/project/ros2_ws/install/robox/lib/python3.10/site-packages/robox/drive_node.py to drive_node.cpython-310.pyc
[4.203s] byte-compiling /home/sfw/project/ros2_ws/install/robox/lib/python3.10/site-packages/robox/__init__.py to __init__.cpython-310.pyc
[4.204s] running install_data
[4.205s] running install_egg_info
[4.212s] removing '/home/sfw/project/ros2_ws/install/robox/lib/python3.10/site-packages/robox-0.0.0-py3.10.egg-info' (and everything under it)
[4.213s] Copying ../../build/robox/robox.egg-info to /home/sfw/project/ros2_ws/install/robox/lib/python3.10/site-packages/robox-0.0.0-py3.10.egg-info
[4.220s] running install_scripts
[4.301s] Installing drive_node script to /home/sfw/project/ros2_ws/install/robox/lib/robox
[4.303s] writing list of installed files to '/home/sfw/project/ros2_ws/build/robox/install.log'
[4.433s] Invoked command in '/home/sfw/project/ros2_ws/src/robox' returned '0': PYTHONPATH=/home/sfw/project/ros2_ws/build/robox/prefix_override:/home/sfw/project/ros2_ws/install/robox/lib/python3.10/site-packages:${PYTHONPATH} /usr/bin/python3 -W ignore:setup.py install is deprecated setup.py egg_info --egg-base ../../build/robox build --build-base /home/sfw/project/ros2_ws/build/robox/build install --record /home/sfw/project/ros2_ws/build/robox/install.log --single-version-externally-managed install_data
