[3.079s] Invoking command in '/home/sfw/project/robox_ws/build/robox': PYTHONPATH=/home/sfw/project/robox_ws/build/robox/prefix_override:/home/sfw/project/robox_ws/install/robox/lib/python3.10/site-packages:${PYTHONPATH} /usr/bin/python3 -W ignore:setup.py install is deprecated setup.py develop --editable --build-directory /home/sfw/project/robox_ws/build/robox/build --no-deps symlink_data --force
[4.333s] running develop
[4.335s] /usr/lib/python3/dist-packages/setuptools/command/easy_install.py:158: EasyInstallDeprecationWarning: easy_install command is deprecated. Use build and pip and other standards-based tools.
[4.335s]   warnings.warn(
[5.340s] running egg_info
[5.341s] writing robox.egg-info/PKG-INFO
[5.343s] writing dependency_links to robox.egg-info/dependency_links.txt
[5.344s] writing entry points to robox.egg-info/entry_points.txt
[5.345s] writing requirements to robox.egg-info/requires.txt
[5.345s] writing top-level names to robox.egg-info/top_level.txt
[5.359s] reading manifest file 'robox.egg-info/SOURCES.txt'
[5.363s] writing manifest file 'robox.egg-info/SOURCES.txt'
[5.368s] running build_ext
[5.369s] Creating /home/sfw/project/robox_ws/install/robox/lib/python3.10/site-packages/robox.egg-link (link to .)
[5.373s] Installing drive_node script to /home/sfw/project/robox_ws/install/robox/lib/robox
[5.375s] Installing encoder_node script to /home/sfw/project/robox_ws/install/robox/lib/robox
[5.376s] Installing key_input_node script to /home/sfw/project/robox_ws/install/robox/lib/robox
[5.376s] Installing lidar_node script to /home/sfw/project/robox_ws/install/robox/lib/robox
[5.378s] 
[5.379s] Installed /home/sfw/project/robox_ws/build/robox
[5.381s] running symlink_data
[5.387s] symbolically linking /home/sfw/project/robox_ws/build/robox/resource/robox -> /home/sfw/project/robox_ws/install/robox/share/ament_index/resource_index/packages
[5.388s] symbolically linking /home/sfw/project/robox_ws/build/robox/package.xml -> /home/sfw/project/robox_ws/install/robox/share/robox
[5.390s] symbolically linking /home/sfw/project/robox_ws/build/robox/config/mapper_params_online_async.yaml -> /home/sfw/project/robox_ws/install/robox/share/robox/config
[5.391s] symbolically linking /home/sfw/project/robox_ws/build/robox/config/joystick.yaml -> /home/sfw/project/robox_ws/install/robox/share/robox/config
[5.548s] Invoked command in '/home/sfw/project/robox_ws/build/robox' returned '0': PYTHONPATH=/home/sfw/project/robox_ws/build/robox/prefix_override:/home/sfw/project/robox_ws/install/robox/lib/python3.10/site-packages:${PYTHONPATH} /usr/bin/python3 -W ignore:setup.py install is deprecated setup.py develop --editable --build-directory /home/sfw/project/robox_ws/build/robox/build --no-deps symlink_data --force
