running egg_info
writing ../../build/robox/robox.egg-info/PKG-INFO
writing dependency_links to ../../build/robox/robox.egg-info/dependency_links.txt
writing entry points to ../../build/robox/robox.egg-info/entry_points.txt
writing requirements to ../../build/robox/robox.egg-info/requires.txt
writing top-level names to ../../build/robox/robox.egg-info/top_level.txt
reading manifest file '../../build/robox/robox.egg-info/SOURCES.txt'
writing manifest file '../../build/robox/robox.egg-info/SOURCES.txt'
running build
running build_py
copying robox/drive_node.py -> /home/sfw/project/ros2_ws/build/robox/build/lib/robox
running install
running install_lib
copying /home/sfw/project/ros2_ws/build/robox/build/lib/robox/drive_node.py -> /home/sfw/project/ros2_ws/install/robox/lib/python3.10/site-packages/robox
byte-compiling /home/sfw/project/ros2_ws/install/robox/lib/python3.10/site-packages/robox/drive_node.py to drive_node.cpython-310.pyc
running install_data
running install_egg_info
removing '/home/sfw/project/ros2_ws/install/robox/lib/python3.10/site-packages/robox-0.0.0-py3.10.egg-info' (and everything under it)
Copying ../../build/robox/robox.egg-info to /home/sfw/project/ros2_ws/install/robox/lib/python3.10/site-packages/robox-0.0.0-py3.10.egg-info
running install_scripts
Installing drive_node script to /home/sfw/project/ros2_ws/install/robox/lib/robox
writing list of installed files to '/home/sfw/project/ros2_ws/build/robox/install.log'
