[0.504s] DEBUG:colcon:Command line arguments: ['/usr/bin/colcon', 'build', '--symlink-install']
[0.505s] DEBUG:colcon:Parsed command line arguments: Namespace(log_base=None, log_level=None, verb_name='build', build_base='build', install_base='install', merge_install=False, symlink_install=True, test_result_base=None, continue_on_error=False, executor='parallel', parallel_workers=4, event_handlers=None, ignore_user_meta=False, metas=['./colcon.meta'], base_paths=['.'], packages_ignore=None, packages_ignore_regex=None, paths=None, packages_up_to=None, packages_up_to_regex=None, packages_above=None, packages_above_and_dependencies=None, packages_above_depth=None, packages_select_by_dep=None, packages_skip_by_dep=None, packages_skip_up_to=None, packages_select_build_failed=False, packages_skip_build_finished=False, packages_select_test_failures=False, packages_skip_test_passed=False, packages_select=None, packages_skip=None, packages_select_regex=None, packages_skip_regex=None, packages_start=None, packages_end=None, allow_overriding=[], cmake_args=None, cmake_target=None, cmake_target_skip_unavailable=False, cmake_clean_cache=False, cmake_clean_first=False, cmake_force_configure=False, ament_cmake_args=None, catkin_cmake_args=None, catkin_skip_building_tests=False, verb_parser=<colcon_defaults.argument_parser.defaults.DefaultArgumentsDecorator object at 0xffff9a277fd0>, verb_extension=<colcon_core.verb.build.BuildVerb object at 0xffff9a3e8c10>, main=<bound method BuildVerb.main of <colcon_core.verb.build.BuildVerb object at 0xffff9a3e8c10>>)
[1.330s] Level 1:colcon.colcon_core.package_discovery:discover_packages(colcon_meta) check parameters
[1.331s] Level 1:colcon.colcon_core.package_discovery:discover_packages(recursive) check parameters
[1.331s] Level 1:colcon.colcon_core.package_discovery:discover_packages(ignore) check parameters
[1.332s] Level 1:colcon.colcon_core.package_discovery:discover_packages(path) check parameters
[1.332s] Level 1:colcon.colcon_core.package_discovery:discover_packages(colcon_meta) discover
[1.332s] Level 1:colcon.colcon_core.package_discovery:discover_packages(recursive) discover
[1.332s] INFO:colcon.colcon_core.package_discovery:Crawling recursively for packages in '/home/sfw/project/ros2_ws'
[1.333s] Level 1:colcon.colcon_core.package_identification:_identify(.) by extensions ['ignore', 'ignore_ament_install']
[1.333s] Level 1:colcon.colcon_core.package_identification:_identify(.) by extension 'ignore'
[1.334s] Level 1:colcon.colcon_core.package_identification:_identify(.) by extension 'ignore_ament_install'
[1.334s] Level 1:colcon.colcon_core.package_identification:_identify(.) by extensions ['colcon_pkg']
[1.335s] Level 1:colcon.colcon_core.package_identification:_identify(.) by extension 'colcon_pkg'
[1.335s] Level 1:colcon.colcon_core.package_identification:_identify(.) by extensions ['colcon_meta']
[1.335s] Level 1:colcon.colcon_core.package_identification:_identify(.) by extension 'colcon_meta'
[1.336s] Level 1:colcon.colcon_core.package_identification:_identify(.) by extensions ['ros']
[1.336s] Level 1:colcon.colcon_core.package_identification:_identify(.) by extension 'ros'
[1.387s] Level 1:colcon.colcon_core.package_identification:_identify(.) by extensions ['cmake', 'python']
[1.388s] Level 1:colcon.colcon_core.package_identification:_identify(.) by extension 'cmake'
[1.388s] Level 1:colcon.colcon_core.package_identification:_identify(.) by extension 'python'
[1.388s] Level 1:colcon.colcon_core.package_identification:_identify(.) by extensions ['python_setup_py']
[1.389s] Level 1:colcon.colcon_core.package_identification:_identify(.) by extension 'python_setup_py'
[1.389s] Level 1:colcon.colcon_core.package_identification:_identify(build) by extensions ['ignore', 'ignore_ament_install']
[1.390s] Level 1:colcon.colcon_core.package_identification:_identify(build) by extension 'ignore'
[1.390s] Level 1:colcon.colcon_core.package_identification:_identify(build) ignored
[1.391s] Level 1:colcon.colcon_core.package_identification:_identify(install) by extensions ['ignore', 'ignore_ament_install']
[1.392s] Level 1:colcon.colcon_core.package_identification:_identify(install) by extension 'ignore'
[1.392s] Level 1:colcon.colcon_core.package_identification:_identify(install) ignored
[1.393s] Level 1:colcon.colcon_core.package_identification:_identify(log) by extensions ['ignore', 'ignore_ament_install']
[1.394s] Level 1:colcon.colcon_core.package_identification:_identify(log) by extension 'ignore'
[1.394s] Level 1:colcon.colcon_core.package_identification:_identify(log) ignored
[1.395s] Level 1:colcon.colcon_core.package_identification:_identify(src) by extensions ['ignore', 'ignore_ament_install']
[1.395s] Level 1:colcon.colcon_core.package_identification:_identify(src) by extension 'ignore'
[1.396s] Level 1:colcon.colcon_core.package_identification:_identify(src) by extension 'ignore_ament_install'
[1.396s] Level 1:colcon.colcon_core.package_identification:_identify(src) by extensions ['colcon_pkg']
[1.396s] Level 1:colcon.colcon_core.package_identification:_identify(src) by extension 'colcon_pkg'
[1.397s] Level 1:colcon.colcon_core.package_identification:_identify(src) by extensions ['colcon_meta']
[1.397s] Level 1:colcon.colcon_core.package_identification:_identify(src) by extension 'colcon_meta'
[1.397s] Level 1:colcon.colcon_core.package_identification:_identify(src) by extensions ['ros']
[1.397s] Level 1:colcon.colcon_core.package_identification:_identify(src) by extension 'ros'
[1.398s] Level 1:colcon.colcon_core.package_identification:_identify(src) by extensions ['cmake', 'python']
[1.398s] Level 1:colcon.colcon_core.package_identification:_identify(src) by extension 'cmake'
[1.398s] Level 1:colcon.colcon_core.package_identification:_identify(src) by extension 'python'
[1.398s] Level 1:colcon.colcon_core.package_identification:_identify(src) by extensions ['python_setup_py']
[1.399s] Level 1:colcon.colcon_core.package_identification:_identify(src) by extension 'python_setup_py'
[1.399s] Level 1:colcon.colcon_core.package_identification:_identify(src/robox) by extensions ['ignore', 'ignore_ament_install']
[1.400s] Level 1:colcon.colcon_core.package_identification:_identify(src/robox) by extension 'ignore'
[1.400s] Level 1:colcon.colcon_core.package_identification:_identify(src/robox) by extension 'ignore_ament_install'
[1.401s] Level 1:colcon.colcon_core.package_identification:_identify(src/robox) by extensions ['colcon_pkg']
[1.401s] Level 1:colcon.colcon_core.package_identification:_identify(src/robox) by extension 'colcon_pkg'
[1.401s] Level 1:colcon.colcon_core.package_identification:_identify(src/robox) by extensions ['colcon_meta']
[1.401s] Level 1:colcon.colcon_core.package_identification:_identify(src/robox) by extension 'colcon_meta'
[1.402s] Level 1:colcon.colcon_core.package_identification:_identify(src/robox) by extensions ['ros']
[1.402s] Level 1:colcon.colcon_core.package_identification:_identify(src/robox) by extension 'ros'
[1.412s] DEBUG:colcon.colcon_core.package_identification:Package 'src/robox' with type 'ros.ament_python' and name 'robox'
[1.413s] Level 1:colcon.colcon_core.package_discovery:discover_packages(recursive) using defaults
[1.413s] Level 1:colcon.colcon_core.package_discovery:discover_packages(ignore) discover
[1.413s] Level 1:colcon.colcon_core.package_discovery:discover_packages(ignore) using defaults
[1.413s] Level 1:colcon.colcon_core.package_discovery:discover_packages(path) discover
[1.413s] Level 1:colcon.colcon_core.package_discovery:discover_packages(path) using defaults
[1.491s] Level 1:colcon.colcon_core.package_discovery:discover_packages(prefix_path) check parameters
[1.492s] Level 1:colcon.colcon_core.package_discovery:discover_packages(prefix_path) discover
[1.499s] DEBUG:colcon.colcon_installed_package_information.package_discovery:Found 1 installed packages in /home/sfw/project/ros2_ws/install
[1.508s] DEBUG:colcon.colcon_installed_package_information.package_discovery:Found 270 installed packages in /opt/ros/humble
[1.515s] Level 1:colcon.colcon_core.package_discovery:discover_packages(prefix_path) using defaults
[1.731s] Level 5:colcon.colcon_core.verb:set package 'robox' build argument 'cmake_args' from command line to 'None'
[1.731s] Level 5:colcon.colcon_core.verb:set package 'robox' build argument 'cmake_target' from command line to 'None'
[1.731s] Level 5:colcon.colcon_core.verb:set package 'robox' build argument 'cmake_target_skip_unavailable' from command line to 'False'
[1.731s] Level 5:colcon.colcon_core.verb:set package 'robox' build argument 'cmake_clean_cache' from command line to 'False'
[1.732s] Level 5:colcon.colcon_core.verb:set package 'robox' build argument 'cmake_clean_first' from command line to 'False'
[1.732s] Level 5:colcon.colcon_core.verb:set package 'robox' build argument 'cmake_force_configure' from command line to 'False'
[1.732s] Level 5:colcon.colcon_core.verb:set package 'robox' build argument 'ament_cmake_args' from command line to 'None'
[1.732s] Level 5:colcon.colcon_core.verb:set package 'robox' build argument 'catkin_cmake_args' from command line to 'None'
[1.732s] Level 5:colcon.colcon_core.verb:set package 'robox' build argument 'catkin_skip_building_tests' from command line to 'False'
[1.732s] DEBUG:colcon.colcon_core.verb:Building package 'robox' with the following arguments: {'ament_cmake_args': None, 'build_base': '/home/sfw/project/ros2_ws/build/robox', 'catkin_cmake_args': None, 'catkin_skip_building_tests': False, 'cmake_args': None, 'cmake_clean_cache': False, 'cmake_clean_first': False, 'cmake_force_configure': False, 'cmake_target': None, 'cmake_target_skip_unavailable': False, 'install_base': '/home/sfw/project/ros2_ws/install/robox', 'merge_install': False, 'path': '/home/sfw/project/ros2_ws/src/robox', 'symlink_install': True, 'test_result_base': None}
[1.733s] INFO:colcon.colcon_core.executor:Executing jobs using 'parallel' executor
[1.737s] DEBUG:colcon.colcon_parallel_executor.executor.parallel:run_until_complete
[1.738s] INFO:colcon.colcon_ros.task.ament_python.build:Building ROS package in '/home/sfw/project/ros2_ws/src/robox' with build type 'ament_python'
[1.739s] Level 1:colcon.colcon_core.shell:create_environment_hook('robox', 'ament_prefix_path')
[1.749s] INFO:colcon.colcon_core.plugin_system:Skipping extension 'colcon_core.shell.bat': Not used on non-Windows systems
[1.750s] INFO:colcon.colcon_core.shell:Creating environment hook '/home/sfw/project/ros2_ws/install/robox/share/robox/hook/ament_prefix_path.ps1'
[1.754s] INFO:colcon.colcon_core.shell:Creating environment descriptor '/home/sfw/project/ros2_ws/install/robox/share/robox/hook/ament_prefix_path.dsv'
[1.756s] INFO:colcon.colcon_core.shell:Creating environment hook '/home/sfw/project/ros2_ws/install/robox/share/robox/hook/ament_prefix_path.sh'
[1.761s] INFO:colcon.colcon_core.shell:Skip shell extension 'powershell' for command environment: Not usable outside of PowerShell
[1.761s] DEBUG:colcon.colcon_core.shell:Skip shell extension 'dsv' for command environment
[3.041s] INFO:colcon.colcon_core.task.python.build:Building Python package in '/home/sfw/project/ros2_ws/src/robox'
[3.043s] INFO:colcon.colcon_core.shell:Skip shell extension 'powershell' for command environment: Not usable outside of PowerShell
[3.044s] DEBUG:colcon.colcon_core.shell:Skip shell extension 'dsv' for command environment
[4.658s] DEBUG:colcon.colcon_core.event_handler.log_command:Invoking command in '/home/sfw/project/ros2_ws/build/robox': PYTHONPATH=/home/sfw/project/ros2_ws/build/robox/prefix_override:/home/sfw/project/ros2_ws/install/robox/lib/python3.10/site-packages:${PYTHONPATH} /usr/bin/python3 -W ignore:setup.py install is deprecated setup.py develop --editable --build-directory /home/sfw/project/ros2_ws/build/robox/build --no-deps symlink_data
[7.052s] Level 1:colcon.colcon_core.shell:create_environment_hook('robox', 'pythonpath_develop')
[7.054s] INFO:colcon.colcon_core.shell:Creating environment hook '/home/sfw/project/ros2_ws/build/robox/share/robox/hook/pythonpath_develop.ps1'
[7.055s] DEBUG:colcon.colcon_core.event_handler.log_command:Invoked command in '/home/sfw/project/ros2_ws/build/robox' returned '0': PYTHONPATH=/home/sfw/project/ros2_ws/build/robox/prefix_override:/home/sfw/project/ros2_ws/install/robox/lib/python3.10/site-packages:${PYTHONPATH} /usr/bin/python3 -W ignore:setup.py install is deprecated setup.py develop --editable --build-directory /home/sfw/project/ros2_ws/build/robox/build --no-deps symlink_data
[7.058s] INFO:colcon.colcon_core.shell:Creating environment descriptor '/home/sfw/project/ros2_ws/build/robox/share/robox/hook/pythonpath_develop.dsv'
[7.060s] INFO:colcon.colcon_core.shell:Creating environment hook '/home/sfw/project/ros2_ws/build/robox/share/robox/hook/pythonpath_develop.sh'
[7.073s] Level 1:colcon.colcon_core.environment:checking '/home/sfw/project/ros2_ws/install/robox' for CMake module files
[7.075s] Level 1:colcon.colcon_core.environment:checking '/home/sfw/project/ros2_ws/install/robox' for CMake config files
[7.080s] Level 1:colcon.colcon_core.environment:checking '/home/sfw/project/ros2_ws/install/robox/lib'
[7.081s] Level 1:colcon.colcon_core.environment:checking '/home/sfw/project/ros2_ws/install/robox/bin'
[7.081s] Level 1:colcon.colcon_core.environment:checking '/home/sfw/project/ros2_ws/install/robox/lib/pkgconfig/robox.pc'
[7.083s] Level 1:colcon.colcon_core.environment:checking '/home/sfw/project/ros2_ws/install/robox/lib/python3.10/site-packages'
[7.083s] Level 1:colcon.colcon_core.shell:create_environment_hook('robox', 'pythonpath')
[7.084s] INFO:colcon.colcon_core.shell:Creating environment hook '/home/sfw/project/ros2_ws/install/robox/share/robox/hook/pythonpath.ps1'
[7.087s] INFO:colcon.colcon_core.shell:Creating environment descriptor '/home/sfw/project/ros2_ws/install/robox/share/robox/hook/pythonpath.dsv'
[7.089s] INFO:colcon.colcon_core.shell:Creating environment hook '/home/sfw/project/ros2_ws/install/robox/share/robox/hook/pythonpath.sh'
[7.092s] Level 1:colcon.colcon_core.environment:checking '/home/sfw/project/ros2_ws/install/robox/bin'
[7.092s] Level 1:colcon.colcon_core.environment:create_environment_scripts_only(robox)
[7.094s] INFO:colcon.colcon_core.shell:Creating package script '/home/sfw/project/ros2_ws/install/robox/share/robox/package.ps1'
[7.099s] INFO:colcon.colcon_core.shell:Creating package descriptor '/home/sfw/project/ros2_ws/install/robox/share/robox/package.dsv'
[7.102s] INFO:colcon.colcon_core.shell:Creating package script '/home/sfw/project/ros2_ws/install/robox/share/robox/package.sh'
[7.106s] INFO:colcon.colcon_core.shell:Creating package script '/home/sfw/project/ros2_ws/install/robox/share/robox/package.bash'
[7.110s] INFO:colcon.colcon_core.shell:Creating package script '/home/sfw/project/ros2_ws/install/robox/share/robox/package.zsh'
[7.113s] Level 1:colcon.colcon_core.environment:create_file_with_runtime_dependencies(/home/sfw/project/ros2_ws/install/robox/share/colcon-core/packages/robox)
[7.115s] DEBUG:colcon.colcon_parallel_executor.executor.parallel:closing loop
[7.117s] DEBUG:colcon.colcon_parallel_executor.executor.parallel:loop closed
[7.117s] DEBUG:colcon.colcon_parallel_executor.executor.parallel:run_until_complete finished with '0'
[7.118s] DEBUG:colcon.colcon_core.event_reactor:joining thread
[7.147s] INFO:colcon.colcon_core.plugin_system:Skipping extension 'colcon_notification.desktop_notification.terminal_notifier': Not used on non-Darwin systems
[7.148s] INFO:colcon.colcon_core.plugin_system:Skipping extension 'colcon_notification.desktop_notification.win32': Not used on non-Windows systems
[7.149s] INFO:colcon.colcon_notification.desktop_notification:Sending desktop notification using 'notify2'
[7.213s] DEBUG:colcon.colcon_core.event_reactor:joined thread
[7.214s] INFO:colcon.colcon_core.shell:Creating prefix script '/home/sfw/project/ros2_ws/install/local_setup.ps1'
[7.218s] INFO:colcon.colcon_core.shell:Creating prefix util module '/home/sfw/project/ros2_ws/install/_local_setup_util_ps1.py'
[7.233s] INFO:colcon.colcon_core.shell:Creating prefix chain script '/home/sfw/project/ros2_ws/install/setup.ps1'
[7.242s] INFO:colcon.colcon_core.shell:Creating prefix script '/home/sfw/project/ros2_ws/install/local_setup.sh'
[7.248s] INFO:colcon.colcon_core.shell:Creating prefix util module '/home/sfw/project/ros2_ws/install/_local_setup_util_sh.py'
[7.250s] INFO:colcon.colcon_core.shell:Creating prefix chain script '/home/sfw/project/ros2_ws/install/setup.sh'
[7.256s] INFO:colcon.colcon_core.shell:Creating prefix script '/home/sfw/project/ros2_ws/install/local_setup.bash'
[7.259s] INFO:colcon.colcon_core.shell:Creating prefix chain script '/home/sfw/project/ros2_ws/install/setup.bash'
[7.264s] INFO:colcon.colcon_core.shell:Creating prefix script '/home/sfw/project/ros2_ws/install/local_setup.zsh'
[7.267s] INFO:colcon.colcon_core.shell:Creating prefix chain script '/home/sfw/project/ros2_ws/install/setup.zsh'
