[3.145s] Invoking command in '/home/sfw/project/robox_ws/build/robox': PYTHONPATH=/home/sfw/project/robox_ws/build/robox/prefix_override:/home/sfw/project/robox_ws/install/robox/lib/python3.10/site-packages:${PYTHONPATH} /usr/bin/python3 -W ignore:setup.py install is deprecated setup.py develop --editable --build-directory /home/sfw/project/robox_ws/build/robox/build --no-deps symlink_data --force
[4.520s] running develop
[4.522s] /usr/lib/python3/dist-packages/setuptools/command/easy_install.py:158: EasyInstallDeprecationWarning: easy_install command is deprecated. Use build and pip and other standards-based tools.
[4.522s]   warnings.warn(
[5.363s] running egg_info
[5.364s] writing robox.egg-info/PKG-INFO
[5.365s] writing dependency_links to robox.egg-info/dependency_links.txt
[5.366s] writing entry points to robox.egg-info/entry_points.txt
[5.366s] writing requirements to robox.egg-info/requires.txt
[5.367s] writing top-level names to robox.egg-info/top_level.txt
[5.381s] reading manifest file 'robox.egg-info/SOURCES.txt'
[5.384s] writing manifest file 'robox.egg-info/SOURCES.txt'
[5.390s] running build_ext
[5.392s] Creating /home/sfw/project/robox_ws/install/robox/lib/python3.10/site-packages/robox.egg-link (link to .)
[5.395s] Installing drive_node script to /home/sfw/project/robox_ws/install/robox/lib/robox
[5.397s] Installing encoder_node script to /home/sfw/project/robox_ws/install/robox/lib/robox
[5.397s] Installing key_input_node script to /home/sfw/project/robox_ws/install/robox/lib/robox
[5.398s] Installing lidar_node script to /home/sfw/project/robox_ws/install/robox/lib/robox
[5.400s] 
[5.401s] Installed /home/sfw/project/robox_ws/build/robox
[5.401s] running symlink_data
[5.402s] symbolically linking /home/sfw/project/robox_ws/build/robox/resource/robox -> /home/sfw/project/robox_ws/install/robox/share/ament_index/resource_index/packages
[5.402s] symbolically linking /home/sfw/project/robox_ws/build/robox/package.xml -> /home/sfw/project/robox_ws/install/robox/share/robox
[5.403s] symbolically linking /home/sfw/project/robox_ws/build/robox/config/mapper_params_online_async.yaml -> /home/sfw/project/robox_ws/install/robox/share/robox/config
[5.404s] symbolically linking /home/sfw/project/robox_ws/build/robox/config/joystick.yaml -> /home/sfw/project/robox_ws/install/robox/share/robox/config
[5.546s] Invoked command in '/home/sfw/project/robox_ws/build/robox' returned '0': PYTHONPATH=/home/sfw/project/robox_ws/build/robox/prefix_override:/home/sfw/project/robox_ws/install/robox/lib/python3.10/site-packages:${PYTHONPATH} /usr/bin/python3 -W ignore:setup.py install is deprecated setup.py develop --editable --build-directory /home/sfw/project/robox_ws/build/robox/build --no-deps symlink_data --force
