[2.848s] Invoking command in '/home/sfw/project/ros2_ws/src/robox': PYTHONPATH=/home/sfw/project/ros2_ws/build/robox/prefix_override:/home/sfw/project/ros2_ws/install/robox/lib/python3.10/site-packages:${PYTHONPATH} /usr/bin/python3 -W ignore:setup.py install is deprecated setup.py egg_info --egg-base ../../build/robox build --build-base /home/sfw/project/ros2_ws/build/robox/build install --record /home/sfw/project/ros2_ws/build/robox/install.log --single-version-externally-managed install_data
[4.109s] running egg_info
[4.111s] writing ../../build/robox/robox.egg-info/PKG-INFO
[4.112s] writing dependency_links to ../../build/robox/robox.egg-info/dependency_links.txt
[4.113s] writing entry points to ../../build/robox/robox.egg-info/entry_points.txt
[4.114s] writing requirements to ../../build/robox/robox.egg-info/requires.txt
[4.115s] writing top-level names to ../../build/robox/robox.egg-info/top_level.txt
[4.123s] reading manifest file '../../build/robox/robox.egg-info/SOURCES.txt'
[4.127s] writing manifest file '../../build/robox/robox.egg-info/SOURCES.txt'
[4.128s] running build
[4.129s] running build_py
[4.129s] copying robox/key_input_node.py -> /home/sfw/project/ros2_ws/build/robox/build/lib/robox
[4.131s] running install
[4.132s] running install_lib
[4.135s] copying /home/sfw/project/ros2_ws/build/robox/build/lib/robox/key_input_node.py -> /home/sfw/project/ros2_ws/install/robox/lib/python3.10/site-packages/robox
[4.139s] byte-compiling /home/sfw/project/ros2_ws/install/robox/lib/python3.10/site-packages/robox/key_input_node.py to key_input_node.cpython-310.pyc
[4.143s] running install_data
[4.143s] running install_egg_info
[4.150s] removing '/home/sfw/project/ros2_ws/install/robox/lib/python3.10/site-packages/robox-0.0.0-py3.10.egg-info' (and everything under it)
[4.155s] Copying ../../build/robox/robox.egg-info to /home/sfw/project/ros2_ws/install/robox/lib/python3.10/site-packages/robox-0.0.0-py3.10.egg-info
[4.158s] running install_scripts
[4.238s] Installing drive_node script to /home/sfw/project/ros2_ws/install/robox/lib/robox
[4.239s] Installing key_input_node script to /home/sfw/project/ros2_ws/install/robox/lib/robox
[4.240s] Installing lidar_node script to /home/sfw/project/ros2_ws/install/robox/lib/robox
[4.241s] writing list of installed files to '/home/sfw/project/ros2_ws/build/robox/install.log'
[4.367s] Invoked command in '/home/sfw/project/ros2_ws/src/robox' returned '0': PYTHONPATH=/home/sfw/project/ros2_ws/build/robox/prefix_override:/home/sfw/project/ros2_ws/install/robox/lib/python3.10/site-packages:${PYTHONPATH} /usr/bin/python3 -W ignore:setup.py install is deprecated setup.py egg_info --egg-base ../../build/robox build --build-base /home/sfw/project/ros2_ws/build/robox/build install --record /home/sfw/project/ros2_ws/build/robox/install.log --single-version-externally-managed install_data
