[4.119s] Invoking command in '/home/sfw/project/robox_ws/build/robox': PYTHONPATH=/home/sfw/project/robox_ws/build/robox/prefix_override:/home/sfw/project/robox_ws/install/robox/lib/python3.10/site-packages:${PYTHONPATH} /usr/bin/python3 -W ignore:setup.py install is deprecated setup.py develop --editable --build-directory /home/sfw/project/robox_ws/build/robox/build --no-deps symlink_data
[5.852s] running develop
[5.864s] /usr/lib/python3/dist-packages/setuptools/command/easy_install.py:158: EasyInstallDeprecationWarning: easy_install command is deprecated. Use build and pip and other standards-based tools.
[5.865s]   warnings.warn(
[7.430s] running egg_info
[7.431s] writing robox.egg-info/PKG-INFO
[7.432s] writing dependency_links to robox.egg-info/dependency_links.txt
[7.433s] writing entry points to robox.egg-info/entry_points.txt
[7.434s] writing requirements to robox.egg-info/requires.txt
[7.434s] writing top-level names to robox.egg-info/top_level.txt
[7.455s] reading manifest file 'robox.egg-info/SOURCES.txt'
[7.466s] writing manifest file 'robox.egg-info/SOURCES.txt'
[7.473s] running build_ext
[7.474s] Creating /home/sfw/project/robox_ws/install/robox/lib/python3.10/site-packages/robox.egg-link (link to .)
[7.478s] Installing drive_node script to /home/sfw/project/robox_ws/install/robox/lib/robox
[7.479s] Installing dynamic_transform script to /home/sfw/project/robox_ws/install/robox/lib/robox
[7.480s] Installing encoder_node script to /home/sfw/project/robox_ws/install/robox/lib/robox
[7.481s] Installing key_input_node script to /home/sfw/project/robox_ws/install/robox/lib/robox
[7.482s] Installing lidar_node script to /home/sfw/project/robox_ws/install/robox/lib/robox
[7.483s] 
[7.484s] Installed /home/sfw/project/robox_ws/build/robox
[7.484s] running symlink_data
[7.631s] Invoked command in '/home/sfw/project/robox_ws/build/robox' returned '0': PYTHONPATH=/home/sfw/project/robox_ws/build/robox/prefix_override:/home/sfw/project/robox_ws/install/robox/lib/python3.10/site-packages:${PYTHONPATH} /usr/bin/python3 -W ignore:setup.py install is deprecated setup.py develop --editable --build-directory /home/sfw/project/robox_ws/build/robox/build --no-deps symlink_data
