[3.155s] Invoking command in '/home/sfw/project/robox_ws/build/robox': PYTHONPATH=/home/sfw/project/robox_ws/build/robox/prefix_override:/home/sfw/project/robox_ws/install/robox/lib/python3.10/site-packages:${PYTHONPATH} /usr/bin/python3 -W ignore:setup.py install is deprecated setup.py develop --editable --build-directory /home/sfw/project/robox_ws/build/robox/build --no-deps symlink_data
[4.446s] running develop
[4.447s] /usr/lib/python3/dist-packages/setuptools/command/easy_install.py:158: EasyInstallDeprecationWarning: easy_install command is deprecated. Use build and pip and other standards-based tools.
[4.448s]   warnings.warn(
[5.407s] running egg_info
[5.408s] writing robox.egg-info/PKG-INFO
[5.409s] writing dependency_links to robox.egg-info/dependency_links.txt
[5.411s] writing entry points to robox.egg-info/entry_points.txt
[5.411s] writing requirements to robox.egg-info/requires.txt
[5.413s] writing top-level names to robox.egg-info/top_level.txt
[5.429s] reading manifest file 'robox.egg-info/SOURCES.txt'
[5.433s] writing manifest file 'robox.egg-info/SOURCES.txt'
[5.439s] running build_ext
[5.441s] Creating /home/sfw/project/robox_ws/install/robox/lib/python3.10/site-packages/robox.egg-link (link to .)
[5.445s] Installing drive_node script to /home/sfw/project/robox_ws/install/robox/lib/robox
[5.449s] Installing dynamic_transform script to /home/sfw/project/robox_ws/install/robox/lib/robox
[5.450s] Installing encoder_node script to /home/sfw/project/robox_ws/install/robox/lib/robox
[5.456s] Installing key_input_node script to /home/sfw/project/robox_ws/install/robox/lib/robox
[5.458s] Installing lidar_node script to /home/sfw/project/robox_ws/install/robox/lib/robox
[5.461s] 
[5.464s] Installed /home/sfw/project/robox_ws/build/robox
[5.468s] running symlink_data
[5.472s] symbolically linking /home/sfw/project/robox_ws/build/robox/launch/slam.launch.py -> /home/sfw/project/robox_ws/install/robox/share/robox/launch
[5.475s] symbolically linking /home/sfw/project/robox_ws/build/robox/launch/slam.launch.yaml -> /home/sfw/project/robox_ws/install/robox/share/robox/launch
[5.618s] Invoked command in '/home/sfw/project/robox_ws/build/robox' returned '0': PYTHONPATH=/home/sfw/project/robox_ws/build/robox/prefix_override:/home/sfw/project/robox_ws/install/robox/lib/python3.10/site-packages:${PYTHONPATH} /usr/bin/python3 -W ignore:setup.py install is deprecated setup.py develop --editable --build-directory /home/sfw/project/robox_ws/build/robox/build --no-deps symlink_data
