[3.120s] Invoking command in '/home/sfw/project/robox_ws/build/robox': PYTHONPATH=/home/sfw/project/robox_ws/build/robox/prefix_override:/home/sfw/project/robox_ws/install/robox/lib/python3.10/site-packages:${PYTHONPATH} /usr/bin/python3 -W ignore:setup.py install is deprecated setup.py develop --editable --build-directory /home/sfw/project/robox_ws/build/robox/build --no-deps symlink_data
[4.430s] running develop
[4.431s] /usr/lib/python3/dist-packages/setuptools/command/easy_install.py:158: EasyInstallDeprecationWarning: easy_install command is deprecated. Use build and pip and other standards-based tools.
[4.432s]   warnings.warn(
[5.442s] running egg_info
[5.442s] writing robox.egg-info/PKG-INFO
[5.445s] writing dependency_links to robox.egg-info/dependency_links.txt
[5.445s] writing entry points to robox.egg-info/entry_points.txt
[5.446s] writing requirements to robox.egg-info/requires.txt
[5.446s] writing top-level names to robox.egg-info/top_level.txt
[5.460s] reading manifest file 'robox.egg-info/SOURCES.txt'
[5.464s] writing manifest file 'robox.egg-info/SOURCES.txt'
[5.470s] running build_ext
[5.471s] Creating /home/sfw/project/robox_ws/install/robox/lib/python3.10/site-packages/robox.egg-link (link to .)
[5.476s] Installing drive_node script to /home/sfw/project/robox_ws/install/robox/lib/robox
[5.476s] Installing dynamic_transform script to /home/sfw/project/robox_ws/install/robox/lib/robox
[5.477s] Installing encoder_node script to /home/sfw/project/robox_ws/install/robox/lib/robox
[5.478s] Installing key_input_node script to /home/sfw/project/robox_ws/install/robox/lib/robox
[5.479s] Installing lidar_node script to /home/sfw/project/robox_ws/install/robox/lib/robox
[5.480s] 
[5.481s] Installed /home/sfw/project/robox_ws/build/robox
[5.481s] running symlink_data
[5.625s] Invoked command in '/home/sfw/project/robox_ws/build/robox' returned '0': PYTHONPATH=/home/sfw/project/robox_ws/build/robox/prefix_override:/home/sfw/project/robox_ws/install/robox/lib/python3.10/site-packages:${PYTHONPATH} /usr/bin/python3 -W ignore:setup.py install is deprecated setup.py develop --editable --build-directory /home/sfw/project/robox_ws/build/robox/build --no-deps symlink_data
