[9.497s] Invoking command in '/home/sfw/project/robox_ws/build/robox': PYTHONPATH=/home/sfw/project/robox_ws/build/robox/prefix_override:/home/sfw/project/robox_ws/install/robox/lib/python3.10/site-packages:${PYTHONPATH} /usr/bin/python3 -W ignore:setup.py install is deprecated setup.py develop --editable --build-directory /home/sfw/project/robox_ws/build/robox/build --no-deps symlink_data
[12.413s] running develop
[12.432s] /usr/lib/python3/dist-packages/setuptools/command/easy_install.py:158: EasyInstallDeprecationWarning: easy_install command is deprecated. Use build and pip and other standards-based tools.
[12.433s]   warnings.warn(
[14.873s] running egg_info
[14.874s] writing robox.egg-info/PKG-INFO
[14.876s] writing dependency_links to robox.egg-info/dependency_links.txt
[14.879s] writing entry points to robox.egg-info/entry_points.txt
[14.880s] writing requirements to robox.egg-info/requires.txt
[14.881s] writing top-level names to robox.egg-info/top_level.txt
[14.927s] reading manifest file 'robox.egg-info/SOURCES.txt'
[14.941s] writing manifest file 'robox.egg-info/SOURCES.txt'
[14.954s] running build_ext
[14.955s] Creating /home/sfw/project/robox_ws/install/robox/lib/python3.10/site-packages/robox.egg-link (link to .)
[14.963s] Installing drive_node script to /home/sfw/project/robox_ws/install/robox/lib/robox
[14.965s] Installing dynamic_transform script to /home/sfw/project/robox_ws/install/robox/lib/robox
[14.967s] Installing encoder_node script to /home/sfw/project/robox_ws/install/robox/lib/robox
[14.968s] Installing key_input_node script to /home/sfw/project/robox_ws/install/robox/lib/robox
[14.970s] Installing lidar_node script to /home/sfw/project/robox_ws/install/robox/lib/robox
[14.973s] 
[14.974s] Installed /home/sfw/project/robox_ws/build/robox
[14.974s] running symlink_data
[15.279s] Invoked command in '/home/sfw/project/robox_ws/build/robox' returned '0': PYTHONPATH=/home/sfw/project/robox_ws/build/robox/prefix_override:/home/sfw/project/robox_ws/install/robox/lib/python3.10/site-packages:${PYTHONPATH} /usr/bin/python3 -W ignore:setup.py install is deprecated setup.py develop --editable --build-directory /home/sfw/project/robox_ws/build/robox/build --no-deps symlink_data
