[0.450s] DEBUG:colcon:Command line arguments: ['/usr/bin/colcon', 'build', '--symlink-install']
[0.450s] DEBUG:colcon:Parsed command line arguments: Namespace(log_base=None, log_level=None, verb_name='build', build_base='build', install_base='install', merge_install=False, symlink_install=True, test_result_base=None, continue_on_error=False, executor='parallel', parallel_workers=4, event_handlers=None, ignore_user_meta=False, metas=['./colcon.meta'], base_paths=['.'], packages_ignore=None, packages_ignore_regex=None, paths=None, packages_up_to=None, packages_up_to_regex=None, packages_above=None, packages_above_and_dependencies=None, packages_above_depth=None, packages_select_by_dep=None, packages_skip_by_dep=None, packages_skip_up_to=None, packages_select_build_failed=False, packages_skip_build_finished=False, packages_select_test_failures=False, packages_skip_test_passed=False, packages_select=None, packages_skip=None, packages_select_regex=None, packages_skip_regex=None, packages_start=None, packages_end=None, allow_overriding=[], cmake_args=None, cmake_target=None, cmake_target_skip_unavailable=False, cmake_clean_cache=False, cmake_clean_first=False, cmake_force_configure=False, ament_cmake_args=None, catkin_cmake_args=None, catkin_skip_building_tests=False, verb_parser=<colcon_defaults.argument_parser.defaults.DefaultArgumentsDecorator object at 0xffffa6769150>, verb_extension=<colcon_core.verb.build.BuildVerb object at 0xffffa6885d50>, main=<bound method BuildVerb.main of <colcon_core.verb.build.BuildVerb object at 0xffffa6885d50>>)
[1.464s] Level 1:colcon.colcon_core.package_discovery:discover_packages(colcon_meta) check parameters
[1.464s] Level 1:colcon.colcon_core.package_discovery:discover_packages(recursive) check parameters
[1.464s] Level 1:colcon.colcon_core.package_discovery:discover_packages(ignore) check parameters
[1.464s] Level 1:colcon.colcon_core.package_discovery:discover_packages(path) check parameters
[1.465s] Level 1:colcon.colcon_core.package_discovery:discover_packages(colcon_meta) discover
[1.465s] Level 1:colcon.colcon_core.package_discovery:discover_packages(recursive) discover
[1.465s] INFO:colcon.colcon_core.package_discovery:Crawling recursively for packages in '/home/sfw/project/robox_ws'
[1.466s] Level 1:colcon.colcon_core.package_identification:_identify(.) by extensions ['ignore', 'ignore_ament_install']
[1.466s] Level 1:colcon.colcon_core.package_identification:_identify(.) by extension 'ignore'
[1.466s] Level 1:colcon.colcon_core.package_identification:_identify(.) by extension 'ignore_ament_install'
[1.467s] Level 1:colcon.colcon_core.package_identification:_identify(.) by extensions ['colcon_pkg']
[1.467s] Level 1:colcon.colcon_core.package_identification:_identify(.) by extension 'colcon_pkg'
[1.467s] Level 1:colcon.colcon_core.package_identification:_identify(.) by extensions ['colcon_meta']
[1.467s] Level 1:colcon.colcon_core.package_identification:_identify(.) by extension 'colcon_meta'
[1.467s] Level 1:colcon.colcon_core.package_identification:_identify(.) by extensions ['ros']
[1.467s] Level 1:colcon.colcon_core.package_identification:_identify(.) by extension 'ros'
[1.516s] Level 1:colcon.colcon_core.package_identification:_identify(.) by extensions ['cmake', 'python']
[1.516s] Level 1:colcon.colcon_core.package_identification:_identify(.) by extension 'cmake'
[1.517s] Level 1:colcon.colcon_core.package_identification:_identify(.) by extension 'python'
[1.517s] Level 1:colcon.colcon_core.package_identification:_identify(.) by extensions ['python_setup_py']
[1.517s] Level 1:colcon.colcon_core.package_identification:_identify(.) by extension 'python_setup_py'
[1.518s] Level 1:colcon.colcon_core.package_identification:_identify(build) by extensions ['ignore', 'ignore_ament_install']
[1.518s] Level 1:colcon.colcon_core.package_identification:_identify(build) by extension 'ignore'
[1.518s] Level 1:colcon.colcon_core.package_identification:_identify(build) ignored
[1.519s] Level 1:colcon.colcon_core.package_identification:_identify(install) by extensions ['ignore', 'ignore_ament_install']
[1.519s] Level 1:colcon.colcon_core.package_identification:_identify(install) by extension 'ignore'
[1.519s] Level 1:colcon.colcon_core.package_identification:_identify(install) ignored
[1.520s] Level 1:colcon.colcon_core.package_identification:_identify(log) by extensions ['ignore', 'ignore_ament_install']
[1.520s] Level 1:colcon.colcon_core.package_identification:_identify(log) by extension 'ignore'
[1.521s] Level 1:colcon.colcon_core.package_identification:_identify(log) ignored
[1.521s] Level 1:colcon.colcon_core.package_identification:_identify(src) by extensions ['ignore', 'ignore_ament_install']
[1.521s] Level 1:colcon.colcon_core.package_identification:_identify(src) by extension 'ignore'
[1.522s] Level 1:colcon.colcon_core.package_identification:_identify(src) by extension 'ignore_ament_install'
[1.522s] Level 1:colcon.colcon_core.package_identification:_identify(src) by extensions ['colcon_pkg']
[1.522s] Level 1:colcon.colcon_core.package_identification:_identify(src) by extension 'colcon_pkg'
[1.522s] Level 1:colcon.colcon_core.package_identification:_identify(src) by extensions ['colcon_meta']
[1.522s] Level 1:colcon.colcon_core.package_identification:_identify(src) by extension 'colcon_meta'
[1.523s] Level 1:colcon.colcon_core.package_identification:_identify(src) by extensions ['ros']
[1.523s] Level 1:colcon.colcon_core.package_identification:_identify(src) by extension 'ros'
[1.523s] Level 1:colcon.colcon_core.package_identification:_identify(src) by extensions ['cmake', 'python']
[1.523s] Level 1:colcon.colcon_core.package_identification:_identify(src) by extension 'cmake'
[1.523s] Level 1:colcon.colcon_core.package_identification:_identify(src) by extension 'python'
[1.524s] Level 1:colcon.colcon_core.package_identification:_identify(src) by extensions ['python_setup_py']
[1.524s] Level 1:colcon.colcon_core.package_identification:_identify(src) by extension 'python_setup_py'
[1.524s] Level 1:colcon.colcon_core.package_identification:_identify(src/robox) by extensions ['ignore', 'ignore_ament_install']
[1.525s] Level 1:colcon.colcon_core.package_identification:_identify(src/robox) by extension 'ignore'
[1.525s] Level 1:colcon.colcon_core.package_identification:_identify(src/robox) by extension 'ignore_ament_install'
[1.525s] Level 1:colcon.colcon_core.package_identification:_identify(src/robox) by extensions ['colcon_pkg']
[1.525s] Level 1:colcon.colcon_core.package_identification:_identify(src/robox) by extension 'colcon_pkg'
[1.525s] Level 1:colcon.colcon_core.package_identification:_identify(src/robox) by extensions ['colcon_meta']
[1.526s] Level 1:colcon.colcon_core.package_identification:_identify(src/robox) by extension 'colcon_meta'
[1.526s] Level 1:colcon.colcon_core.package_identification:_identify(src/robox) by extensions ['ros']
[1.526s] Level 1:colcon.colcon_core.package_identification:_identify(src/robox) by extension 'ros'
[1.534s] DEBUG:colcon.colcon_core.package_identification:Package 'src/robox' with type 'ros.ament_python' and name 'robox'
[1.535s] Level 1:colcon.colcon_core.package_discovery:discover_packages(recursive) using defaults
[1.546s] Level 1:colcon.colcon_core.package_discovery:discover_packages(ignore) discover
[1.546s] Level 1:colcon.colcon_core.package_discovery:discover_packages(ignore) using defaults
[1.547s] Level 1:colcon.colcon_core.package_discovery:discover_packages(path) discover
[1.547s] Level 1:colcon.colcon_core.package_discovery:discover_packages(path) using defaults
[1.640s] Level 1:colcon.colcon_core.package_discovery:discover_packages(prefix_path) check parameters
[1.640s] Level 1:colcon.colcon_core.package_discovery:discover_packages(prefix_path) discover
[1.655s] DEBUG:colcon.colcon_installed_package_information.package_discovery:Found 1 installed packages in /home/sfw/project/robox_ws/install
[1.667s] DEBUG:colcon.colcon_installed_package_information.package_discovery:Found 357 installed packages in /opt/ros/humble
[1.718s] Level 1:colcon.colcon_core.package_discovery:discover_packages(prefix_path) using defaults
[1.968s] Level 5:colcon.colcon_core.verb:set package 'robox' build argument 'cmake_args' from command line to 'None'
[1.968s] Level 5:colcon.colcon_core.verb:set package 'robox' build argument 'cmake_target' from command line to 'None'
[1.968s] Level 5:colcon.colcon_core.verb:set package 'robox' build argument 'cmake_target_skip_unavailable' from command line to 'False'
[1.968s] Level 5:colcon.colcon_core.verb:set package 'robox' build argument 'cmake_clean_cache' from command line to 'False'
[1.968s] Level 5:colcon.colcon_core.verb:set package 'robox' build argument 'cmake_clean_first' from command line to 'False'
[1.969s] Level 5:colcon.colcon_core.verb:set package 'robox' build argument 'cmake_force_configure' from command line to 'False'
[1.969s] Level 5:colcon.colcon_core.verb:set package 'robox' build argument 'ament_cmake_args' from command line to 'None'
[1.969s] Level 5:colcon.colcon_core.verb:set package 'robox' build argument 'catkin_cmake_args' from command line to 'None'
[1.969s] Level 5:colcon.colcon_core.verb:set package 'robox' build argument 'catkin_skip_building_tests' from command line to 'False'
[1.969s] DEBUG:colcon.colcon_core.verb:Building package 'robox' with the following arguments: {'ament_cmake_args': None, 'build_base': '/home/sfw/project/robox_ws/build/robox', 'catkin_cmake_args': None, 'catkin_skip_building_tests': False, 'cmake_args': None, 'cmake_clean_cache': False, 'cmake_clean_first': False, 'cmake_force_configure': False, 'cmake_target': None, 'cmake_target_skip_unavailable': False, 'install_base': '/home/sfw/project/robox_ws/install/robox', 'merge_install': False, 'path': '/home/sfw/project/robox_ws/src/robox', 'symlink_install': True, 'test_result_base': None}
[1.970s] INFO:colcon.colcon_core.executor:Executing jobs using 'parallel' executor
[1.973s] DEBUG:colcon.colcon_parallel_executor.executor.parallel:run_until_complete
[1.974s] INFO:colcon.colcon_ros.task.ament_python.build:Building ROS package in '/home/sfw/project/robox_ws/src/robox' with build type 'ament_python'
[1.975s] Level 1:colcon.colcon_core.shell:create_environment_hook('robox', 'ament_prefix_path')
[2.000s] INFO:colcon.colcon_core.plugin_system:Skipping extension 'colcon_core.shell.bat': Not used on non-Windows systems
[2.001s] INFO:colcon.colcon_core.shell:Creating environment hook '/home/sfw/project/robox_ws/install/robox/share/robox/hook/ament_prefix_path.ps1'
[2.007s] INFO:colcon.colcon_core.shell:Creating environment descriptor '/home/sfw/project/robox_ws/install/robox/share/robox/hook/ament_prefix_path.dsv'
[2.010s] INFO:colcon.colcon_core.shell:Creating environment hook '/home/sfw/project/robox_ws/install/robox/share/robox/hook/ament_prefix_path.sh'
[2.015s] INFO:colcon.colcon_core.shell:Skip shell extension 'powershell' for command environment: Not usable outside of PowerShell
[2.015s] DEBUG:colcon.colcon_core.shell:Skip shell extension 'dsv' for command environment
[3.369s] INFO:colcon.colcon_core.task.python.build:Building Python package in '/home/sfw/project/robox_ws/src/robox'
[3.370s] INFO:colcon.colcon_core.shell:Skip shell extension 'powershell' for command environment: Not usable outside of PowerShell
[3.370s] DEBUG:colcon.colcon_core.shell:Skip shell extension 'dsv' for command environment
[6.263s] DEBUG:colcon.colcon_core.event_handler.log_command:Invoking command in '/home/sfw/project/robox_ws/build/robox': PYTHONPATH=/home/sfw/project/robox_ws/build/robox/prefix_override:/home/sfw/project/robox_ws/install/robox/lib/python3.10/site-packages:${PYTHONPATH} /usr/bin/python3 -W ignore:setup.py install is deprecated setup.py develop --editable --build-directory /home/sfw/project/robox_ws/build/robox/build --no-deps symlink_data
[8.827s] Level 1:colcon.colcon_core.shell:create_environment_hook('robox', 'pythonpath_develop')
[8.828s] INFO:colcon.colcon_core.shell:Creating environment hook '/home/sfw/project/robox_ws/build/robox/share/robox/hook/pythonpath_develop.ps1'
[8.829s] DEBUG:colcon.colcon_core.event_handler.log_command:Invoked command in '/home/sfw/project/robox_ws/build/robox' returned '0': PYTHONPATH=/home/sfw/project/robox_ws/build/robox/prefix_override:/home/sfw/project/robox_ws/install/robox/lib/python3.10/site-packages:${PYTHONPATH} /usr/bin/python3 -W ignore:setup.py install is deprecated setup.py develop --editable --build-directory /home/sfw/project/robox_ws/build/robox/build --no-deps symlink_data
[8.831s] INFO:colcon.colcon_core.shell:Creating environment descriptor '/home/sfw/project/robox_ws/build/robox/share/robox/hook/pythonpath_develop.dsv'
[8.833s] INFO:colcon.colcon_core.shell:Creating environment hook '/home/sfw/project/robox_ws/build/robox/share/robox/hook/pythonpath_develop.sh'
[8.859s] Level 1:colcon.colcon_core.environment:checking '/home/sfw/project/robox_ws/install/robox' for CMake module files
[8.862s] Level 1:colcon.colcon_core.environment:checking '/home/sfw/project/robox_ws/install/robox' for CMake config files
[8.867s] Level 1:colcon.colcon_core.environment:checking '/home/sfw/project/robox_ws/install/robox/lib'
[8.868s] Level 1:colcon.colcon_core.environment:checking '/home/sfw/project/robox_ws/install/robox/bin'
[8.868s] Level 1:colcon.colcon_core.environment:checking '/home/sfw/project/robox_ws/install/robox/lib/pkgconfig/robox.pc'
[8.869s] Level 1:colcon.colcon_core.environment:checking '/home/sfw/project/robox_ws/install/robox/lib/python3.10/site-packages'
[8.870s] Level 1:colcon.colcon_core.shell:create_environment_hook('robox', 'pythonpath')
[8.871s] INFO:colcon.colcon_core.shell:Creating environment hook '/home/sfw/project/robox_ws/install/robox/share/robox/hook/pythonpath.ps1'
[8.872s] INFO:colcon.colcon_core.shell:Creating environment descriptor '/home/sfw/project/robox_ws/install/robox/share/robox/hook/pythonpath.dsv'
[8.874s] INFO:colcon.colcon_core.shell:Creating environment hook '/home/sfw/project/robox_ws/install/robox/share/robox/hook/pythonpath.sh'
[8.876s] Level 1:colcon.colcon_core.environment:checking '/home/sfw/project/robox_ws/install/robox/bin'
[8.877s] Level 1:colcon.colcon_core.environment:create_environment_scripts_only(robox)
[8.878s] INFO:colcon.colcon_core.shell:Creating package script '/home/sfw/project/robox_ws/install/robox/share/robox/package.ps1'
[8.885s] INFO:colcon.colcon_core.shell:Creating package descriptor '/home/sfw/project/robox_ws/install/robox/share/robox/package.dsv'
[8.889s] INFO:colcon.colcon_core.shell:Creating package script '/home/sfw/project/robox_ws/install/robox/share/robox/package.sh'
[8.893s] INFO:colcon.colcon_core.shell:Creating package script '/home/sfw/project/robox_ws/install/robox/share/robox/package.bash'
[8.898s] INFO:colcon.colcon_core.shell:Creating package script '/home/sfw/project/robox_ws/install/robox/share/robox/package.zsh'
[8.904s] Level 1:colcon.colcon_core.environment:create_file_with_runtime_dependencies(/home/sfw/project/robox_ws/install/robox/share/colcon-core/packages/robox)
[8.906s] DEBUG:colcon.colcon_parallel_executor.executor.parallel:closing loop
[8.908s] DEBUG:colcon.colcon_parallel_executor.executor.parallel:loop closed
[8.909s] DEBUG:colcon.colcon_parallel_executor.executor.parallel:run_until_complete finished with '0'
[8.910s] DEBUG:colcon.colcon_core.event_reactor:joining thread
[8.937s] INFO:colcon.colcon_core.plugin_system:Skipping extension 'colcon_notification.desktop_notification.terminal_notifier': Not used on non-Darwin systems
[8.938s] INFO:colcon.colcon_core.plugin_system:Skipping extension 'colcon_notification.desktop_notification.win32': Not used on non-Windows systems
[8.938s] INFO:colcon.colcon_notification.desktop_notification:Sending desktop notification using 'notify2'
[8.974s] DEBUG:colcon.colcon_core.event_reactor:joined thread
[8.976s] INFO:colcon.colcon_core.shell:Creating prefix script '/home/sfw/project/robox_ws/install/local_setup.ps1'
[8.987s] INFO:colcon.colcon_core.shell:Creating prefix util module '/home/sfw/project/robox_ws/install/_local_setup_util_ps1.py'
[8.997s] INFO:colcon.colcon_core.shell:Creating prefix chain script '/home/sfw/project/robox_ws/install/setup.ps1'
[9.010s] INFO:colcon.colcon_core.shell:Creating prefix script '/home/sfw/project/robox_ws/install/local_setup.sh'
[9.018s] INFO:colcon.colcon_core.shell:Creating prefix util module '/home/sfw/project/robox_ws/install/_local_setup_util_sh.py'
[9.021s] INFO:colcon.colcon_core.shell:Creating prefix chain script '/home/sfw/project/robox_ws/install/setup.sh'
[9.028s] INFO:colcon.colcon_core.shell:Creating prefix script '/home/sfw/project/robox_ws/install/local_setup.bash'
[9.031s] INFO:colcon.colcon_core.shell:Creating prefix chain script '/home/sfw/project/robox_ws/install/setup.bash'
[9.036s] INFO:colcon.colcon_core.shell:Creating prefix script '/home/sfw/project/robox_ws/install/local_setup.zsh'
[9.043s] INFO:colcon.colcon_core.shell:Creating prefix chain script '/home/sfw/project/robox_ws/install/setup.zsh'
