[3.849s] Invoking command in '/home/sfw/project/robox_ws/build/robox': PYTHONPATH=/home/sfw/project/robox_ws/build/robox/prefix_override:/home/sfw/project/robox_ws/install/robox/lib/python3.10/site-packages:${PYTHONPATH} /usr/bin/python3 -W ignore:setup.py install is deprecated setup.py develop --editable --build-directory /home/sfw/project/robox_ws/build/robox/build --no-deps symlink_data
[5.230s] running develop
[5.241s] /usr/lib/python3/dist-packages/setuptools/command/easy_install.py:158: EasyInstallDeprecationWarning: easy_install command is deprecated. Use build and pip and other standards-based tools.
[5.241s]   warnings.warn(
[6.086s] running egg_info
[6.087s] writing robox.egg-info/PKG-INFO
[6.088s] writing dependency_links to robox.egg-info/dependency_links.txt
[6.089s] writing entry points to robox.egg-info/entry_points.txt
[6.089s] writing requirements to robox.egg-info/requires.txt
[6.090s] writing top-level names to robox.egg-info/top_level.txt
[6.111s] reading manifest file 'robox.egg-info/SOURCES.txt'
[6.122s] writing manifest file 'robox.egg-info/SOURCES.txt'
[6.129s] running build_ext
[6.130s] Creating /home/sfw/project/robox_ws/install/robox/lib/python3.10/site-packages/robox.egg-link (link to .)
[6.134s] Installing drive_node script to /home/sfw/project/robox_ws/install/robox/lib/robox
[6.135s] Installing encoder_node script to /home/sfw/project/robox_ws/install/robox/lib/robox
[6.136s] Installing key_input_node script to /home/sfw/project/robox_ws/install/robox/lib/robox
[6.136s] Installing lidar_node script to /home/sfw/project/robox_ws/install/robox/lib/robox
[6.138s] 
[6.138s] Installed /home/sfw/project/robox_ws/build/robox
[6.139s] running symlink_data
[6.139s] symbolically linking /home/sfw/project/robox_ws/build/robox/launch/rsp.launch.py -> /home/sfw/project/robox_ws/install/robox/share/robox/launch
[6.140s] symbolically linking /home/sfw/project/robox_ws/build/robox/description/robot_core.xacro -> /home/sfw/project/robox_ws/install/robox/share/robox/description
[6.140s] symbolically linking /home/sfw/project/robox_ws/build/robox/description/robox.urdf.xacro -> /home/sfw/project/robox_ws/install/robox/share/robox/description
[6.281s] Invoked command in '/home/sfw/project/robox_ws/build/robox' returned '0': PYTHONPATH=/home/sfw/project/robox_ws/build/robox/prefix_override:/home/sfw/project/robox_ws/install/robox/lib/python3.10/site-packages:${PYTHONPATH} /usr/bin/python3 -W ignore:setup.py install is deprecated setup.py develop --editable --build-directory /home/sfw/project/robox_ws/build/robox/build --no-deps symlink_data
