[2.827s] Invoking command in '/home/sfw/project/ros2_ws/build/robox': PYTHONPATH=/home/sfw/project/ros2_ws/build/robox/prefix_override:/home/sfw/project/ros2_ws/install/robox/lib/python3.10/site-packages:${PYTHONPATH} /usr/bin/python3 -W ignore:setup.py install is deprecated setup.py develop --editable --build-directory /home/sfw/project/ros2_ws/build/robox/build --no-deps symlink_data
[4.144s] running develop
[4.146s] /usr/lib/python3/dist-packages/setuptools/command/easy_install.py:158: EasyInstallDeprecationWarning: easy_install command is deprecated. Use build and pip and other standards-based tools.
[4.146s]   warnings.warn(
[4.894s] running egg_info
[4.894s] writing robox.egg-info/PKG-INFO
[4.896s] writing dependency_links to robox.egg-info/dependency_links.txt
[4.896s] writing entry points to robox.egg-info/entry_points.txt
[4.897s] writing requirements to robox.egg-info/requires.txt
[4.898s] writing top-level names to robox.egg-info/top_level.txt
[4.905s] reading manifest file 'robox.egg-info/SOURCES.txt'
[4.909s] writing manifest file 'robox.egg-info/SOURCES.txt'
[4.914s] running build_ext
[4.915s] Creating /home/sfw/project/ros2_ws/install/robox/lib/python3.10/site-packages/robox.egg-link (link to .)
[4.919s] Installing drive_node script to /home/sfw/project/ros2_ws/install/robox/lib/robox
[4.920s] Installing key_input_node script to /home/sfw/project/ros2_ws/install/robox/lib/robox
[4.921s] Installing lidar_node script to /home/sfw/project/ros2_ws/install/robox/lib/robox
[4.922s] 
[4.922s] Installed /home/sfw/project/ros2_ws/build/robox
[4.923s] running symlink_data
[5.063s] Invoked command in '/home/sfw/project/ros2_ws/build/robox' returned '0': PYTHONPATH=/home/sfw/project/ros2_ws/build/robox/prefix_override:/home/sfw/project/ros2_ws/install/robox/lib/python3.10/site-packages:${PYTHONPATH} /usr/bin/python3 -W ignore:setup.py install is deprecated setup.py develop --editable --build-directory /home/sfw/project/ros2_ws/build/robox/build --no-deps symlink_data
