[4.192s] Invoking command in '/home/sfw/project/robox_ws/build/robox': PYTHONPATH=/home/sfw/project/robox_ws/build/robox/prefix_override:/home/sfw/project/robox_ws/install/robox/lib/python3.10/site-packages:${PYTHONPATH} /usr/bin/python3 -W ignore:setup.py install is deprecated setup.py develop --editable --build-directory /home/sfw/project/robox_ws/build/robox/build --no-deps symlink_data
[5.934s] running develop
[5.937s] /usr/lib/python3/dist-packages/setuptools/command/easy_install.py:158: EasyInstallDeprecationWarning: easy_install command is deprecated. Use build and pip and other standards-based tools.
[5.938s]   warnings.warn(
[7.072s] running egg_info
[7.073s] writing robox.egg-info/PKG-INFO
[7.074s] writing dependency_links to robox.egg-info/dependency_links.txt
[7.075s] writing entry points to robox.egg-info/entry_points.txt
[7.075s] writing requirements to robox.egg-info/requires.txt
[7.077s] writing top-level names to robox.egg-info/top_level.txt
[7.101s] reading manifest file 'robox.egg-info/SOURCES.txt'
[7.102s] writing manifest file 'robox.egg-info/SOURCES.txt'
[7.110s] running build_ext
[7.112s] Creating /home/sfw/project/robox_ws/install/robox/lib/python3.10/site-packages/robox.egg-link (link to .)
[7.123s] Installing drive_node script to /home/sfw/project/robox_ws/install/robox/lib/robox
[7.124s] Installing dynamic_transform script to /home/sfw/project/robox_ws/install/robox/lib/robox
[7.125s] Installing encoder_node script to /home/sfw/project/robox_ws/install/robox/lib/robox
[7.131s] Installing key_input_node script to /home/sfw/project/robox_ws/install/robox/lib/robox
[7.134s] Installing lidar_node script to /home/sfw/project/robox_ws/install/robox/lib/robox
[7.145s] 
[7.147s] Installed /home/sfw/project/robox_ws/build/robox
[7.157s] running symlink_data
[7.162s] symbolically linking /home/sfw/project/robox_ws/build/robox/description/lidar.xacro -> /home/sfw/project/robox_ws/install/robox/share/robox/description
[7.341s] Invoked command in '/home/sfw/project/robox_ws/build/robox' returned '0': PYTHONPATH=/home/sfw/project/robox_ws/build/robox/prefix_override:/home/sfw/project/robox_ws/install/robox/lib/python3.10/site-packages:${PYTHONPATH} /usr/bin/python3 -W ignore:setup.py install is deprecated setup.py develop --editable --build-directory /home/sfw/project/robox_ws/build/robox/build --no-deps symlink_data
