[10.686s] Invoking command in '/home/sfw/project/robox_ws/build/robox': PYTHONPATH=/home/sfw/project/robox_ws/build/robox/prefix_override:/home/sfw/project/robox_ws/install/robox/lib/python3.10/site-packages:${PYTHONPATH} /usr/bin/python3 -W ignore:setup.py install is deprecated setup.py develop --editable --build-directory /home/sfw/project/robox_ws/build/robox/build --no-deps symlink_data
[14.879s] running develop
[14.894s] /usr/lib/python3/dist-packages/setuptools/command/easy_install.py:158: EasyInstallDeprecationWarning: easy_install command is deprecated. Use build and pip and other standards-based tools.
[14.896s]   warnings.warn(
[17.585s] running egg_info
[17.597s] writing robox.egg-info/PKG-INFO
[17.604s] writing dependency_links to robox.egg-info/dependency_links.txt
[17.608s] writing entry points to robox.egg-info/entry_points.txt
[17.609s] writing requirements to robox.egg-info/requires.txt
[17.610s] writing top-level names to robox.egg-info/top_level.txt
[17.654s] reading manifest file 'robox.egg-info/SOURCES.txt'
[17.672s] writing manifest file 'robox.egg-info/SOURCES.txt'
[17.693s] running build_ext
[17.697s] Creating /home/sfw/project/robox_ws/install/robox/lib/python3.10/site-packages/robox.egg-link (link to .)
[17.710s] Installing drive_node script to /home/sfw/project/robox_ws/install/robox/lib/robox
[17.717s] Installing dynamic_transform script to /home/sfw/project/robox_ws/install/robox/lib/robox
[17.726s] Installing encoder_node script to /home/sfw/project/robox_ws/install/robox/lib/robox
[17.731s] Installing key_input_node script to /home/sfw/project/robox_ws/install/robox/lib/robox
[17.732s] Installing lidar_node script to /home/sfw/project/robox_ws/install/robox/lib/robox
[17.733s] 
[17.734s] Installed /home/sfw/project/robox_ws/build/robox
[17.735s] running symlink_data
[18.143s] Invoked command in '/home/sfw/project/robox_ws/build/robox' returned '0': PYTHONPATH=/home/sfw/project/robox_ws/build/robox/prefix_override:/home/sfw/project/robox_ws/install/robox/lib/python3.10/site-packages:${PYTHONPATH} /usr/bin/python3 -W ignore:setup.py install is deprecated setup.py develop --editable --build-directory /home/sfw/project/robox_ws/build/robox/build --no-deps symlink_data
