[3.092s] Invoking command in '/home/sfw/project/robox_ws/build/robox': PYTHONPATH=/home/sfw/project/robox_ws/build/robox/prefix_override:/home/sfw/project/robox_ws/install/robox/lib/python3.10/site-packages:${PYTHONPATH} /usr/bin/python3 -W ignore:setup.py install is deprecated setup.py develop --editable --build-directory /home/sfw/project/robox_ws/build/robox/build --no-deps symlink_data
[4.351s] running develop
[4.352s] /usr/lib/python3/dist-packages/setuptools/command/easy_install.py:158: EasyInstallDeprecationWarning: easy_install command is deprecated. Use build and pip and other standards-based tools.
[4.353s]   warnings.warn(
[5.310s] running egg_info
[5.312s] writing robox.egg-info/PKG-INFO
[5.313s] writing dependency_links to robox.egg-info/dependency_links.txt
[5.314s] writing entry points to robox.egg-info/entry_points.txt
[5.315s] writing requirements to robox.egg-info/requires.txt
[5.316s] writing top-level names to robox.egg-info/top_level.txt
[5.330s] reading manifest file 'robox.egg-info/SOURCES.txt'
[5.334s] writing manifest file 'robox.egg-info/SOURCES.txt'
[5.340s] running build_ext
[5.341s] Creating /home/sfw/project/robox_ws/install/robox/lib/python3.10/site-packages/robox.egg-link (link to .)
[5.346s] Installing drive_node script to /home/sfw/project/robox_ws/install/robox/lib/robox
[5.347s] Installing encoder_node script to /home/sfw/project/robox_ws/install/robox/lib/robox
[5.347s] Installing key_input_node script to /home/sfw/project/robox_ws/install/robox/lib/robox
[5.348s] Installing lidar_node script to /home/sfw/project/robox_ws/install/robox/lib/robox
[5.350s] 
[5.350s] Installed /home/sfw/project/robox_ws/build/robox
[5.351s] running symlink_data
[5.507s] Invoked command in '/home/sfw/project/robox_ws/build/robox' returned '0': PYTHONPATH=/home/sfw/project/robox_ws/build/robox/prefix_override:/home/sfw/project/robox_ws/install/robox/lib/python3.10/site-packages:${PYTHONPATH} /usr/bin/python3 -W ignore:setup.py install is deprecated setup.py develop --editable --build-directory /home/sfw/project/robox_ws/build/robox/build --no-deps symlink_data
