running egg_info
creating ../../build/robox/robox.egg-info
writing ../../build/robox/robox.egg-info/PKG-INFO
writing dependency_links to ../../build/robox/robox.egg-info/dependency_links.txt
writing entry points to ../../build/robox/robox.egg-info/entry_points.txt
writing requirements to ../../build/robox/robox.egg-info/requires.txt
writing top-level names to ../../build/robox/robox.egg-info/top_level.txt
writing manifest file '../../build/robox/robox.egg-info/SOURCES.txt'
reading manifest file '../../build/robox/robox.egg-info/SOURCES.txt'
writing manifest file '../../build/robox/robox.egg-info/SOURCES.txt'
running build
running build_py
creating /home/sfw/project/ros2_ws/build/robox/build
creating /home/sfw/project/ros2_ws/build/robox/build/lib
creating /home/sfw/project/ros2_ws/build/robox/build/lib/robox
copying robox/drive_node.py -> /home/sfw/project/ros2_ws/build/robox/build/lib/robox
copying robox/__init__.py -> /home/sfw/project/ros2_ws/build/robox/build/lib/robox
running install
running install_lib
creating /home/sfw/project/ros2_ws/install/robox/lib/python3.10/site-packages/robox
copying /home/sfw/project/ros2_ws/build/robox/build/lib/robox/drive_node.py -> /home/sfw/project/ros2_ws/install/robox/lib/python3.10/site-packages/robox
copying /home/sfw/project/ros2_ws/build/robox/build/lib/robox/__init__.py -> /home/sfw/project/ros2_ws/install/robox/lib/python3.10/site-packages/robox
byte-compiling /home/sfw/project/ros2_ws/install/robox/lib/python3.10/site-packages/robox/drive_node.py to drive_node.cpython-310.pyc
byte-compiling /home/sfw/project/ros2_ws/install/robox/lib/python3.10/site-packages/robox/__init__.py to __init__.cpython-310.pyc
running install_data
creating /home/sfw/project/ros2_ws/install/robox/share/ament_index
creating /home/sfw/project/ros2_ws/install/robox/share/ament_index/resource_index
creating /home/sfw/project/ros2_ws/install/robox/share/ament_index/resource_index/packages
copying resource/robox -> /home/sfw/project/ros2_ws/install/robox/share/ament_index/resource_index/packages
copying package.xml -> /home/sfw/project/ros2_ws/install/robox/share/robox
running install_egg_info
Copying ../../build/robox/robox.egg-info to /home/sfw/project/ros2_ws/install/robox/lib/python3.10/site-packages/robox-0.0.0-py3.10.egg-info
running install_scripts
writing list of installed files to '/home/sfw/project/ros2_ws/build/robox/install.log'
