[3.766s] Invoking command in '/home/sfw/project/robox_ws/build/robox': PYTHONPATH=/home/sfw/project/robox_ws/build/robox/prefix_override:/home/sfw/project/robox_ws/install/robox/lib/python3.10/site-packages:${PYTHONPATH} /usr/bin/python3 -W ignore:setup.py install is deprecated setup.py develop --editable --build-directory /home/sfw/project/robox_ws/build/robox/build --no-deps symlink_data
[5.046s] running develop
[5.056s] /usr/lib/python3/dist-packages/setuptools/command/easy_install.py:158: EasyInstallDeprecationWarning: easy_install command is deprecated. Use build and pip and other standards-based tools.
[5.057s]   warnings.warn(
[6.002s] running egg_info
[6.004s] writing robox.egg-info/PKG-INFO
[6.005s] writing dependency_links to robox.egg-info/dependency_links.txt
[6.007s] writing entry points to robox.egg-info/entry_points.txt
[6.008s] writing requirements to robox.egg-info/requires.txt
[6.009s] writing top-level names to robox.egg-info/top_level.txt
[6.034s] reading manifest file 'robox.egg-info/SOURCES.txt'
[6.052s] writing manifest file 'robox.egg-info/SOURCES.txt'
[6.059s] running build_ext
[6.060s] Creating /home/sfw/project/robox_ws/install/robox/lib/python3.10/site-packages/robox.egg-link (link to .)
[6.067s] Installing drive_node script to /home/sfw/project/robox_ws/install/robox/lib/robox
[6.069s] Installing dynamic_transform script to /home/sfw/project/robox_ws/install/robox/lib/robox
[6.073s] Installing encoder_node script to /home/sfw/project/robox_ws/install/robox/lib/robox
[6.074s] Installing key_input_node script to /home/sfw/project/robox_ws/install/robox/lib/robox
[6.074s] Installing lidar_node script to /home/sfw/project/robox_ws/install/robox/lib/robox
[6.075s] 
[6.075s] Installed /home/sfw/project/robox_ws/build/robox
[6.077s] running symlink_data
[6.242s] Invoked command in '/home/sfw/project/robox_ws/build/robox' returned '0': PYTHONPATH=/home/sfw/project/robox_ws/build/robox/prefix_override:/home/sfw/project/robox_ws/install/robox/lib/python3.10/site-packages:${PYTHONPATH} /usr/bin/python3 -W ignore:setup.py install is deprecated setup.py develop --editable --build-directory /home/sfw/project/robox_ws/build/robox/build --no-deps symlink_data
