[2.820s] Invoking command in '/home/sfw/project/ros2_ws/build/robox': PYTHONPATH=/home/sfw/project/ros2_ws/build/robox/prefix_override:/home/sfw/project/ros2_ws/install/robox/lib/python3.10/site-packages:${PYTHONPATH} /usr/bin/python3 -W ignore:setup.py install is deprecated setup.py develop --uninstall --editable --build-directory /home/sfw/project/ros2_ws/build/robox/build
[4.097s] running develop
[4.099s] /usr/lib/python3/dist-packages/setuptools/command/easy_install.py:158: EasyInstallDeprecationWarning: easy_install command is deprecated. Use build and pip and other standards-based tools.
[4.099s]   warnings.warn(
[4.854s] Removing /home/sfw/project/ros2_ws/install/robox/lib/python3.10/site-packages/robox.egg-link (link to .)
[4.988s] Invoked command in '/home/sfw/project/ros2_ws/build/robox' returned '0': PYTHONPATH=/home/sfw/project/ros2_ws/build/robox/prefix_override:/home/sfw/project/ros2_ws/install/robox/lib/python3.10/site-packages:${PYTHONPATH} /usr/bin/python3 -W ignore:setup.py install is deprecated setup.py develop --uninstall --editable --build-directory /home/sfw/project/ros2_ws/build/robox/build
[4.997s] Invoking command in '/home/sfw/project/ros2_ws/src/robox': PYTHONPATH=/home/sfw/project/ros2_ws/build/robox/prefix_override:/home/sfw/project/ros2_ws/install/robox/lib/python3.10/site-packages:${PYTHONPATH} /usr/bin/python3 -W ignore:setup.py install is deprecated setup.py egg_info --egg-base ../../build/robox build --build-base /home/sfw/project/ros2_ws/build/robox/build install --record /home/sfw/project/ros2_ws/build/robox/install.log --single-version-externally-managed install_data --force
[6.057s] running egg_info
[6.060s] writing ../../build/robox/robox.egg-info/PKG-INFO
[6.061s] writing dependency_links to ../../build/robox/robox.egg-info/dependency_links.txt
[6.061s] writing entry points to ../../build/robox/robox.egg-info/entry_points.txt
[6.062s] writing requirements to ../../build/robox/robox.egg-info/requires.txt
[6.063s] writing top-level names to ../../build/robox/robox.egg-info/top_level.txt
[6.073s] reading manifest file '../../build/robox/robox.egg-info/SOURCES.txt'
[6.076s] writing manifest file '../../build/robox/robox.egg-info/SOURCES.txt'
[6.077s] running build
[6.077s] running build_py
[6.077s] copying robox/key_input_node.py -> /home/sfw/project/ros2_ws/build/robox/build/lib/robox
[6.078s] copying robox/drive_node.py -> /home/sfw/project/ros2_ws/build/robox/build/lib/robox
[6.080s] running install
[6.081s] running install_lib
[6.084s] creating /home/sfw/project/ros2_ws/install/robox/lib/python3.10/site-packages/robox
[6.085s] copying /home/sfw/project/ros2_ws/build/robox/build/lib/robox/key_input_node.py -> /home/sfw/project/ros2_ws/install/robox/lib/python3.10/site-packages/robox
[6.085s] copying /home/sfw/project/ros2_ws/build/robox/build/lib/robox/drive_node.py -> /home/sfw/project/ros2_ws/install/robox/lib/python3.10/site-packages/robox
[6.086s] copying /home/sfw/project/ros2_ws/build/robox/build/lib/robox/__init__.py -> /home/sfw/project/ros2_ws/install/robox/lib/python3.10/site-packages/robox
[6.089s] byte-compiling /home/sfw/project/ros2_ws/install/robox/lib/python3.10/site-packages/robox/key_input_node.py to key_input_node.cpython-310.pyc
[6.091s] byte-compiling /home/sfw/project/ros2_ws/install/robox/lib/python3.10/site-packages/robox/drive_node.py to drive_node.cpython-310.pyc
[6.094s] byte-compiling /home/sfw/project/ros2_ws/install/robox/lib/python3.10/site-packages/robox/__init__.py to __init__.cpython-310.pyc
[6.095s] running install_data
[6.095s] copying resource/robox -> /home/sfw/project/ros2_ws/install/robox/share/ament_index/resource_index/packages
[6.096s] copying package.xml -> /home/sfw/project/ros2_ws/install/robox/share/robox
[6.096s] running install_egg_info
[6.104s] Copying ../../build/robox/robox.egg-info to /home/sfw/project/ros2_ws/install/robox/lib/python3.10/site-packages/robox-0.0.0-py3.10.egg-info
[6.111s] running install_scripts
[6.201s] Installing drive_node script to /home/sfw/project/ros2_ws/install/robox/lib/robox
[6.202s] Installing key_input_node script to /home/sfw/project/ros2_ws/install/robox/lib/robox
[6.204s] writing list of installed files to '/home/sfw/project/ros2_ws/build/robox/install.log'
[6.353s] Invoked command in '/home/sfw/project/ros2_ws/src/robox' returned '0': PYTHONPATH=/home/sfw/project/ros2_ws/build/robox/prefix_override:/home/sfw/project/ros2_ws/install/robox/lib/python3.10/site-packages:${PYTHONPATH} /usr/bin/python3 -W ignore:setup.py install is deprecated setup.py egg_info --egg-base ../../build/robox build --build-base /home/sfw/project/ros2_ws/build/robox/build install --record /home/sfw/project/ros2_ws/build/robox/install.log --single-version-externally-managed install_data --force
