[0.489s] DEBUG:colcon:Command line arguments: ['/usr/bin/colcon', 'build', '--symlink-install']
[0.489s] DEBUG:colcon:Parsed command line arguments: Namespace(log_base=None, log_level=None, verb_name='build', build_base='build', install_base='install', merge_install=False, symlink_install=True, test_result_base=None, continue_on_error=False, executor='parallel', parallel_workers=4, event_handlers=None, ignore_user_meta=False, metas=['./colcon.meta'], base_paths=['.'], packages_ignore=None, packages_ignore_regex=None, paths=None, packages_up_to=None, packages_up_to_regex=None, packages_above=None, packages_above_and_dependencies=None, packages_above_depth=None, packages_select_by_dep=None, packages_skip_by_dep=None, packages_skip_up_to=None, packages_select_build_failed=False, packages_skip_build_finished=False, packages_select_test_failures=False, packages_skip_test_passed=False, packages_select=None, packages_skip=None, packages_select_regex=None, packages_skip_regex=None, packages_start=None, packages_end=None, allow_overriding=[], cmake_args=None, cmake_target=None, cmake_target_skip_unavailable=False, cmake_clean_cache=False, cmake_clean_first=False, cmake_force_configure=False, ament_cmake_args=None, catkin_cmake_args=None, catkin_skip_building_tests=False, verb_parser=<colcon_defaults.argument_parser.defaults.DefaultArgumentsDecorator object at 0xffffba757eb0>, verb_extension=<colcon_core.verb.build.BuildVerb object at 0xffffba8ccaf0>, main=<bound method BuildVerb.main of <colcon_core.verb.build.BuildVerb object at 0xffffba8ccaf0>>)
[1.327s] Level 1:colcon.colcon_core.package_discovery:discover_packages(colcon_meta) check parameters
[1.328s] Level 1:colcon.colcon_core.package_discovery:discover_packages(recursive) check parameters
[1.328s] Level 1:colcon.colcon_core.package_discovery:discover_packages(ignore) check parameters
[1.328s] Level 1:colcon.colcon_core.package_discovery:discover_packages(path) check parameters
[1.329s] Level 1:colcon.colcon_core.package_discovery:discover_packages(colcon_meta) discover
[1.329s] Level 1:colcon.colcon_core.package_discovery:discover_packages(recursive) discover
[1.330s] INFO:colcon.colcon_core.package_discovery:Crawling recursively for packages in '/home/sfw/project/ros2_ws'
[1.330s] Level 1:colcon.colcon_core.package_identification:_identify(.) by extensions ['ignore', 'ignore_ament_install']
[1.331s] Level 1:colcon.colcon_core.package_identification:_identify(.) by extension 'ignore'
[1.331s] Level 1:colcon.colcon_core.package_identification:_identify(.) by extension 'ignore_ament_install'
[1.332s] Level 1:colcon.colcon_core.package_identification:_identify(.) by extensions ['colcon_pkg']
[1.332s] Level 1:colcon.colcon_core.package_identification:_identify(.) by extension 'colcon_pkg'
[1.332s] Level 1:colcon.colcon_core.package_identification:_identify(.) by extensions ['colcon_meta']
[1.332s] Level 1:colcon.colcon_core.package_identification:_identify(.) by extension 'colcon_meta'
[1.332s] Level 1:colcon.colcon_core.package_identification:_identify(.) by extensions ['ros']
[1.333s] Level 1:colcon.colcon_core.package_identification:_identify(.) by extension 'ros'
[1.426s] Level 1:colcon.colcon_core.package_identification:_identify(.) by extensions ['cmake', 'python']
[1.426s] Level 1:colcon.colcon_core.package_identification:_identify(.) by extension 'cmake'
[1.427s] Level 1:colcon.colcon_core.package_identification:_identify(.) by extension 'python'
[1.427s] Level 1:colcon.colcon_core.package_identification:_identify(.) by extensions ['python_setup_py']
[1.427s] Level 1:colcon.colcon_core.package_identification:_identify(.) by extension 'python_setup_py'
[1.428s] Level 1:colcon.colcon_core.package_identification:_identify(build) by extensions ['ignore', 'ignore_ament_install']
[1.428s] Level 1:colcon.colcon_core.package_identification:_identify(build) by extension 'ignore'
[1.428s] Level 1:colcon.colcon_core.package_identification:_identify(build) ignored
[1.429s] Level 1:colcon.colcon_core.package_identification:_identify(install) by extensions ['ignore', 'ignore_ament_install']
[1.430s] Level 1:colcon.colcon_core.package_identification:_identify(install) by extension 'ignore'
[1.430s] Level 1:colcon.colcon_core.package_identification:_identify(install) ignored
[1.431s] Level 1:colcon.colcon_core.package_identification:_identify(log) by extensions ['ignore', 'ignore_ament_install']
[1.431s] Level 1:colcon.colcon_core.package_identification:_identify(log) by extension 'ignore'
[1.432s] Level 1:colcon.colcon_core.package_identification:_identify(log) ignored
[1.432s] Level 1:colcon.colcon_core.package_identification:_identify(src) by extensions ['ignore', 'ignore_ament_install']
[1.432s] Level 1:colcon.colcon_core.package_identification:_identify(src) by extension 'ignore'
[1.433s] Level 1:colcon.colcon_core.package_identification:_identify(src) by extension 'ignore_ament_install'
[1.434s] Level 1:colcon.colcon_core.package_identification:_identify(src) by extensions ['colcon_pkg']
[1.434s] Level 1:colcon.colcon_core.package_identification:_identify(src) by extension 'colcon_pkg'
[1.434s] Level 1:colcon.colcon_core.package_identification:_identify(src) by extensions ['colcon_meta']
[1.434s] Level 1:colcon.colcon_core.package_identification:_identify(src) by extension 'colcon_meta'
[1.434s] Level 1:colcon.colcon_core.package_identification:_identify(src) by extensions ['ros']
[1.435s] Level 1:colcon.colcon_core.package_identification:_identify(src) by extension 'ros'
[1.435s] Level 1:colcon.colcon_core.package_identification:_identify(src) by extensions ['cmake', 'python']
[1.435s] Level 1:colcon.colcon_core.package_identification:_identify(src) by extension 'cmake'
[1.435s] Level 1:colcon.colcon_core.package_identification:_identify(src) by extension 'python'
[1.436s] Level 1:colcon.colcon_core.package_identification:_identify(src) by extensions ['python_setup_py']
[1.436s] Level 1:colcon.colcon_core.package_identification:_identify(src) by extension 'python_setup_py'
[1.436s] Level 1:colcon.colcon_core.package_identification:_identify(src/robox) by extensions ['ignore', 'ignore_ament_install']
[1.437s] Level 1:colcon.colcon_core.package_identification:_identify(src/robox) by extension 'ignore'
[1.437s] Level 1:colcon.colcon_core.package_identification:_identify(src/robox) by extension 'ignore_ament_install'
[1.438s] Level 1:colcon.colcon_core.package_identification:_identify(src/robox) by extensions ['colcon_pkg']
[1.438s] Level 1:colcon.colcon_core.package_identification:_identify(src/robox) by extension 'colcon_pkg'
[1.438s] Level 1:colcon.colcon_core.package_identification:_identify(src/robox) by extensions ['colcon_meta']
[1.438s] Level 1:colcon.colcon_core.package_identification:_identify(src/robox) by extension 'colcon_meta'
[1.438s] Level 1:colcon.colcon_core.package_identification:_identify(src/robox) by extensions ['ros']
[1.439s] Level 1:colcon.colcon_core.package_identification:_identify(src/robox) by extension 'ros'
[1.462s] DEBUG:colcon.colcon_core.package_identification:Package 'src/robox' with type 'ros.ament_python' and name 'robox'
[1.462s] Level 1:colcon.colcon_core.package_discovery:discover_packages(recursive) using defaults
[1.463s] Level 1:colcon.colcon_core.package_discovery:discover_packages(ignore) discover
[1.463s] Level 1:colcon.colcon_core.package_discovery:discover_packages(ignore) using defaults
[1.464s] Level 1:colcon.colcon_core.package_discovery:discover_packages(path) discover
[1.464s] Level 1:colcon.colcon_core.package_discovery:discover_packages(path) using defaults
[1.548s] Level 1:colcon.colcon_core.package_discovery:discover_packages(prefix_path) check parameters
[1.549s] Level 1:colcon.colcon_core.package_discovery:discover_packages(prefix_path) discover
[1.567s] DEBUG:colcon.colcon_installed_package_information.package_discovery:Found 1 installed packages in /home/sfw/project/ros2_ws/install
[1.578s] DEBUG:colcon.colcon_installed_package_information.package_discovery:Found 270 installed packages in /opt/ros/humble
[1.586s] Level 1:colcon.colcon_core.package_discovery:discover_packages(prefix_path) using defaults
[1.823s] Level 5:colcon.colcon_core.verb:set package 'robox' build argument 'cmake_args' from command line to 'None'
[1.824s] Level 5:colcon.colcon_core.verb:set package 'robox' build argument 'cmake_target' from command line to 'None'
[1.824s] Level 5:colcon.colcon_core.verb:set package 'robox' build argument 'cmake_target_skip_unavailable' from command line to 'False'
[1.824s] Level 5:colcon.colcon_core.verb:set package 'robox' build argument 'cmake_clean_cache' from command line to 'False'
[1.824s] Level 5:colcon.colcon_core.verb:set package 'robox' build argument 'cmake_clean_first' from command line to 'False'
[1.824s] Level 5:colcon.colcon_core.verb:set package 'robox' build argument 'cmake_force_configure' from command line to 'False'
[1.824s] Level 5:colcon.colcon_core.verb:set package 'robox' build argument 'ament_cmake_args' from command line to 'None'
[1.824s] Level 5:colcon.colcon_core.verb:set package 'robox' build argument 'catkin_cmake_args' from command line to 'None'
[1.825s] Level 5:colcon.colcon_core.verb:set package 'robox' build argument 'catkin_skip_building_tests' from command line to 'False'
[1.825s] DEBUG:colcon.colcon_core.verb:Building package 'robox' with the following arguments: {'ament_cmake_args': None, 'build_base': '/home/sfw/project/ros2_ws/build/robox', 'catkin_cmake_args': None, 'catkin_skip_building_tests': False, 'cmake_args': None, 'cmake_clean_cache': False, 'cmake_clean_first': False, 'cmake_force_configure': False, 'cmake_target': None, 'cmake_target_skip_unavailable': False, 'install_base': '/home/sfw/project/ros2_ws/install/robox', 'merge_install': False, 'path': '/home/sfw/project/ros2_ws/src/robox', 'symlink_install': True, 'test_result_base': None}
[1.826s] INFO:colcon.colcon_core.executor:Executing jobs using 'parallel' executor
[1.829s] DEBUG:colcon.colcon_parallel_executor.executor.parallel:run_until_complete
[1.831s] INFO:colcon.colcon_ros.task.ament_python.build:Building ROS package in '/home/sfw/project/ros2_ws/src/robox' with build type 'ament_python'
[1.831s] Level 1:colcon.colcon_core.shell:create_environment_hook('robox', 'ament_prefix_path')
[1.861s] INFO:colcon.colcon_core.plugin_system:Skipping extension 'colcon_core.shell.bat': Not used on non-Windows systems
[1.863s] INFO:colcon.colcon_core.shell:Creating environment hook '/home/sfw/project/ros2_ws/install/robox/share/robox/hook/ament_prefix_path.ps1'
[1.868s] INFO:colcon.colcon_core.shell:Creating environment descriptor '/home/sfw/project/ros2_ws/install/robox/share/robox/hook/ament_prefix_path.dsv'
[1.872s] INFO:colcon.colcon_core.shell:Creating environment hook '/home/sfw/project/ros2_ws/install/robox/share/robox/hook/ament_prefix_path.sh'
[1.878s] INFO:colcon.colcon_core.shell:Skip shell extension 'powershell' for command environment: Not usable outside of PowerShell
[1.879s] DEBUG:colcon.colcon_core.shell:Skip shell extension 'dsv' for command environment
[3.239s] INFO:colcon.colcon_core.task.python.build:Building Python package in '/home/sfw/project/ros2_ws/src/robox'
[3.241s] INFO:colcon.colcon_core.shell:Skip shell extension 'powershell' for command environment: Not usable outside of PowerShell
[3.243s] DEBUG:colcon.colcon_core.shell:Skip shell extension 'dsv' for command environment
[5.193s] DEBUG:colcon.colcon_core.event_handler.log_command:Invoking command in '/home/sfw/project/ros2_ws/build/robox': PYTHONPATH=/home/sfw/project/ros2_ws/build/robox/prefix_override:/home/sfw/project/ros2_ws/install/robox/lib/python3.10/site-packages:${PYTHONPATH} /usr/bin/python3 -W ignore:setup.py install is deprecated setup.py develop --editable --build-directory /home/sfw/project/ros2_ws/build/robox/build --no-deps symlink_data
[7.600s] Level 1:colcon.colcon_core.shell:create_environment_hook('robox', 'pythonpath_develop')
[7.601s] INFO:colcon.colcon_core.shell:Creating environment hook '/home/sfw/project/ros2_ws/build/robox/share/robox/hook/pythonpath_develop.ps1'
[7.603s] DEBUG:colcon.colcon_core.event_handler.log_command:Invoked command in '/home/sfw/project/ros2_ws/build/robox' returned '0': PYTHONPATH=/home/sfw/project/ros2_ws/build/robox/prefix_override:/home/sfw/project/ros2_ws/install/robox/lib/python3.10/site-packages:${PYTHONPATH} /usr/bin/python3 -W ignore:setup.py install is deprecated setup.py develop --editable --build-directory /home/sfw/project/ros2_ws/build/robox/build --no-deps symlink_data
[7.604s] INFO:colcon.colcon_core.shell:Creating environment descriptor '/home/sfw/project/ros2_ws/build/robox/share/robox/hook/pythonpath_develop.dsv'
[7.606s] INFO:colcon.colcon_core.shell:Creating environment hook '/home/sfw/project/ros2_ws/build/robox/share/robox/hook/pythonpath_develop.sh'
[7.643s] Level 1:colcon.colcon_core.environment:checking '/home/sfw/project/ros2_ws/install/robox' for CMake module files
[7.646s] Level 1:colcon.colcon_core.environment:checking '/home/sfw/project/ros2_ws/install/robox' for CMake config files
[7.650s] Level 1:colcon.colcon_core.environment:checking '/home/sfw/project/ros2_ws/install/robox/lib'
[7.651s] Level 1:colcon.colcon_core.environment:checking '/home/sfw/project/ros2_ws/install/robox/bin'
[7.652s] Level 1:colcon.colcon_core.environment:checking '/home/sfw/project/ros2_ws/install/robox/lib/pkgconfig/robox.pc'
[7.653s] Level 1:colcon.colcon_core.environment:checking '/home/sfw/project/ros2_ws/install/robox/lib/python3.10/site-packages'
[7.654s] Level 1:colcon.colcon_core.shell:create_environment_hook('robox', 'pythonpath')
[7.655s] INFO:colcon.colcon_core.shell:Creating environment hook '/home/sfw/project/ros2_ws/install/robox/share/robox/hook/pythonpath.ps1'
[7.658s] INFO:colcon.colcon_core.shell:Creating environment descriptor '/home/sfw/project/ros2_ws/install/robox/share/robox/hook/pythonpath.dsv'
[7.661s] INFO:colcon.colcon_core.shell:Creating environment hook '/home/sfw/project/ros2_ws/install/robox/share/robox/hook/pythonpath.sh'
[7.665s] Level 1:colcon.colcon_core.environment:checking '/home/sfw/project/ros2_ws/install/robox/bin'
[7.666s] Level 1:colcon.colcon_core.environment:create_environment_scripts_only(robox)
[7.668s] INFO:colcon.colcon_core.shell:Creating package script '/home/sfw/project/ros2_ws/install/robox/share/robox/package.ps1'
[7.674s] INFO:colcon.colcon_core.shell:Creating package descriptor '/home/sfw/project/ros2_ws/install/robox/share/robox/package.dsv'
[7.679s] INFO:colcon.colcon_core.shell:Creating package script '/home/sfw/project/ros2_ws/install/robox/share/robox/package.sh'
[7.684s] INFO:colcon.colcon_core.shell:Creating package script '/home/sfw/project/ros2_ws/install/robox/share/robox/package.bash'
[7.690s] INFO:colcon.colcon_core.shell:Creating package script '/home/sfw/project/ros2_ws/install/robox/share/robox/package.zsh'
[7.696s] Level 1:colcon.colcon_core.environment:create_file_with_runtime_dependencies(/home/sfw/project/ros2_ws/install/robox/share/colcon-core/packages/robox)
[7.698s] DEBUG:colcon.colcon_parallel_executor.executor.parallel:closing loop
[7.699s] DEBUG:colcon.colcon_parallel_executor.executor.parallel:loop closed
[7.700s] DEBUG:colcon.colcon_parallel_executor.executor.parallel:run_until_complete finished with '0'
[7.700s] DEBUG:colcon.colcon_core.event_reactor:joining thread
[7.735s] INFO:colcon.colcon_core.plugin_system:Skipping extension 'colcon_notification.desktop_notification.terminal_notifier': Not used on non-Darwin systems
[7.735s] INFO:colcon.colcon_core.plugin_system:Skipping extension 'colcon_notification.desktop_notification.win32': Not used on non-Windows systems
[7.736s] INFO:colcon.colcon_notification.desktop_notification:Sending desktop notification using 'notify2'
[7.823s] DEBUG:colcon.colcon_core.event_reactor:joined thread
[7.825s] INFO:colcon.colcon_core.shell:Creating prefix script '/home/sfw/project/ros2_ws/install/local_setup.ps1'
[7.831s] INFO:colcon.colcon_core.shell:Creating prefix util module '/home/sfw/project/ros2_ws/install/_local_setup_util_ps1.py'
[7.841s] INFO:colcon.colcon_core.shell:Creating prefix chain script '/home/sfw/project/ros2_ws/install/setup.ps1'
[7.849s] INFO:colcon.colcon_core.shell:Creating prefix script '/home/sfw/project/ros2_ws/install/local_setup.sh'
[7.854s] INFO:colcon.colcon_core.shell:Creating prefix util module '/home/sfw/project/ros2_ws/install/_local_setup_util_sh.py'
[7.858s] INFO:colcon.colcon_core.shell:Creating prefix chain script '/home/sfw/project/ros2_ws/install/setup.sh'
[7.868s] INFO:colcon.colcon_core.shell:Creating prefix script '/home/sfw/project/ros2_ws/install/local_setup.bash'
[7.874s] INFO:colcon.colcon_core.shell:Creating prefix chain script '/home/sfw/project/ros2_ws/install/setup.bash'
[7.880s] INFO:colcon.colcon_core.shell:Creating prefix script '/home/sfw/project/ros2_ws/install/local_setup.zsh'
[7.886s] INFO:colcon.colcon_core.shell:Creating prefix chain script '/home/sfw/project/ros2_ws/install/setup.zsh'
