[3.148s] Invoking command in '/home/sfw/project/robox_ws/build/robox': PYTHONPATH=/home/sfw/project/robox_ws/build/robox/prefix_override:/home/sfw/project/robox_ws/install/robox/lib/python3.10/site-packages:${PYTHONPATH} /usr/bin/python3 -W ignore:setup.py install is deprecated setup.py develop --uninstall --editable --build-directory /home/sfw/project/robox_ws/build/robox/build
[4.539s] running develop
[4.542s] /usr/lib/python3/dist-packages/setuptools/command/easy_install.py:158: EasyInstallDeprecationWarning: easy_install command is deprecated. Use build and pip and other standards-based tools.
[4.543s]   warnings.warn(
[5.435s] Removing /home/sfw/project/robox_ws/install/robox/lib/python3.10/site-packages/robox.egg-link (link to .)
[5.571s] Invoked command in '/home/sfw/project/robox_ws/build/robox' returned '0': PYTHONPATH=/home/sfw/project/robox_ws/build/robox/prefix_override:/home/sfw/project/robox_ws/install/robox/lib/python3.10/site-packages:${PYTHONPATH} /usr/bin/python3 -W ignore:setup.py install is deprecated setup.py develop --uninstall --editable --build-directory /home/sfw/project/robox_ws/build/robox/build
[5.581s] Invoking command in '/home/sfw/project/robox_ws/src/robox': PYTHONPATH=/home/sfw/project/robox_ws/build/robox/prefix_override:/home/sfw/project/robox_ws/install/robox/lib/python3.10/site-packages:${PYTHONPATH} /usr/bin/python3 -W ignore:setup.py install is deprecated setup.py egg_info --egg-base ../../build/robox build --build-base /home/sfw/project/robox_ws/build/robox/build install --record /home/sfw/project/robox_ws/build/robox/install.log --single-version-externally-managed install_data --force
[6.727s] running egg_info
[6.729s] writing ../../build/robox/robox.egg-info/PKG-INFO
[6.731s] writing dependency_links to ../../build/robox/robox.egg-info/dependency_links.txt
[6.734s] writing entry points to ../../build/robox/robox.egg-info/entry_points.txt
[6.734s] writing requirements to ../../build/robox/robox.egg-info/requires.txt
[6.735s] writing top-level names to ../../build/robox/robox.egg-info/top_level.txt
[6.747s] reading manifest file '../../build/robox/robox.egg-info/SOURCES.txt'
[6.752s] writing manifest file '../../build/robox/robox.egg-info/SOURCES.txt'
[6.752s] running build
[6.753s] running build_py
[6.755s] running install
[6.757s] running install_lib
[6.760s] creating /home/sfw/project/robox_ws/install/robox/lib/python3.10/site-packages/robox
[6.762s] copying /home/sfw/project/robox_ws/build/robox/build/lib/robox/key_input_node.py -> /home/sfw/project/robox_ws/install/robox/lib/python3.10/site-packages/robox
[6.762s] copying /home/sfw/project/robox_ws/build/robox/build/lib/robox/lidar_node.py -> /home/sfw/project/robox_ws/install/robox/lib/python3.10/site-packages/robox
[6.765s] copying /home/sfw/project/robox_ws/build/robox/build/lib/robox/drive_node.py -> /home/sfw/project/robox_ws/install/robox/lib/python3.10/site-packages/robox
[6.767s] copying /home/sfw/project/robox_ws/build/robox/build/lib/robox/dynamic_transform.py -> /home/sfw/project/robox_ws/install/robox/lib/python3.10/site-packages/robox
[6.768s] copying /home/sfw/project/robox_ws/build/robox/build/lib/robox/encoder_node.py -> /home/sfw/project/robox_ws/install/robox/lib/python3.10/site-packages/robox
[6.768s] copying /home/sfw/project/robox_ws/build/robox/build/lib/robox/__init__.py -> /home/sfw/project/robox_ws/install/robox/lib/python3.10/site-packages/robox
[6.769s] byte-compiling /home/sfw/project/robox_ws/install/robox/lib/python3.10/site-packages/robox/key_input_node.py to key_input_node.cpython-310.pyc
[6.770s] byte-compiling /home/sfw/project/robox_ws/install/robox/lib/python3.10/site-packages/robox/lidar_node.py to lidar_node.cpython-310.pyc
[6.774s] byte-compiling /home/sfw/project/robox_ws/install/robox/lib/python3.10/site-packages/robox/drive_node.py to drive_node.cpython-310.pyc
[6.777s] byte-compiling /home/sfw/project/robox_ws/install/robox/lib/python3.10/site-packages/robox/dynamic_transform.py to dynamic_transform.cpython-310.pyc
[6.780s] byte-compiling /home/sfw/project/robox_ws/install/robox/lib/python3.10/site-packages/robox/encoder_node.py to encoder_node.cpython-310.pyc
[6.783s] byte-compiling /home/sfw/project/robox_ws/install/robox/lib/python3.10/site-packages/robox/__init__.py to __init__.cpython-310.pyc
[6.784s] running install_data
[6.786s] copying resource/robox -> /home/sfw/project/robox_ws/install/robox/share/ament_index/resource_index/packages
[6.787s] copying package.xml -> /home/sfw/project/robox_ws/install/robox/share/robox
[6.788s] copying config/mapper_params_online_async.yaml -> /home/sfw/project/robox_ws/install/robox/share/robox/config
[6.789s] copying config/joystick.yaml -> /home/sfw/project/robox_ws/install/robox/share/robox/config
[6.789s] running install_egg_info
[6.796s] Copying ../../build/robox/robox.egg-info to /home/sfw/project/robox_ws/install/robox/lib/python3.10/site-packages/robox-0.0.0-py3.10.egg-info
[6.801s] running install_scripts
[6.882s] Installing drive_node script to /home/sfw/project/robox_ws/install/robox/lib/robox
[6.883s] Installing encoder_node script to /home/sfw/project/robox_ws/install/robox/lib/robox
[6.885s] Installing key_input_node script to /home/sfw/project/robox_ws/install/robox/lib/robox
[6.886s] Installing lidar_node script to /home/sfw/project/robox_ws/install/robox/lib/robox
[6.886s] writing list of installed files to '/home/sfw/project/robox_ws/build/robox/install.log'
[7.017s] Invoked command in '/home/sfw/project/robox_ws/src/robox' returned '0': PYTHONPATH=/home/sfw/project/robox_ws/build/robox/prefix_override:/home/sfw/project/robox_ws/install/robox/lib/python3.10/site-packages:${PYTHONPATH} /usr/bin/python3 -W ignore:setup.py install is deprecated setup.py egg_info --egg-base ../../build/robox build --build-base /home/sfw/project/robox_ws/build/robox/build install --record /home/sfw/project/robox_ws/build/robox/install.log --single-version-externally-managed install_data --force
