[0.051s] Invoking command in '/home/sfw/project/control_ws/build/ros2_control_demo_example_2': CMAKE_PREFIX_PATH=${CMAKE_PREFIX_PATH}:/home/sfw/project/robox_ws/install/robox:/opt/ros/humble /usr/bin/cmake /home/sfw/project/control_ws/src/ros2_control_demo_example_2 -DAMENT_CMAKE_SYMLINK_INSTALL=1 -DCMAKE_INSTALL_PREFIX=/home/sfw/project/control_ws/install/ros2_control_demo_example_2
[0.379s] -- The CXX compiler identification is GNU 11.4.0
[0.413s] -- Detecting CXX compiler ABI info
[0.807s] -- Detecting CXX compiler ABI info - done
[0.836s] -- Check for working CXX compiler: /usr/bin/c++ - skipped
[0.837s] -- Detecting CXX compile features
[0.838s] -- Detecting CXX compile features - done
[0.869s] -- Found ament_cmake: 1.3.8 (/opt/ros/humble/share/ament_cmake/cmake)
[1.675s] -- Found Python3: /usr/bin/python3 (found version "3.10.12") found components: Interpreter 
[1.979s] -- Override CMake install command with custom implementation using symlinks instead of copying resources
[2.365s] -- Found hardware_interface: 2.40.0 (/opt/ros/humble/share/hardware_interface/cmake)
[2.858s] -- Found rosidl_generator_c: 3.1.5 (/opt/ros/humble/share/rosidl_generator_c/cmake)
[2.916s] -- Found rosidl_adapter: 3.1.5 (/opt/ros/humble/share/rosidl_adapter/cmake)
[2.992s] -- Found rosidl_generator_cpp: 3.1.5 (/opt/ros/humble/share/rosidl_generator_cpp/cmake)
[3.088s] -- Using all available rosidl_typesupport_c: rosidl_typesupport_fastrtps_c;rosidl_typesupport_introspection_c
[3.230s] -- Using all available rosidl_typesupport_cpp: rosidl_typesupport_fastrtps_cpp;rosidl_typesupport_introspection_cpp
[6.528s] -- Found rmw_implementation_cmake: 6.1.1 (/opt/ros/humble/share/rmw_implementation_cmake/cmake)
[6.558s] -- Found rmw_cyclonedds_cpp: 1.3.4 (/opt/ros/humble/share/rmw_cyclonedds_cpp/cmake)
[6.740s] -- Using RMW implementation 'rmw_cyclonedds_cpp' as default
[6.841s] -- Looking for C++ include pthread.h
[7.340s] -- Looking for C++ include pthread.h - found
[7.341s] -- Performing Test CMAKE_HAVE_LIBC_PTHREAD
[7.885s] -- Performing Test CMAKE_HAVE_LIBC_PTHREAD - Success
[7.892s] -- Found Threads: TRUE  
[9.324s] -- Found ament_cmake_pytest: 1.3.8 (/opt/ros/humble/share/ament_cmake_pytest/cmake)
[13.113s] -- Configuring done
[13.278s] -- Generating done
[13.286s] -- Build files have been written to: /home/sfw/project/control_ws/build/ros2_control_demo_example_2
[13.326s] Invoked command in '/home/sfw/project/control_ws/build/ros2_control_demo_example_2' returned '0': CMAKE_PREFIX_PATH=${CMAKE_PREFIX_PATH}:/home/sfw/project/robox_ws/install/robox:/opt/ros/humble /usr/bin/cmake /home/sfw/project/control_ws/src/ros2_control_demo_example_2 -DAMENT_CMAKE_SYMLINK_INSTALL=1 -DCMAKE_INSTALL_PREFIX=/home/sfw/project/control_ws/install/ros2_control_demo_example_2
[13.340s] Invoking command in '/home/sfw/project/control_ws/build/ros2_control_demo_example_2': CMAKE_PREFIX_PATH=${CMAKE_PREFIX_PATH}:/home/sfw/project/robox_ws/install/robox:/opt/ros/humble /usr/bin/cmake --build /home/sfw/project/control_ws/build/ros2_control_demo_example_2 -- -j4 -l4
[13.598s] [ 50%] [32mBuilding CXX object CMakeFiles/ros2_control_demo_example_2.dir/hardware/diffbot_system.cpp.o[0m
[28.926s] [100%] [32m[1mLinking CXX shared library libros2_control_demo_example_2.so[0m
[29.929s] [100%] Built target ros2_control_demo_example_2
[29.969s] Invoked command in '/home/sfw/project/control_ws/build/ros2_control_demo_example_2' returned '0': CMAKE_PREFIX_PATH=${CMAKE_PREFIX_PATH}:/home/sfw/project/robox_ws/install/robox:/opt/ros/humble /usr/bin/cmake --build /home/sfw/project/control_ws/build/ros2_control_demo_example_2 -- -j4 -l4
[30.158s] Invoking command in '/home/sfw/project/control_ws/build/ros2_control_demo_example_2': CMAKE_PREFIX_PATH=${CMAKE_PREFIX_PATH}:/home/sfw/project/robox_ws/install/robox:/opt/ros/humble /usr/bin/cmake --install /home/sfw/project/control_ws/build/ros2_control_demo_example_2
[30.187s] -- Install configuration: ""
[30.189s] -- Execute custom install script
[30.190s] -- Symlinking: /home/sfw/project/control_ws/install/ros2_control_demo_example_2/share/ros2_control_demo_example_2//ros2_control_demo_example_2.xml
[30.225s] -- Symlinking: /home/sfw/project/control_ws/install/ros2_control_demo_example_2/include/ros2_control_demo_example_2/ros2_control_demo_example_2/diffbot_system.hpp
[30.258s] -- Symlinking: /home/sfw/project/control_ws/install/ros2_control_demo_example_2/include/ros2_control_demo_example_2/ros2_control_demo_example_2/visibility_control.h
[30.293s] -- Symlinking: /home/sfw/project/control_ws/install/ros2_control_demo_example_2/share/ros2_control_demo_example_2/launch/view_robot.launch.py
[30.327s] -- Symlinking: /home/sfw/project/control_ws/install/ros2_control_demo_example_2/share/ros2_control_demo_example_2/ros2_control/diffbot.ros2_control.xacro
[30.362s] -- Symlinking: /home/sfw/project/control_ws/install/ros2_control_demo_example_2/share/ros2_control_demo_example_2/urdf/diffbot.urdf.xacro
[30.397s] -- Symlinking: /home/sfw/project/control_ws/install/ros2_control_demo_example_2/share/ros2_control_demo_example_2/launch/diffbot.launch.py
[30.432s] -- Symlinking: /home/sfw/project/control_ws/install/ros2_control_demo_example_2/share/ros2_control_demo_example_2/config/diffbot_controllers.yaml
[30.466s] -- Symlinking: /home/sfw/project/control_ws/install/ros2_control_demo_example_2/share/ros2_control_demo_example_2/environment/library_path.sh
[30.499s] -- Symlinking: /home/sfw/project/control_ws/install/ros2_control_demo_example_2/share/ros2_control_demo_example_2/environment/library_path.dsv
[30.534s] -- Symlinking: /home/sfw/project/control_ws/install/ros2_control_demo_example_2/share/ament_index/resource_index/package_run_dependencies/ros2_control_demo_example_2
[30.569s] -- Symlinking: /home/sfw/project/control_ws/install/ros2_control_demo_example_2/share/ament_index/resource_index/parent_prefix_path/ros2_control_demo_example_2
[30.607s] -- Symlinking: /home/sfw/project/control_ws/install/ros2_control_demo_example_2/share/ros2_control_demo_example_2/environment/ament_prefix_path.sh
[30.640s] -- Symlinking: /home/sfw/project/control_ws/install/ros2_control_demo_example_2/share/ros2_control_demo_example_2/environment/ament_prefix_path.dsv
[30.676s] -- Symlinking: /home/sfw/project/control_ws/install/ros2_control_demo_example_2/share/ros2_control_demo_example_2/environment/path.sh
[30.714s] -- Symlinking: /home/sfw/project/control_ws/install/ros2_control_demo_example_2/share/ros2_control_demo_example_2/environment/path.dsv
[30.747s] -- Symlinking: /home/sfw/project/control_ws/install/ros2_control_demo_example_2/share/ros2_control_demo_example_2/local_setup.bash
[30.779s] -- Symlinking: /home/sfw/project/control_ws/install/ros2_control_demo_example_2/share/ros2_control_demo_example_2/local_setup.sh
[30.812s] -- Symlinking: /home/sfw/project/control_ws/install/ros2_control_demo_example_2/share/ros2_control_demo_example_2/local_setup.zsh
[30.848s] -- Symlinking: /home/sfw/project/control_ws/install/ros2_control_demo_example_2/share/ros2_control_demo_example_2/local_setup.dsv
[30.881s] -- Symlinking: /home/sfw/project/control_ws/install/ros2_control_demo_example_2/share/ros2_control_demo_example_2/package.dsv
[30.919s] -- Symlinking: /home/sfw/project/control_ws/install/ros2_control_demo_example_2/share/ament_index/resource_index/packages/ros2_control_demo_example_2
[30.955s] -- Symlinking: /home/sfw/project/control_ws/install/ros2_control_demo_example_2/share/ament_index/resource_index/hardware_interface__pluginlib__plugin/ros2_control_demo_example_2
[30.987s] -- Symlinking: /home/sfw/project/control_ws/install/ros2_control_demo_example_2/share/ros2_control_demo_example_2/cmake/ament_cmake_export_targets-extras.cmake
[31.026s] -- Symlinking: /home/sfw/project/control_ws/install/ros2_control_demo_example_2/share/ros2_control_demo_example_2/cmake/ament_cmake_export_dependencies-extras.cmake
[31.060s] -- Symlinking: /home/sfw/project/control_ws/install/ros2_control_demo_example_2/share/ros2_control_demo_example_2/cmake/ros2_control_demo_example_2Config.cmake
[31.091s] -- Symlinking: /home/sfw/project/control_ws/install/ros2_control_demo_example_2/share/ros2_control_demo_example_2/cmake/ros2_control_demo_example_2Config-version.cmake
[31.126s] -- Symlinking: /home/sfw/project/control_ws/install/ros2_control_demo_example_2/share/ros2_control_demo_example_2/package.xml
[31.159s] -- Installing: /home/sfw/project/control_ws/install/ros2_control_demo_example_2/lib/libros2_control_demo_example_2.so
[31.169s] -- Set runtime path of "/home/sfw/project/control_ws/install/ros2_control_demo_example_2/lib/libros2_control_demo_example_2.so" to ""
[31.169s] -- Installing: /home/sfw/project/control_ws/install/ros2_control_demo_example_2/share/ros2_control_demo_example_2/cmake/export_ros2_control_demo_example_2Export.cmake
[31.171s] -- Installing: /home/sfw/project/control_ws/install/ros2_control_demo_example_2/share/ros2_control_demo_example_2/cmake/export_ros2_control_demo_example_2Export-noconfig.cmake
[31.179s] Invoked command in '/home/sfw/project/control_ws/build/ros2_control_demo_example_2' returned '0': CMAKE_PREFIX_PATH=${CMAKE_PREFIX_PATH}:/home/sfw/project/robox_ws/install/robox:/opt/ros/humble /usr/bin/cmake --install /home/sfw/project/control_ws/build/ros2_control_demo_example_2
