[3.184s] Invoking command in '/home/sfw/project/robox_ws/build/robox': PYTHONPATH=/home/sfw/project/robox_ws/build/robox/prefix_override:/home/sfw/project/robox_ws/install/robox/lib/python3.10/site-packages:${PYTHONPATH} /usr/bin/python3 -W ignore:setup.py install is deprecated setup.py develop --editable --build-directory /home/sfw/project/robox_ws/build/robox/build --no-deps symlink_data
[4.494s] running develop
[4.495s] /usr/lib/python3/dist-packages/setuptools/command/easy_install.py:158: EasyInstallDeprecationWarning: easy_install command is deprecated. Use build and pip and other standards-based tools.
[4.496s]   warnings.warn(
[5.542s] running egg_info
[5.543s] writing robox.egg-info/PKG-INFO
[5.544s] writing dependency_links to robox.egg-info/dependency_links.txt
[5.545s] writing entry points to robox.egg-info/entry_points.txt
[5.546s] writing requirements to robox.egg-info/requires.txt
[5.546s] writing top-level names to robox.egg-info/top_level.txt
[5.564s] reading manifest file 'robox.egg-info/SOURCES.txt'
[5.567s] writing manifest file 'robox.egg-info/SOURCES.txt'
[5.573s] running build_ext
[5.574s] Creating /home/sfw/project/robox_ws/install/robox/lib/python3.10/site-packages/robox.egg-link (link to .)
[5.578s] Installing drive_node script to /home/sfw/project/robox_ws/install/robox/lib/robox
[5.578s] Installing dynamic_transform script to /home/sfw/project/robox_ws/install/robox/lib/robox
[5.579s] Installing encoder_node script to /home/sfw/project/robox_ws/install/robox/lib/robox
[5.580s] Installing key_input_node script to /home/sfw/project/robox_ws/install/robox/lib/robox
[5.581s] Installing lidar_node script to /home/sfw/project/robox_ws/install/robox/lib/robox
[5.582s] 
[5.583s] Installed /home/sfw/project/robox_ws/build/robox
[5.583s] running symlink_data
[5.731s] Invoked command in '/home/sfw/project/robox_ws/build/robox' returned '0': PYTHONPATH=/home/sfw/project/robox_ws/build/robox/prefix_override:/home/sfw/project/robox_ws/install/robox/lib/python3.10/site-packages:${PYTHONPATH} /usr/bin/python3 -W ignore:setup.py install is deprecated setup.py develop --editable --build-directory /home/sfw/project/robox_ws/build/robox/build --no-deps symlink_data
